144	1.2	0
-3.141593	1.869911	2.701025
2.380392	2.500101	-0.120466
rec.job180001.bl.pdb	140.284	87.038	-22.857
lig.job180001.bl.pdb	130.119	58.173	94.183
2.879793	1.195355	1.200319	0	19	21	2605.142
2.879793	1.488617	1.159546	143	21	18	2123.815
2.879793	1.335669	0.897240	139	21	19	1658.080
2.879793	1.184361	0.625864	140	21	19	1602.831
2.879793	1.014500	0.906702	1	17	24	1598.532
-2.094395	0.992645	-1.723759	137	25	0	1587.014
2.094395	1.824694	1.850876	16	29	8	1517.581
2.617994	1.413347	-1.339188	18	15	10	1509.817
2.617994	1.195355	1.200319	2	21	20	1487.476
-2.094395	0.899350	-2.069907	140	25	5	1472.624
2.617994	1.310100	1.488307	3	20	21	1468.086
2.617994	1.184361	0.625864	0	22	19	1435.977
2.356194	0.700570	1.559208	5	12	27	1435.270
2.617994	1.504028	0.636812	140	24	14	1434.093
2.617994	1.325504	-1.671296	16	16	12	1432.341
2.617994	1.488617	1.159546	1	22	19	1406.095
2.879793	2.579248	-2.364801	139	12	140	1399.947
2.879793	2.881233	-2.582574	138	7	139	1399.005
-2.094395	1.214854	-1.966664	139	25	2	1390.822
2.617994	0.674054	1.013609	4	13	25	1388.544
-2.879793	2.719179	-1.780644	129	10	141	1375.792
2.356194	1.256302	0.062705	2	26	17	1371.850
2.617994	0.906588	1.252948	7	14	26	1363.285
2.617994	1.025536	1.576859	10	16	21	1359.246
-1.047198	2.299159	2.264663	138	7	20	1354.320
2.617994	1.809167	1.213774	2	24	16	1353.426
1.308997	2.664082	-1.071402	136	6	20	1312.990
2.356194	0.674054	1.013609	6	14	25	1308.006
2.617994	1.977582	0.969896	0	26	12	1301.965
-3.141593	1.184361	0.625864	136	20	19	1291.411
-3.141593	2.881233	-2.582574	135	9	140	1289.056
2.617994	1.662363	0.915448	0	24	16	1288.645
2.617994	1.812176	0.656819	141	25	10	1288.450
2.617994	1.256302	0.062705	142	26	17	1284.229
-2.356194	2.719179	-1.780644	135	9	139	1282.658
2.617994	1.214854	-1.966664	12	15	19	1281.670
2.617994	1.696674	-1.253233	19	15	9	1273.355
2.879793	1.325504	-1.671296	12	19	12	1250.574
0.785398	1.113094	-0.272241	4	139	20	1250.205
2.879793	1.809167	1.213774	136	24	13	1245.103
-2.356194	1.214854	-1.966664	128	23	0	1243.606
-2.094395	2.455966	-0.641220	116	11	3	1238.860
-1.570796	2.724429	-0.348782	117	5	1	1225.556
2.617994	0.615174	-0.666022	16	18	19	1223.206
1.308997	2.984978	1.954446	140	4	139	1221.774
-3.141593	2.396274	-1.959260	136	16	1	1219.192
-2.617994	2.456751	-1.503343	127	13	142	1215.775
-1.832596	1.242974	-2.977882	138	26	7	1212.489
-2.879793	1.450119	-2.739050	14	24	14	1211.500
1.308997	0.618092	2.539118	16	143	24	1210.788
2.094395	0.203748	0.590255	143	12	31	1208.052
-1.047198	2.356369	3.005869	123	138	1	1206.446
-1.832596	2.164094	-2.991358	139	137	122	1198.730
2.094395	0.899350	-2.069907	14	5	26	1187.304
2.094395	0.700570	1.559208	6	12	27	1181.071
2.879793	1.504028	0.636812	136	23	14	1179.966
2.356194	0.418037	1.360082	3	11	27	1179.170
-2.617994	2.153910	-1.714959	130	15	139	1176.452
-0.261799	1.741644	-2.695914	124	133	9	1176.171
2.879793	1.812176	0.656819	136	23	9	1174.218
0.523599	0.866955	-0.931351	139	7	12	1171.141
-0.523599	1.184361	0.625864	2	17	132	1169.615
-3.141593	1.335669	0.897240	138	20	18	1169.581
2.879793	1.045978	0.343692	139	21	24	1169.283
1.570796	0.700570	1.559208	11	14	27	1168.597
-2.356194	2.664082	-1.071402	120	11	2	1163.270
-3.141593	0.906588	1.252948	1	18	19	1163.092
2.617994	2.115563	0.685730	141	26	7	1160.979
1.832596	0.591903	2.010408	124	0	1	1159.011
2.094395	0.418037	1.360082	5	10	27	1158.083
-0.785398	1.977582	0.969896	8	19	131	1156.092
-2.094395	2.664082	-1.071402	124	6	142	1156.003
-3.141593	1.488617	1.159546	135	22	15	1154.411
2.356194	0.619654	-2.216909	10	5	28	1150.716
2.879793	0.906588	1.252948	1	17	24	1148.914
1.308997	1.982574	-1.115518	143	3	18	1145.276
-1.832596	1.391910	3.030322	137	25	8	1142.379
2.356194	0.831641	0.616218	2	21	22	1139.950
-2.356194	1.448123	-2.163292	138	24	0	1139.038
-0.785398	1.599406	1.426070	142	122	130	1137.979
2.879793	1.662363	0.915448	140	24	14	1136.995
2.617994	0.700570	1.559208	10	13	24	1134.593
-2.094395	0.619654	-2.216909	2	28	8	1133.919
2.879793	0.674054	1.013609	2	14	25	1133.800
1.308997	0.914445	2.687814	24	138	20	1130.544
1.570796	2.379497	0.561089	14	131	0	1130.393
2.356194	0.899350	-2.069907	14	8	26	1130.009
2.356194	1.504028	0.636812	0	26	12	1130.002
-2.094395	1.335669	0.897240	131	15	139	1128.631
2.094395	0.992645	-1.723759	135	122	138	1125.204
-3.141593	2.115563	0.685730	9	1	9	1124.610
-2.879793	1.662363	0.915448	132	20	10	1124.203
0.261799	0.674054	1.013609	29	9	19	1122.945
-0.261799	2.187132	-0.479875	133	31	139	1121.682
-0.523599	0.290380	-0.796960	11	11	18	1120.260
2.094395	1.256302	0.062705	6	26	17	1120.102
-1.832596	0.618092	2.539118	10	5	123	1118.346
-0.785398	0.297065	2.160177	22	14	24	1117.960
-0.261799	0.418037	1.360082	121	143	10	1117.474
2.617994	1.599406	1.426070	7	23	19	1116.197
-3.141593	1.662363	0.915448	134	23	11	1115.847
-3.141593	1.135834	-1.431087	10	21	17	1114.622
2.356194	1.662363	0.915448	4	25	15	1114.545
2.094395	0.685216	-1.712745	19	5	21	1113.245
2.617994	1.335669	0.897240	142	22	19	1111.432
2.879793	0.709924	0.218797	141	19	26	1111.000
-0.523599	1.310100	1.488307	123	9	14	1109.982
-3.141593	1.045978	0.343692	136	20	23	1108.728
-0.523599	1.977582	0.969896	26	133	11	1107.459
2.356194	1.554776	0.100351	5	28	14	1106.435
-1.047198	2.478122	2.609777	135	9	22	1104.867
-3.141593	0.496451	0.593859	5	10	27	1104.839
-2.879793	2.379497	0.561089	11	0	11	1102.412
-2.879793	1.977582	0.969896	126	17	5	1101.721
1.047198	2.760637	2.781135	143	12	138	1099.753
2.356194	0.685216	-1.712745	21	9	20	1099.682
-1.308997	2.984978	1.954446	130	124	128	1099.665
1.832596	1.721184	-0.153948	4	23	0	1096.314
-0.261799	1.184361	0.625864	127	132	19	1095.887
-1.832596	1.569311	-3.003978	136	27	3	1094.485
1.570796	1.812176	0.656819	13	24	13	1094.258
-2.094395	1.242974	-2.977882	142	28	6	1092.689
2.094395	0.591903	2.010408	13	8	25	1092.486
1.570796	0.297065	2.160177	3	6	29	1091.001
1.570796	0.685216	-1.712745	11	0	26	1090.191
1.832596	2.587733	0.232235	135	25	3	1089.971
2.356194	0.906588	1.252948	9	14	26	1088.033
1.570796	0.709924	0.218797	138	134	20	1085.253
0.523599	1.135834	-1.431087	9	10	8	1083.712
-0.523599	1.506530	1.988858	121	7	1	1083.061
2.356194	1.812176	0.656819	0	26	10	1082.033
-2.879793	1.184361	0.625864	135	19	21	1081.179
1.832596	0.700570	1.559208	10	11	27	1080.266
-2.617994	2.115563	0.685730	12	143	10	1079.482
1.832596	0.831641	0.616218	11	22	22	1076.115
2.356194	2.588535	-2.976617	139	10	135	1075.538
-0.523599	2.033014	2.977192	130	130	8	1073.973
-1.308997	2.393226	1.857173	3	5	19	1072.966
2.356194	1.025536	1.576859	7	15	25	1071.824
-1.832596	0.762244	-0.273349	129	133	138	1071.765
-2.617994	2.719179	-1.780644	128	6	137	1071.241
-0.785398	1.809167	1.213774	143	123	127	1071.087
-1.308997	2.299159	2.264663	141	8	21	1069.868
-3.141593	1.374601	-2.456031	20	23	13	1069.540
-2.879793	2.001437	0.381215	12	143	10	1069.258
-2.617994	2.592629	0.909713	8	143	16	1069.078
2.356194	2.115563	0.685730	2	26	8	1069.057
-1.832596	0.929350	-2.910676	0	25	14	1068.310
-2.617994	2.001437	0.381215	9	0	13	1067.037
-1.570796	0.685216	-1.712745	1	38	11	1065.256
-1.570796	1.256302	0.062705	132	126	131	1062.425
-2.094395	1.450119	-2.739050	136	25	0	1062.280
-1.570796	1.218453	2.777284	136	22	13	1062.201
-2.094395	2.979456	-1.009304	124	3	138	1061.588
-0.785398	2.041297	-2.664597	129	142	123	1060.345
1.832596	0.685216	-1.712745	12	1	26	1059.057
-2.356194	1.374601	-2.456031	139	26	1	1058.441
2.094395	0.619654	-2.216909	10	4	27	1057.976
0.261799	1.045978	0.343692	130	135	20	1057.400
2.356194	0.850607	-1.335383	23	11	17	1057.004
-1.832596	2.393226	1.857173	117	3	2	1055.900
-0.785398	1.846342	-1.796954	0	113	132	1054.186
1.570796	0.910508	1.903534	12	10	29	1054.185
-2.356194	1.545873	-1.877082	128	21	140	1053.917
-2.094395	1.448123	-2.163292	135	23	143	1053.237
2.879793	1.617114	-1.572037	2	22	16	1052.583
-0.261799	1.836682	-0.676006	137	9	17	1051.973
-1.832596	0.458961	-0.107937	132	129	2	1051.268
1.832596	1.812176	0.656819	13	26	9	1050.397
2.617994	2.881233	-2.582574	132	8	141	1049.125
-0.261799	1.374601	-2.456031	118	134	18	1048.813
-2.879793	1.413347	-1.339188	9	130	139	1048.115
2.356194	1.766067	2.153843	14	26	13	1047.129
-1.832596	1.256302	0.062705	129	130	131	1044.926
-3.141593	1.195355	1.200319	1	21	19	1044.730
-2.879793	0.496451	0.593859	130	139	4	1044.693
1.832596	0.992645	-1.723759	14	2	25	1043.349
-1.047198	2.587733	0.232235	117	4	1	1043.321
2.356194	1.135834	-1.431087	21	13	14	1042.896
2.356194	1.195355	1.200319	12	17	25	1042.892
1.308997	2.251330	-2.330739	123	9	22	1042.146
2.094395	0.674054	1.013609	9	17	25	1039.766
-0.261799	1.736875	3.023612	134	130	12	1039.259
1.832596	0.850607	-1.335383	22	1	19	1039.162
1.832596	2.760637	2.781135	137	6	142	1038.248
2.094395	2.588535	-2.976617	140	11	136	1036.420
-2.094395	2.115563	0.685730	7	4	13	1035.952
-1.832596	0.297065	2.160177	136	115	1	1035.355
2.356194	2.396274	-1.959260	6	20	4	1035.250
1.832596	1.977582	0.969896	10	25	16	1034.286
-0.523599	0.458961	-0.107937	2	16	135	1033.553
-2.094395	0.866395	-2.492918	1	26	11	1032.816
-0.523599	1.998705	2.370472	131	132	4	1032.277
1.832596	0.379747	-1.713059	10	1	27	1032.225
2.879793	1.214854	-1.966664	8	19	17	1032.198
2.356194	1.014500	0.906702	9	19	23	1031.983
-2.094395	0.762244	-0.273349	127	137	138	1030.957
2.879793	0.458961	-0.107937	141	16	29	1029.954
1.047198	1.732874	-0.951685	22	17	16	1029.192
-2.879793	0.203748	0.590255	131	136	7	1025.381
-2.879793	1.374601	-2.456031	18	25	12	1025.208
-0.785398	1.218453	2.777284	128	12	13	1024.255
-0.785398	2.115563	0.685730	6	23	133	1022.976
-0.785398	1.504028	0.636812	7	18	135	1022.248
2.617994	0.290380	-0.796960	4	137	127	1021.403
-3.141593	0.674054	1.013609	3	15	22	1020.821
1.047198	0.290380	-0.796960	139	8	8	1020.351
0.785398	0.615174	-0.666022	140	11	137	1019.878
0.523599	0.290380	-0.796960	5	138	28	1019.615
2.356194	2.592629	0.909713	141	27	5	1018.594
2.356194	1.658653	-2.409879	10	28	3	1017.996
2.356194	2.295480	1.008277	139	26	10	1017.229
0.261799	0.615174	-0.666022	140	16	136	1015.618
2.617994	1.617114	-1.572037	13	16	14	1015.504
-1.047198	0.864993	2.278281	123	15	15	1014.571
-0.785398	2.247462	0.191623	139	139	116	1014.483
1.308997	1.869911	2.701025	10	30	24	1014.076
-2.879793	2.396274	-1.959260	137	12	141	1012.069
-0.785398	2.379497	0.561089	116	3	2	1011.641
1.570796	0.850607	-1.335383	14	140	23	1011.075
2.617994	1.554776	0.100351	0	28	14	1010.531
2.617994	2.295480	1.008277	137	26	7	1010.408
-2.094395	1.736875	3.023612	136	27	143	1008.584
-2.356194	2.343981	-1.040456	117	13	2	1008.498
0.785398	0.203748	0.590255	21	17	24	1007.753
0.261799	0.866955	-0.931351	134	9	16	1007.023
-1.047198	1.113094	-0.272241	137	124	3	1006.705
-1.308997	2.719179	-1.780644	118	4	143	1006.643
-3.141593	2.379497	0.561089	9	0	11	1006.494
0.523599	0.203748	0.590255	27	11	19	1006.334
-0.261799	2.760637	2.781135	139	25	126	1005.996
2.617994	1.683268	0.374177	139	25	8	1005.237
-1.047198	1.168678	2.108595	124	18	11	1004.984
2.617994	1.448123	-2.163292	10	19	15	1004.725
-0.261799	1.574060	2.783565	138	130	14	1004.546
1.832596	1.606104	-0.451151	141	16	135	1003.755
-0.261799	0.899350	-2.069907	140	120	0	1002.799
-1.308997	0.615174	-0.666022	130	129	141	1001.646
2.617994	0.899350	-2.069907	14	10	26	1001.215
2.617994	1.545873	-1.877082	13	19	11	1001.000
0.261799	2.187132	-0.479875	120	140	124	1000.338
0.523599	2.187132	-0.479875	120	133	124	999.871
0.785398	0.866955	-0.931351	10	140	22	999.717
0.523599	1.194549	-0.801900	139	9	13	999.452
-1.570796	2.407836	1.410646	4	5	17	998.688
-2.094395	0.080730	-2.622036	22	20	19	998.257
-2.094395	1.870545	-2.976234	136	140	125	998.165
1.832596	1.135834	-1.431087	23	0	20	997.836
-1.570796	2.404280	-0.174044	114	6	4	997.680
2.356194	1.301460	-0.509251	31	15	136	997.319
-0.785398	2.001437	0.381215	138	136	117	996.668
2.094395	2.592629	0.909713	138	28	10	996.392
-0.785398	1.683268	0.374177	3	22	134	995.807
-0.523599	0.080730	-2.622036	4	5	26	995.372
-1.832596	1.870545	-2.976234	136	137	125	995.235
2.094395	2.041297	-2.664597	15	21	31	995.097
-1.832596	2.979456	-1.009304	128	3	140	994.840
-0.785398	1.812176	0.656819	138	132	120	994.811
-0.523599	2.379497	0.561089	118	142	1	994.798
-1.047198	2.153910	-1.714959	141	117	128	994.756
-2.356194	1.948085	-2.363031	137	22	127	993.239
-1.832596	0.591903	2.010408	131	4	1	993.111
2.094395	1.812176	0.656819	5	27	10	992.847
-2.879793	2.863997	0.549740	7	1	17	992.285
-1.047198	0.960688	-0.577532	137	126	143	992.076
0.523599	1.904882	-1.478089	15	9	4	991.344
-1.308997	0.960688	-0.577532	131	128	136	990.956
-1.570796	1.812176	0.656819	17	12	1	990.931
-0.785398	1.134497	-1.109631	14	20	10	990.360
-1.570796	0.961715	0.014085	133	125	139	990.242
2.356194	2.379497	0.561089	134	24	4	989.930
1.047198	2.984978	1.954446	140	8	137	989.838
1.570796	2.174483	2.653697	0	131	117	988.518
0.785398	0.762244	-0.273349	131	142	27	988.157
-1.308997	1.168678	2.108595	128	24	12	987.378
-1.047198	1.218453	2.777284	130	15	14	985.070
-2.879793	0.674054	1.013609	3	16	20	984.630
2.617994	2.407836	1.410646	1	28	11	984.475
2.094395	1.504028	0.636812	8	27	11	984.216
1.047198	0.618092	2.539118	133	35	13	984.027
2.356194	2.041297	-2.664597	143	1	129	983.735
-3.141593	0.458961	-0.107937	136	17	29	982.486
1.047198	1.545873	-1.877082	142	8	25	982.110
2.879793	0.496451	0.593859	2	13	25	981.174
0.523599	1.736875	3.023612	14	14	128	980.235
0.261799	0.850607	-1.335383	18	124	10	980.110
2.094395	0.850607	-1.335383	140	4	140	980.084
-1.047198	0.297065	2.160177	124	7	34	978.194
-0.785398	0.591903	2.010408	121	15	20	977.370
-1.570796	0.866395	-2.492918	131	23	3	977.317
0.261799	2.104282	-0.813972	117	133	132	976.515
2.094395	0.458961	-0.107937	11	27	7	976.279
2.617994	1.128190	-2.288622	6	15	24	976.221
2.617994	0.418037	1.360082	10	8	26	975.599
-2.879793	1.214854	-1.966664	1	27	11	975.551
2.094395	1.310100	1.488307	12	15	30	975.421
-1.308997	2.724429	-0.348782	119	142	141	975.017
-1.832596	0.866395	-2.492918	140	27	12	974.713
2.356194	1.335669	0.897240	143	24	19	973.930
1.832596	1.184361	0.625864	14	23	20	973.640
0.000000	2.704512	1.488683	6	25	142	973.562
2.617994	1.014500	0.906702	4	21	20	973.474
2.617994	1.413430	2.550734	121	26	17	972.886
-1.570796	1.569311	-3.003978	132	24	3	972.542
1.832596	2.247462	0.191623	29	5	120	972.379
2.356194	0.929350	-2.910676	139	15	29	972.276
-0.785398	2.295480	1.008277	10	21	134	970.627
-3.141593	0.709924	0.218797	143	15	28	970.051
1.832596	0.906588	1.252948	14	14	25	969.554
-0.523599	2.592629	0.909713	8	25	139	969.075
2.356194	0.571433	-1.188419	137	30	26	967.721
0.261799	0.203748	0.590255	28	8	19	967.637
-1.047198	1.998705	2.370472	137	11	18	967.609
-1.832596	2.455966	-0.641220	141	26	130	967.400
-0.523599	2.295480	1.008277	8	23	134	966.371
-0.523599	2.247462	0.191623	138	140	116	965.100
-0.523599	1.741644	-2.695914	127	136	128	964.408
0.785398	0.685216	-1.712745	8	12	8	963.557
2.356194	2.001437	0.381215	0	26	4	963.325
-2.879793	0.850607	-1.335383	2	28	4	961.898
1.047198	0.866955	-0.931351	10	141	21	961.244
-0.261799	1.247695	1.809890	122	2	7	961.037
0.000000	0.674054	1.013609	23	17	8	961.017
-2.356194	2.180315	-1.357379	125	13	141	960.989
0.785398	0.297065	2.160177	6	5	28	960.117
0.000000	2.299159	2.264663	140	9	140	960.078
1.570796	1.948085	-2.363031	122	9	21	960.062
-2.617994	1.846342	-1.796954	122	18	139	959.426
-0.785398	0.571433	-1.188419	134	126	0	959.009
1.308997	1.335669	0.897240	36	135	0	959.004
0.523599	1.574060	2.783565	15	16	126	958.681
1.832596	1.909857	-0.381669	17	27	13	958.414
2.356194	2.881233	-2.582574	138	10	141	958.375
0.000000	0.619654	-2.216909	143	121	5	958.253
2.617994	2.579248	-2.364801	140	14	0	958.115
-1.308997	1.134796	2.434290	130	141	7	957.942
-2.094395	2.295480	1.008277	14	0	13	956.703
-2.356194	1.510910	-0.740472	119	141	12	956.540
2.356194	0.203748	0.590255	141	14	31	954.767
-1.570796	0.080730	-2.622036	19	132	15	953.517
2.617994	0.831641	0.616218	143	20	23	952.898
-2.094395	1.325504	-1.671296	132	20	138	952.535
-0.523599	2.073035	2.027405	0	9	6	952.398
2.094395	1.025536	1.576859	14	10	28	952.210
-2.617994	2.379497	0.561089	11	1	11	951.590
-2.356194	2.041297	-2.664597	135	19	126	950.548
0.523599	1.510910	-0.740472	8	10	6	950.177
1.308997	1.014500	0.906702	1	123	14	949.799
-1.047198	1.574060	2.783565	128	137	143	948.854
2.356194	1.184361	0.625864	5	22	20	948.755
-2.356194	2.456751	-1.503343	131	10	138	948.563
-2.617994	0.080730	-2.622036	127	25	24	948.161
1.047198	1.168678	2.108595	7	37	16	948.023
-2.356194	2.592629	0.909713	11	0	15	947.934
0.261799	1.510910	-0.740472	4	8	11	947.772
2.879793	2.115563	0.685730	8	2	9	947.701
2.617994	1.658653	-2.409879	2	20	25	947.471
-0.785398	1.413430	2.550734	129	11	15	946.791
2.094395	0.419640	2.974122	17	21	6	946.618
-2.356194	0.910508	1.903534	132	12	7	946.609
-2.094395	2.592629	0.909713	12	5	11	946.443
2.356194	1.488617	1.159546	5	23	19	946.437
-0.523599	1.367556	0.358405	0	20	132	945.713
-0.523599	2.104282	-0.813972	133	33	143	945.349
2.617994	1.113094	-0.272241	138	28	17	944.997
-0.785398	1.247695	1.809890	115	138	15	944.728
-2.094395	1.128190	-2.288622	141	27	8	944.343
-3.141593	2.637879	2.121598	142	30	17	943.705
1.047198	2.180315	-1.357379	18	21	2	942.312
1.570796	0.831641	0.616218	141	29	139	941.574
1.047198	1.488617	1.159546	35	24	142	941.399
2.356194	0.496451	0.593859	1	17	27	941.270
2.094395	0.910508	1.903534	11	10	29	941.210
1.047198	0.831641	0.616218	137	130	19	941.160
1.832596	0.899350	-2.069907	13	5	26	941.101
1.047198	2.478122	2.609777	140	9	133	940.076
-2.356194	1.050534	3.042579	135	123	6	940.066
-0.523599	0.960688	-0.577532	9	17	4	939.812
1.832596	1.247695	1.809890	19	7	27	939.212
-3.141593	0.571433	-1.188419	6	133	127	939.140
0.000000	0.866955	-0.931351	11	124	11	939.001
1.047198	1.904882	-1.478089	19	21	4	938.792
2.356194	1.809167	1.213774	6	24	19	938.300
1.308997	0.910508	1.903534	14	10	29	938.172
2.094395	2.379497	0.561089	138	26	5	938.070
-3.141593	2.153910	-1.714959	130	21	9	937.647
-0.523599	1.869911	2.701025	133	128	7	937.097
-0.523599	0.866955	-0.931351	10	18	5	936.776
-0.523599	0.418037	1.360082	133	4	35	936.648
2.094395	2.760637	2.781135	137	11	136	936.636
-0.261799	0.866955	-0.931351	9	123	10	936.597
-2.356194	0.571433	-1.188419	8	34	143	936.571
-2.617994	0.866395	-2.492918	3	125	12	936.348
-1.308997	2.138223	1.678323	4	7	16	936.283
-3.141593	0.899350	-2.069907	19	19	16	936.092
1.570796	1.367556	0.358405	138	27	137	935.902
2.356194	1.310100	1.488307	10	18	23	935.616
2.617994	2.379497	0.561089	132	23	0	934.879
-1.047198	0.910508	1.903534	130	18	22	934.623
0.523599	1.433411	-1.035986	9	8	6	934.616
0.785398	2.001437	0.381215	115	7	15	934.538
0.523599	1.766067	2.153843	22	127	121	934.405
0.261799	0.379747	-1.713059	15	9	16	933.991
0.523599	2.164094	-2.991358	21	1	37	933.874
-1.570796	1.113094	-0.272241	131	128	133	933.873
1.570796	2.760637	2.781135	139	9	136	933.655
0.000000	0.831641	0.616218	131	136	23	933.340
-1.570796	2.180315	-1.357379	128	9	133	933.083
2.356194	1.683268	0.374177	143	26	7	932.723
1.047198	0.910508	1.903534	14	4	28	932.590
0.261799	1.134497	-1.109631	134	10	21	932.447
-0.261799	1.450119	-2.739050	115	135	19	931.484
2.879793	2.379497	0.561089	7	0	12	931.419
1.308997	1.904882	-1.478089	0	5	20	931.249
-3.141593	1.325504	-1.671296	138	24	20	930.778
0.261799	0.762244	-0.273349	127	139	27	930.520
-1.308997	2.343981	-1.040456	6	37	10	930.130
1.570796	2.251330	-2.330739	143	25	129	930.045
1.308997	2.033014	2.977192	32	4	125	929.846
2.356194	1.450119	-2.739050	0	19	29	929.650
0.523599	0.615174	-0.666022	8	136	23	929.563
-2.094395	1.846342	-1.796954	128	17	137	929.528
-2.879793	1.809167	1.213774	128	20	8	929.306
-1.047198	1.909857	-0.381669	17	141	3	929.293
2.879793	2.073035	2.027405	17	26	5	928.123
1.570796	1.310100	1.488307	20	9	25	927.804
-1.570796	1.736875	3.023612	131	23	5	927.434
1.308997	0.571433	-1.188419	11	143	25	927.022
-0.523599	0.961715	0.014085	137	10	24	926.632
1.570796	2.041297	-2.664597	122	10	21	926.596
1.832596	1.683268	0.374177	16	22	14	926.466
-0.523599	1.256302	0.062705	129	129	131	926.218
1.832596	0.418037	1.360082	6	10	27	926.035
-1.308997	1.998705	2.370472	4	10	25	925.579
-0.523599	2.187132	-0.479875	138	33	141	924.547
-0.261799	0.370812	-2.547742	121	6	33	924.399
-2.094395	2.719179	-1.780644	119	10	21	924.277
-0.523599	0.914445	2.687814	127	5	11	924.105
1.832596	2.456751	-1.503343	140	114	13	924.066
-0.523599	1.836682	-0.676006	8	6	10	923.784
1.832596	2.881233	-2.582574	4	16	0	923.778
0.261799	0.709924	0.218797	138	137	25	923.760
-0.785398	1.869911	2.701025	128	135	141	923.705
-0.785398	1.872854	1.543456	7	16	137	923.639
2.617994	0.571433	-1.188419	7	123	136	923.561
1.832596	1.554776	0.100351	6	26	5	923.321
-1.047198	2.637879	2.121598	138	6	19	923.060
-0.785398	1.310100	1.488307	141	120	134	922.823
-3.141593	1.450119	-2.739050	13	24	13	922.398
1.832596	0.762244	-0.273349	7	126	135	921.806
-1.570796	1.413430	2.550734	138	23	13	921.729
2.094395	1.977582	0.969896	6	26	16	921.699
-1.308997	0.419640	2.974122	122	11	35	921.618
1.570796	1.599406	1.426070	24	29	4	921.533
-1.570796	1.977582	0.969896	18	7	7	920.366
-3.141593	0.831641	0.616218	2	15	29	920.101
-0.523599	1.870545	-2.976234	126	134	7	920.036
1.832596	2.592629	0.909713	139	30	13	919.572
-1.832596	0.961715	0.014085	131	129	138	919.534
1.832596	2.089241	-0.114193	5	24	141	919.367
2.356194	1.128190	-2.288622	4	13	27	919.285
-2.617994	2.063651	-2.044600	128	15	133	918.651
-2.094395	1.256302	0.062705	128	128	131	918.526
-2.356194	0.992645	-1.723759	141	26	1	918.394
0.785398	1.982574	-1.115518	23	12	9	918.202
-1.570796	2.863997	0.549740	6	124	3	917.977
1.570796	0.864993	2.278281	122	2	6	917.651
-2.356194	1.025536	1.576859	132	14	5	917.645
-1.047198	1.736875	3.023612	128	136	136	917.191
0.261799	2.404280	-0.174044	117	7	19	917.173
1.047198	1.982574	-1.115518	1	3	21	917.088
-1.570796	1.135834	-1.431087	126	120	7	916.940
1.570796	1.247695	1.809890	20	5	28	916.915
-0.785398	2.187132	-0.479875	127	142	137	916.808
-0.261799	1.909857	-0.381669	131	135	142	916.585
0.523599	2.478122	2.609777	22	131	120	916.419
-0.261799	1.301460	-0.509251	2	8	12	916.106
-0.523599	0.370812	-2.547742	122	6	33	916.096
0.523599	0.762244	-0.273349	129	141	27	915.553
-1.570796	2.637879	2.121598	119	0	0	915.226
1.047198	2.033014	2.977192	31	143	124	914.395
1.832596	0.910508	1.903534	14	5	29	914.333
-0.785398	0.864993	2.278281	4	123	9	914.045
-1.308997	2.587733	0.232235	116	9	2	913.832
1.047198	1.113094	-0.272241	5	140	20	913.675
-0.523599	1.699788	2.452890	120	5	134	913.671
0.785398	1.696674	-1.253233	13	11	8	913.611
2.094395	1.721184	-0.153948	33	15	131	913.611
-1.047198	2.393226	1.857173	3	7	17	913.583
-0.261799	0.496451	0.593859	137	141	30	913.494
1.308997	0.906588	1.252948	140	35	3	912.596
-2.356194	0.831641	0.616218	130	125	1	912.220
-3.141593	1.134497	-1.109631	10	24	13	911.378
-0.785398	2.356369	3.005869	131	13	20	911.334
2.356194	2.247462	0.191623	27	13	122	910.954
0.785398	0.419640	2.974122	3	2	29	910.877
-2.094395	1.374601	-2.456031	136	23	1	910.665
-2.879793	1.504028	0.636812	134	21	16	910.556
0.523599	1.696674	-1.253233	1	11	17	910.422
-1.832596	2.637879	2.121598	118	3	1	909.950
1.308997	0.700570	1.559208	131	32	141	909.810
-2.617994	0.496451	0.593859	3	12	24	909.396
-2.617994	1.450119	-2.739050	9	27	15	909.289
0.000000	2.587733	0.232235	132	0	136	909.195
-2.094395	0.709924	0.218797	131	131	1	908.590
-1.308997	0.203748	0.590255	20	116	11	908.407
-0.523599	1.045978	0.343692	143	18	132	908.275
-2.356194	0.709924	0.218797	129	135	2	908.056
2.094395	1.555207	1.708892	17	15	27	907.889
0.785398	0.864993	2.278281	10	0	28	907.820
-2.879793	0.290380	-0.796960	12	33	2	907.672
2.356194	0.640596	-2.797608	19	1	26	907.407
1.832596	0.864993	2.278281	16	7	25	907.274
-2.879793	0.619654	-2.216909	15	22	19	906.966
0.785398	2.180315	-1.357379	141	13	23	906.839
2.356194	1.510910	-0.740472	31	13	135	906.531
2.356194	1.617114	-1.572037	20	14	9	906.377
1.047198	0.297065	2.160177	6	4	26	906.313
0.785398	0.418037	1.360082	13	12	29	906.039
2.879793	1.448123	-2.163292	7	20	16	905.938
0.785398	2.704512	1.488683	141	6	136	905.771
-2.094395	0.370812	-2.547742	0	27	10	905.752
0.523599	1.014500	0.906702	20	27	6	905.076
-2.617994	0.619654	-2.216909	11	25	19	905.051
1.308997	0.685216	-1.712745	9	0	26	904.851
0.523599	2.404280	-0.174044	116	5	19	904.627
1.832596	1.218453	2.777284	125	134	11	904.338
1.832596	2.001437	0.381215	31	12	122	904.241
0.261799	2.138223	1.678323	129	143	0	904.208
-1.570796	1.050534	3.042579	137	23	12	903.986
-1.047198	2.041297	-2.664597	128	143	123	903.878
1.832596	1.662363	0.915448	9	25	18	903.870
2.356194	1.977582	0.969896	5	26	14	903.866
0.000000	2.863997	0.549740	138	2	138	903.415
0.000000	0.419640	2.974122	12	141	20	903.207
1.570796	0.992645	-1.723759	13	143	25	902.692
-2.356194	1.836682	-0.676006	118	142	10	902.571
-2.356194	0.080730	-2.622036	121	3	12	902.353
1.308997	2.187132	-0.479875	10	142	8	901.778
-2.356194	0.496451	0.593859	10	15	29	901.778
-0.785398	2.033014	2.977192	127	132	7	901.747
-1.832596	0.290380	-0.796960	131	133	5	901.543
2.094395	1.554776	0.100351	9	27	10	901.537
1.570796	2.664082	-1.071402	138	5	20	901.095
-0.785398	1.440580	2.260026	116	10	140	900.810
1.570796	0.591903	2.010408	9	4	28	900.770
2.356194	1.545873	-1.877082	15	15	14	900.356
-2.094395	0.961715	0.014085	130	132	1	899.606
2.356194	1.824694	1.850876	10	31	7	899.448
-0.261799	0.290380	-0.796960	9	14	18	899.179
2.094395	1.875281	0.107086	2	26	2	899.075
-3.141593	1.367556	0.358405	136	23	19	898.716
2.879793	1.367556	0.358405	138	24	14	898.675
-0.523599	1.335669	0.897240	5	18	134	898.543
-2.617994	1.732874	-0.951685	44	7	112	898.398
0.785398	1.135834	-1.431087	134	12	15	898.393
-2.879793	1.335669	0.897240	135	27	25	898.126
2.356194	1.113094	-0.272241	141	28	18	897.982
-1.308997	1.824694	1.850876	135	120	136	897.807
-2.617994	2.863997	0.549740	27	5	134	897.805
2.879793	1.904882	-1.478089	11	19	11	897.780
-2.356194	1.875281	0.107086	21	14	6	897.723
0.523599	1.732874	-0.951685	16	6	13	897.681
2.617994	0.866395	-2.492918	10	11	28	897.617
-0.785398	2.164094	-2.991358	123	137	3	897.499
-1.047198	2.379497	0.561089	9	23	138	897.486
0.000000	2.407836	1.410646	126	2	143	897.366
1.570796	1.113094	-0.272241	0	18	134	897.218
-2.356194	1.450119	-2.739050	138	27	142	897.178
-1.047198	0.615174	-0.666022	135	123	143	896.860
0.785398	2.637879	2.121598	139	7	137	896.377
-3.141593	1.872854	1.543456	126	23	12	896.377
1.832596	1.846342	-1.796954	3	117	22	896.297
1.047198	2.063651	-2.044600	121	10	21	896.063
1.570796	2.001437	0.381215	12	132	2	895.748
-0.785398	2.104282	-0.813972	139	35	1	895.485
1.832596	2.407836	1.410646	36	132	6	894.997
-1.047198	2.247462	0.191623	138	141	116	894.977
2.617994	0.203748	0.590255	5	9	27	894.871
2.094395	0.906588	1.252948	14	33	6	894.479
1.832596	1.741644	-2.695914	13	18	33	894.310
1.832596	1.310100	1.488307	19	11	26	894.249
-1.832596	0.640596	-2.797608	141	26	14	893.474
2.094395	1.014500	0.906702	7	21	24	893.009
-2.356194	2.379497	0.561089	16	2	10	892.919
2.879793	0.961715	0.014085	125	1	13	892.886
-2.879793	2.456751	-1.503343	131	17	0	892.806
0.785398	2.579248	-2.364801	139	9	22	892.518
2.879793	1.977582	0.969896	133	24	9	892.408
1.308997	0.831641	0.616218	140	128	19	892.320
2.094395	1.488617	1.159546	4	23	24	892.080
-1.832596	1.736875	3.023612	132	24	143	891.957
-2.879793	1.836682	-0.676006	127	6	21	891.865
-2.617994	2.396274	-1.959260	128	10	134	891.468
-0.261799	0.618092	2.539118	15	131	17	891.350
-3.141593	1.998705	2.370472	8	25	121	891.105
-1.570796	1.242974	-2.977882	133	24	6	890.736
-1.308997	2.033014	2.977192	123	140	4	889.815
2.094395	1.870545	-2.976234	3	26	24	889.792
2.094395	1.168678	2.108595	121	28	3	889.635
-0.523599	1.025536	1.576859	126	12	17	889.472
1.308997	1.875281	0.107086	14	22	4	889.455
0.000000	0.203748	0.590255	138	4	33	889.400
1.832596	2.637879	2.121598	130	5	0	889.061
-3.141593	1.014500	0.906702	143	18	23	889.026
0.261799	2.724429	-0.348782	125	32	142	889.023
2.879793	1.025536	1.576859	7	21	18	888.892
0.261799	1.736875	3.023612	15	14	127	888.722
-3.141593	0.619654	-2.216909	25	18	16	888.584
-2.617994	0.379747	-1.713059	8	134	126	888.564
-3.141593	0.080730	-2.622036	142	114	4	888.218
-2.617994	1.948085	-2.363031	137	142	12	887.424
-1.308997	0.618092	2.539118	127	19	18	887.330
0.785398	0.960688	-0.577532	8	139	21	886.966
-2.879793	2.174483	2.653697	7	26	25	886.803
-0.785398	1.555207	1.708892	121	14	6	886.783
0.523599	1.301460	-0.509251	9	133	15	886.727
0.523599	2.979456	-1.009304	12	18	6	886.663
1.832596	1.555207	1.708892	20	28	9	886.303
-1.570796	2.979456	-1.009304	132	1	138	886.234
1.308997	1.448123	-2.163292	15	23	142	886.113
0.000000	1.741644	-2.695914	126	131	10	886.108
-0.785398	0.733948	3.021411	5	133	16	885.486
-1.308997	1.367556	0.358405	137	121	136	885.438
-1.832596	2.724429	-0.348782	119	12	1	885.029
-2.879793	2.247462	0.191623	14	0	11	885.005
-2.094395	1.391910	3.030322	141	28	7	884.979
2.356194	1.836682	-0.676006	31	16	132	884.479
-0.785398	1.134796	2.434290	116	6	1	884.436
-1.047198	1.554776	0.100351	131	136	130	884.062
1.308997	0.709924	0.218797	5	127	131	884.052
1.832596	2.295480	1.008277	14	130	142	883.693
-2.356194	2.295480	1.008277	8	1	11	883.668
-2.094395	2.393226	1.857173	117	5	2	883.520
2.617994	1.741644	-2.695914	143	23	24	883.025
-3.141593	1.545873	-1.877082	131	24	17	882.933
1.570796	2.299159	2.264663	0	124	121	882.815
0.785398	0.910508	1.903534	138	34	7	882.639
-2.356194	1.195355	1.200319	133	18	143	882.629
-3.141593	1.846342	-1.796954	130	22	12	882.518
-2.879793	0.831641	0.616218	141	16	22	882.500
-1.308997	1.218453	2.777284	133	18	14	882.442
-1.832596	2.295480	1.008277	15	3	12	882.274
-1.832596	1.025536	1.576859	131	7	2	882.234
2.879793	1.683268	0.374177	132	23	8	882.150
-3.141593	1.128190	-2.288622	16	23	11	881.990
-1.047198	2.295480	1.008277	9	16	141	881.590
0.523599	0.674054	1.013609	6	128	131	881.550
0.261799	1.194549	-0.801900	6	11	7	881.444
-2.356194	1.247695	1.809890	25	134	7	881.047
1.570796	2.115563	0.685730	13	25	12	879.649
-0.523599	0.906588	1.252948	132	12	32	879.184
-1.047198	1.413430	2.550734	131	14	15	879.114
2.094395	1.599406	1.426070	16	17	27	878.972
0.261799	0.419640	2.974122	5	1	27	878.919
2.879793	0.831641	0.616218	1	17	24	878.336
1.570796	2.164094	-2.991358	32	7	124	878.177
2.094395	1.766067	2.153843	18	28	14	877.817
-1.047198	0.458961	-0.107937	5	14	22	877.750
-1.308997	0.914445	2.687814	119	17	14	877.624
0.523599	1.555207	1.708892	133	114	138	877.478
-0.785398	2.592629	0.909713	6	21	139	877.139
-3.141593	2.579248	-2.364801	138	11	141	876.996
-1.047198	1.869911	2.701025	125	141	135	876.779
2.094395	0.290380	-0.796960	27	17	15	875.919
-2.617994	2.180315	-1.357379	9	133	1	875.690
-1.047198	1.242974	-2.977882	0	28	18	875.433
1.308997	0.203748	0.590255	4	142	126	875.298
-0.785398	2.637879	2.121598	132	25	130	875.298
-0.785398	2.108018	1.311430	10	17	133	875.070
-3.141593	0.685216	-1.712745	14	14	28	874.901
-0.523599	2.637879	2.121598	13	2	112	874.865
-3.141593	1.135813	-2.658866	6	18	27	874.379
-2.094395	1.569311	-3.003978	135	26	0	873.630
-1.570796	2.001437	0.381215	22	13	4	873.463
1.832596	1.025536	1.576859	13	15	27	873.216
1.832596	0.297065	2.160177	4	6	29	873.096
0.261799	0.960688	-0.577532	141	10	10	872.899
-0.785398	0.866955	-0.931351	13	20	6	872.858
1.308997	1.184361	0.625864	3	127	17	872.805
-2.094395	1.025536	1.576859	130	11	1	872.511
-0.523599	2.664082	-1.071402	123	32	0	872.455
-0.785398	0.370812	-2.547742	8	143	20	872.288
-1.308997	2.164094	-2.991358	129	23	11	871.982
-0.261799	1.869911	2.701025	134	129	6	871.953
-1.047198	0.618092	2.539118	120	8	36	871.950
0.523599	1.256302	0.062705	39	127	136	871.937
2.879793	1.545873	-1.877082	142	22	16	871.840
-0.523599	0.831641	0.616218	0	14	131	871.659
-0.785398	1.662363	0.915448	6	18	130	871.406
1.570796	1.045978	0.343692	0	27	139	870.707
-0.523599	2.001437	0.381215	142	121	128	870.572
-2.879793	0.080730	-2.622036	31	134	18	870.362
-1.047198	2.138223	1.678323	123	23	141	870.073
-2.617994	1.982574	-1.115518	123	22	5	870.037
0.785398	0.458961	-0.107937	143	22	35	869.989
-2.879793	0.992645	-1.723759	3	31	143	869.855
-0.785398	1.699788	2.452890	140	118	141	869.578
-0.785398	0.762244	-0.273349	1	123	7	869.542
0.523599	2.881233	-2.582574	0	28	127	869.458
1.570796	1.325504	-1.671296	32	0	9	869.439
-0.523599	1.875281	0.107086	134	135	119	869.429
-3.141593	2.984978	1.954446	16	131	142	869.380
0.261799	0.906588	1.252948	31	131	16	869.375
-2.617994	1.417623	-0.202254	14	25	4	869.028
2.356194	2.760637	2.781135	132	7	140	868.912
0.785398	0.290380	-0.796960	7	141	27	868.815
2.094395	1.335669	0.897240	14	32	138	868.781
1.832596	1.599406	1.426070	1	31	16	868.677
0.261799	2.299159	2.264663	140	7	139	868.550
0.000000	0.370812	-2.547742	129	35	12	868.449
-1.570796	0.929350	-2.910676	142	26	11	868.239
0.785398	2.455966	-0.641220	28	6	10	868.192
-2.356194	2.979456	-1.009304	123	10	1	868.106
-2.356194	1.242974	-2.977882	2	29	6	867.891
-2.094395	1.135813	-2.658866	142	28	5	867.844
1.308997	2.063651	-2.044600	122	9	21	867.413
2.094395	0.866395	-2.492918	1	10	30	867.375
0.261799	0.080730	-2.622036	8	6	26	867.359
0.785398	1.325504	-1.671296	12	12	6	867.175
-0.523599	1.824694	1.850876	119	130	136	867.092
-1.570796	1.335669	0.897240	19	136	13	866.974
-2.094395	2.001437	0.381215	19	14	2	866.914
-2.617994	0.640596	-2.797608	114	31	13	866.632
1.047198	1.599406	1.426070	2	38	10	866.493
-0.261799	1.569311	-3.003978	123	134	14	866.234
2.617994	2.108018	1.311430	143	27	13	866.230
2.094395	1.683268	0.374177	12	25	14	866.206
-2.617994	1.869911	2.701025	5	21	30	866.075
2.356194	1.050534	3.042579	138	20	25	866.045
1.308997	1.050534	3.042579	122	140	7	865.888
1.570796	0.080730	-2.622036	13	22	12	865.598
1.308997	0.591903	2.010408	9	7	29	865.450
1.570796	2.349581	-2.702517	7	21	0	865.312
-1.047198	2.001437	0.381215	136	138	118	865.303
1.570796	1.135834	-1.431087	16	140	23	865.285
-1.308997	1.977582	0.969896	12	14	142	865.042
1.308997	2.455966	-0.641220	7	143	15	864.932
-3.141593	2.863997	0.549740	4	3	16	864.413
-0.261799	1.134497	-1.109631	117	136	21	864.267
2.094395	0.961715	0.014085	141	27	0	864.136
0.785398	2.456751	-1.503343	15	18	140	864.125
-1.570796	0.379747	-1.713059	143	37	8	864.088
2.094395	2.089241	-0.114193	0	25	140	863.965
-1.308997	2.592629	0.909713	6	18	136	863.916
0.261799	2.637879	2.121598	140	11	139	863.710
-1.308997	0.685216	-1.712745	138	38	12	863.703
1.308997	0.297065	2.160177	5	8	29	863.651
-2.094395	1.606104	-0.451151	120	138	16	863.326
-0.261799	0.203748	0.590255	137	0	33	863.210
0.523599	1.391910	3.030322	124	131	26	862.852
2.094395	2.349581	-2.702517	137	1	120	862.801
-2.356194	0.640596	-2.797608	109	17	28	862.779
-0.523599	2.356369	3.005869	128	127	1	862.772
-3.141593	1.413430	2.550734	21	13	27	862.753
2.617994	1.982574	-1.115518	125	6	20	862.384
2.094395	1.662363	0.915448	9	25	16	862.305
2.617994	1.836682	-0.676006	124	6	19	862.229
-2.356194	0.370812	-2.547742	21	20	20	862.097
0.785398	2.187132	-0.479875	28	4	16	862.076
-1.832596	1.113094	-0.272241	129	131	133	861.910
1.832596	1.214854	-1.966664	139	115	14	861.714
2.356194	0.733948	3.021411	17	142	30	861.190
-2.094395	0.929350	-2.910676	5	25	15	861.022
0.000000	2.089241	-0.114193	132	136	138	860.907
-1.570796	0.762244	-0.273349	132	127	139	860.888
1.308997	1.301460	-0.509251	9	143	19	860.852
-0.523599	2.299159	2.264663	130	131	143	860.836
-1.832596	1.194549	-0.801900	0	9	19	860.802
-0.261799	1.982574	-1.115518	11	143	106	860.766
-0.785398	2.587733	0.232235	119	141	143	860.764
-2.356194	1.998705	2.370472	4	23	21	860.646
-0.523599	2.760637	2.781135	143	26	126	860.430
1.570796	1.606104	-0.451151	141	17	135	859.898
2.094395	1.809167	1.213774	11	24	20	859.889
1.047198	1.809167	1.213774	38	131	135	859.698
-1.308997	1.909857	-0.381669	17	142	4	858.661
-0.785398	1.168678	2.108595	2	119	6	858.583
1.308997	2.164094	-2.991358	32	2	124	858.557
0.523599	2.174483	2.653697	24	130	123	858.271
1.308997	1.836682	-0.676006	12	141	10	857.941
-0.523599	1.809167	1.213774	7	19	143	857.930
1.308997	1.658653	-2.409879	138	14	20	857.436
0.785398	2.760637	2.781135	21	135	116	857.401
-0.523599	2.724429	-0.348782	129	2	137	856.751
2.617994	1.367556	0.358405	142	25	15	856.681
2.617994	0.619654	-2.216909	11	7	28	856.639
-0.261799	1.135813	-2.658866	123	136	23	856.551
-1.308997	2.664082	-1.071402	130	6	137	856.409
-0.261799	1.545873	-1.877082	8	113	135	856.359
-1.832596	0.709924	0.218797	134	127	1	856.356
1.832596	1.809167	1.213774	10	24	22	856.317
1.308997	2.001437	0.381215	15	23	8	856.308
-2.094395	0.571433	-1.188419	0	35	143	856.097
0.785398	2.881233	-2.582574	139	28	127	856.056
-0.785398	1.113094	-0.272241	141	122	4	855.972
2.356194	0.419640	2.974122	13	138	29	855.905
-0.523599	1.504028	0.636812	3	20	134	855.699
-0.785398	2.478122	2.609777	7	17	0	855.641
-3.141593	1.870545	-2.976234	6	28	127	855.389
-1.047198	1.699788	2.452890	137	121	143	855.376
-0.261799	2.407836	1.410646	9	23	136	855.190
-1.047198	0.866955	-0.931351	137	123	2	854.945
1.570796	1.824694	1.850876	4	131	133	854.873
2.617994	1.875281	0.107086	134	23	2	854.801
-1.570796	2.247462	0.191623	143	126	119	854.759
-1.308997	2.478122	2.609777	135	11	23	854.275
-1.047198	1.134796	2.434290	128	14	14	854.175
2.879793	1.846342	-1.796954	0	22	12	854.153
0.000000	1.909857	-0.381669	133	133	141	853.893
-1.047198	2.456751	-1.503343	125	34	5	853.741
-2.094395	2.724429	-0.348782	124	19	2	853.615
2.094395	2.180315	-1.357379	8	39	0	853.527
-0.785398	1.335669	0.897240	134	130	25	853.515
-1.047198	1.504028	0.636812	136	125	137	853.453
-1.308997	1.545873	-1.877082	14	142	119	853.345
-0.785398	2.138223	1.678323	9	15	135	853.070
-1.570796	1.554776	0.100351	127	134	126	853.067
2.356194	1.721184	-0.153948	4	31	9	852.672
-0.523599	1.488617	1.159546	119	10	13	852.433
-0.261799	2.863997	0.549740	130	0	139	852.304
1.047198	2.979456	-1.009304	143	23	137	852.195
2.879793	1.554776	0.100351	132	25	11	852.011
2.617994	1.391910	3.030322	33	10	18	850.791
1.308997	1.195355	1.200319	5	119	7	850.676
-2.617994	1.766067	2.153843	114	14	10	850.471
1.832596	1.113094	-0.272241	2	24	4	850.263
-2.356194	0.290380	-0.796960	10	6	22	849.785
-2.879793	1.766067	2.153843	11	19	26	849.599
-0.523599	1.113094	-0.272241	139	12	13	849.568
-2.879793	1.909857	-0.381669	125	6	20	849.564
-2.356194	1.977582	0.969896	10	0	12	849.549
0.785398	1.510910	-0.740472	7	10	6	849.371
1.047198	2.637879	2.121598	140	6	139	849.118
-1.308997	2.396274	-1.959260	140	121	122	849.112
-2.617994	1.391910	3.030322	10	31	8	848.883
-1.308997	2.637879	2.121598	127	126	136	848.548
2.094395	1.135834	-1.431087	24	4	20	848.290
-1.047198	1.977582	0.969896	140	125	125	848.274
2.094395	2.001437	0.381215	4	27	4	848.271
2.617994	1.569311	-3.003978	138	24	27	848.266
1.308997	1.948085	-2.363031	122	10	21	848.206
0.261799	1.301460	-0.509251	141	11	12	848.182
1.832596	2.187132	-0.479875	16	28	7	848.179
-2.356194	1.128190	-2.288622	136	26	8	848.082
0.785398	1.433411	-1.035986	15	12	16	848.002
-1.570796	0.914445	2.687814	12	6	124	847.854
1.047198	0.906588	1.252948	2	33	4	847.820
-2.879793	2.881233	-2.582574	128	9	142	847.562
-0.261799	1.448123	-2.163292	119	134	17	847.395
-3.141593	1.977582	0.969896	129	21	7	847.232
-1.570796	1.195355	1.200319	130	30	22	847.101
0.785398	1.506530	1.988858	27	125	126	847.101
2.356194	2.393226	1.857173	23	19	17	846.886
-0.785398	0.960688	-0.577532	12	17	4	846.332
-1.308997	2.407836	1.410646	5	7	16	845.944
-1.047198	0.762244	-0.273349	1	10	26	845.721
2.094395	0.571433	-1.188419	17	5	25	845.701
1.570796	1.128190	-2.288622	136	14	25	845.428
-2.094395	0.419640	2.974122	16	13	29	845.416
1.570796	0.914445	2.687814	17	1	26	845.273
0.785398	0.733948	3.021411	16	135	22	845.053
-0.785398	1.433411	-1.035986	110	142	18	845.049
2.094395	2.396274	-1.959260	9	18	4	844.777
-2.879793	1.135834	-1.431087	143	28	1	844.752
-1.047198	1.134497	-1.109631	6	2	18	844.531
-1.832596	1.574060	2.783565	136	27	7	844.402
-2.617994	1.128190	-2.288622	11	25	13	844.147
1.047198	0.674054	1.013609	28	137	14	843.965
1.047198	1.736875	3.023612	34	138	134	843.946
-2.094395	0.733948	3.021411	16	18	26	843.668
-2.356194	2.073035	2.027405	112	8	5	843.664
2.094395	0.831641	0.616218	7	22	23	843.663
1.308997	1.433411	-1.035986	16	25	20	843.652
-0.261799	1.335669	0.897240	122	131	16	843.461
-2.879793	1.014500	0.906702	141	19	19	843.458
-3.141593	0.297065	2.160177	11	26	10	843.426
-2.879793	0.370812	-2.547742	117	31	22	843.065
-0.523599	1.247695	1.809890	120	132	15	843.050
1.308997	0.960688	-0.577532	143	12	136	842.874
2.879793	0.379747	-1.713059	18	21	21	842.626
-1.047198	1.812176	0.656819	5	19	134	842.432
2.879793	0.203748	0.590255	133	136	9	842.402
0.523599	1.440580	2.260026	24	126	124	842.400
1.308997	2.760637	2.781135	142	12	138	842.208
1.308997	2.041297	-2.664597	123	12	22	842.129
-0.523599	0.615174	-0.666022	5	122	11	842.055
1.047198	1.195355	1.200319	3	35	5	842.049
1.047198	2.089241	-0.114193	19	17	4	842.013
-2.617994	0.709924	0.218797	131	137	6	841.986
-1.570796	0.864993	2.278281	11	5	123	841.926
0.523599	2.592629	0.909713	135	2	134	841.734
-1.832596	0.419640	2.974122	14	16	30	841.734
-1.832596	1.050534	3.042579	141	25	12	841.697
-0.523599	1.374601	-2.456031	114	136	17	841.604
-1.047198	2.704512	1.488683	6	7	111	841.400
-3.141593	1.809167	1.213774	131	22	8	841.397
-1.832596	2.587733	0.232235	6	19	139	841.276
0.523599	1.812176	0.656819	117	8	13	841.189
0.261799	0.297065	2.160177	1	35	7	840.723
2.617994	1.846342	-1.796954	6	18	16	840.603
-0.523599	1.766067	2.153843	118	132	128	840.559
-2.617994	0.370812	-2.547742	25	17	20	840.521
1.832596	1.504028	0.636812	12	27	12	840.504
1.570796	1.977582	0.969896	14	23	17	840.391
-1.308997	2.979456	-1.009304	131	7	138	840.361
1.570796	2.724429	-0.348782	27	21	1	840.294
1.047198	1.218453	2.777284	7	31	28	840.162
1.832596	1.168678	2.108595	15	2	32	840.102
0.785398	0.850607	-1.335383	136	10	13	840.003
2.094395	1.756530	-2.105156	15	25	5	839.956
2.617994	1.555207	1.708892	135	27	19	839.855
0.785398	0.674054	1.013609	13	30	9	839.676
0.523599	1.824694	1.850876	132	116	131	839.530
0.523599	1.599406	1.426070	133	114	0	839.452
2.617994	1.045978	0.343692	141	24	19	839.352
-1.308997	1.135813	-2.658866	133	26	4	839.258
2.356194	2.407836	1.410646	118	27	141	839.229
0.000000	1.766067	2.153843	125	143	132	839.082
1.308997	0.850607	-1.335383	11	143	23	839.070
-0.523599	2.863997	0.549740	129	4	139	838.946
-1.308997	2.247462	0.191623	19	21	6	838.707
1.308997	0.674054	1.013609	125	3	10	838.523
2.094395	1.247695	1.809890	14	12	30	838.515
-1.570796	0.458961	-0.107937	135	125	2	838.204
-1.832596	1.875281	0.107086	123	19	22	837.430
1.832596	2.579248	-2.364801	6	19	0	837.100
-1.570796	2.174483	2.653697	122	141	3	836.949
0.000000	0.906588	1.252948	25	128	18	836.601
1.570796	0.496451	0.593859	141	27	138	836.595
-1.047198	1.440580	2.260026	135	15	14	836.553
-1.832596	2.396274	-1.959260	111	9	6	836.525
0.785398	1.617114	-1.572037	13	12	4	836.422
1.832596	0.496451	0.593859	138	29	140	836.180
-2.879793	0.762244	-0.273349	129	142	9	836.159
0.000000	1.574060	2.783565	127	131	18	835.998
0.785398	1.599406	1.426070	142	111	2	835.870
1.570796	1.014500	0.906702	134	32	139	835.866
-0.785398	2.724429	-0.348782	132	6	135	835.596
-0.261799	0.733948	3.021411	3	139	22	835.243
-2.879793	2.164094	-2.991358	128	143	13	835.228
1.570796	2.455966	-0.641220	140	5	19	834.794
1.047198	2.251330	-2.330739	121	9	21	834.547
-0.261799	2.001437	0.381215	2	30	0	834.473
-2.094395	1.113094	-0.272241	125	138	127	834.198
0.785398	2.724429	-0.348782	26	2	8	834.166
-1.570796	0.992645	-1.723759	124	120	5	834.008
-0.261799	1.195355	1.200319	121	8	16	834.007
0.523599	1.982574	-1.115518	10	8	104	833.631
0.261799	0.571433	-1.188419	16	123	12	833.515
1.570796	0.619654	-2.216909	3	5	30	832.884
-0.523599	1.569311	-3.003978	130	132	14	832.742
-2.617994	1.875281	0.107086	20	141	12	832.664
-1.832596	1.824694	1.850876	15	140	29	832.492
2.879793	0.700570	1.559208	11	16	19	831.825
0.785398	2.104282	-0.813972	130	19	12	831.645
-0.261799	1.506530	1.988858	120	1	0	831.589
-1.047198	2.984978	1.954446	138	31	132	831.333
2.356194	1.909857	-0.381669	135	15	133	831.308
1.047198	1.617114	-1.572037	141	5	24	831.210
0.523599	1.872854	1.543456	133	114	138	831.095
0.785398	1.247695	1.809890	140	112	142	831.087
-1.047198	1.617114	-1.572037	24	138	131	831.038
1.047198	2.104282	-0.813972	18	15	6	830.817
2.356194	2.343981	-1.040456	124	5	21	830.615
-0.261799	1.766067	2.153843	121	3	134	830.580
-1.308997	1.247695	1.809890	132	23	18	830.562
2.094395	0.615174	-0.666022	3	125	132	830.469
-3.141593	1.504028	0.636812	136	23	15	830.443
2.094395	2.984978	1.954446	124	7	140	830.419
-1.832596	0.370812	-2.547742	17	28	16	830.145
0.523599	2.073035	2.027405	19	129	118	830.141
0.000000	1.256302	0.062705	125	134	18	829.903
-2.094395	1.658653	-2.409879	135	24	2	829.721
-2.617994	1.545873	-1.877082	121	22	142	829.582
-0.785398	1.948085	-2.363031	129	140	123	829.507
-2.617994	2.041297	-2.664597	141	24	125	829.407
1.308997	1.247695	1.809890	20	3	27	829.311
-1.308997	1.440580	2.260026	136	17	16	829.309
2.094395	2.247462	0.191623	1	25	1	829.176
1.570796	1.195355	1.200319	123	4	6	828.985
-2.094395	0.496451	0.593859	136	14	23	828.813
1.047198	1.194549	-0.801900	133	13	141	828.279
-1.832596	2.063651	-2.044600	126	126	120	828.270
-0.785398	0.910508	1.903534	125	14	19	828.232
2.617994	2.588535	-2.976617	136	11	137	828.207
-2.094395	0.418037	1.360082	17	119	16	828.185
-1.832596	1.450119	-2.739050	134	26	142	827.922
-0.261799	1.417623	-0.202254	123	14	17	827.857
-0.785398	1.367556	0.358405	4	20	135	827.730
-2.356194	1.014500	0.906702	124	124	130	827.666
2.617994	0.618092	2.539118	15	25	5	827.597
-2.094395	0.458961	-0.107937	128	135	0	827.359
-2.617994	1.335669	0.897240	142	138	19	827.344
-1.047198	2.455966	-0.641220	129	1	137	827.094
-0.523599	1.736875	3.023612	130	132	11	827.034
2.879793	0.080730	-2.622036	135	114	2	827.019
-2.094395	0.866955	-0.931351	127	129	20	826.971
2.094395	1.391910	3.030322	6	16	127	826.863
-0.261799	2.404280	-0.174044	131	141	138	826.793
0.523599	1.998705	2.370472	25	17	34	826.690
0.523599	2.104282	-0.813972	18	7	8	826.482
1.570796	1.875281	0.107086	10	24	4	826.303
-2.879793	1.242974	-2.977882	15	23	20	826.273
2.617994	2.393226	1.857173	3	28	21	826.168
-0.523599	2.704512	1.488683	123	132	128	825.942
-0.785398	2.984978	1.954446	133	28	132	825.861
0.000000	2.356369	3.005869	126	130	5	825.607
0.523599	1.488617	1.159546	29	7	22	825.580
0.523599	0.685216	-1.712745	9	14	8	825.500
-2.356194	1.574060	2.783565	7	24	19	825.465
2.879793	1.506530	1.988858	130	28	8	825.445
1.832596	0.914445	2.687814	17	2	28	825.105
-2.879793	1.736875	3.023612	140	25	28	824.792
2.356194	2.104282	-0.813972	123	5	19	824.680
0.785398	1.812176	0.656819	117	7	14	824.489
1.832596	2.115563	0.685730	30	12	121	824.163
-1.832596	1.045978	0.343692	132	120	139	824.076
0.785398	2.984978	1.954446	128	3	136	823.961
-1.308997	0.866955	-0.931351	6	3	22	823.787
0.523599	2.033014	2.977192	25	8	36	823.725
1.047198	2.588535	-2.976617	25	4	116	823.649
-2.617994	1.135813	-2.658866	9	25	12	823.531
-0.785398	0.080730	-2.622036	3	37	10	823.394
-1.308997	0.864993	2.278281	129	22	17	823.054
2.617994	0.379747	-1.713059	23	19	18	823.037
-2.094395	1.301460	-0.509251	125	135	21	822.702
-0.261799	2.356369	3.005869	131	122	0	822.630
0.523599	2.001437	0.381215	125	27	134	822.357
0.785398	2.407836	1.410646	139	1	138	822.324
0.261799	1.247695	1.809890	22	28	20	822.274
-0.261799	0.961715	0.014085	136	9	24	822.236
-3.141593	1.050534	3.042579	141	1	127	822.097
1.308997	1.683268	0.374177	34	129	137	821.985
1.570796	1.184361	0.625864	7	128	17	821.725
0.523599	0.960688	-0.577532	131	140	27	821.476
-0.523599	1.599406	1.426070	124	10	11	821.452
-0.785398	0.418037	1.360082	119	2	13	821.250
0.000000	1.128190	-2.288622	124	134	22	821.245
-0.785398	1.506530	1.988858	116	138	10	821.193
2.356194	0.992645	-1.723759	14	12	21	820.858
-1.832596	0.418037	1.360082	138	10	9	820.784
0.785398	2.478122	2.609777	6	120	1	820.542
0.785398	0.080730	-2.622036	22	8	20	819.922
-1.832596	2.664082	-1.071402	125	5	140	819.847
0.000000	0.709924	0.218797	136	134	25	819.832
1.832596	2.724429	-0.348782	136	5	20	819.668
0.523599	1.699788	2.452890	22	19	35	819.578
-2.356194	1.696674	-1.253233	128	9	25	819.219
-1.832596	2.001437	0.381215	123	25	18	818.613
0.785398	1.025536	1.576859	7	35	11	818.544
0.000000	0.866395	-2.492918	129	138	27	818.491
0.523599	2.299159	2.264663	140	8	137	818.390
2.617994	1.440580	2.260026	20	11	28	818.209
0.000000	0.929350	-2.910676	139	139	25	818.062
-0.785398	1.391910	3.030322	131	16	11	818.057
1.047198	0.850607	-1.335383	11	138	24	818.022
-0.523599	1.683268	0.374177	0	23	132	817.767
-1.308997	1.683268	0.374177	134	128	127	817.746
-2.356194	1.732874	-0.951685	117	141	10	817.652
2.879793	1.128190	-2.288622	19	18	17	817.507
1.570796	1.335669	0.897240	11	124	12	817.439
1.570796	1.554776	0.100351	10	24	5	817.427
-2.617994	1.909857	-0.381669	127	6	21	816.934
0.523599	1.367556	0.358405	40	130	138	816.771
1.832596	0.709924	0.218797	143	27	137	816.676
0.523599	2.393226	1.857173	130	1	142	816.366
-0.785398	1.025536	1.576859	22	138	28	816.160
2.094395	2.187132	-0.479875	12	33	6	816.108
-2.094395	1.812176	0.656819	21	0	9	815.961
0.000000	1.310100	1.488307	28	19	21	815.807
2.879793	1.658653	-2.409879	4	29	2	815.800
2.879793	2.063651	-2.044600	141	20	6	815.685
2.879793	0.571433	-1.188419	10	125	136	815.648
-0.261799	0.080730	-2.622036	3	8	28	815.396
-2.617994	2.251330	-2.330739	137	35	16	815.380
1.832596	1.195355	1.200319	28	18	10	815.231
2.356194	1.875281	0.107086	138	24	2	815.188
-2.879793	0.685216	-1.712745	8	131	130	815.170
2.879793	0.290380	-0.796960	8	28	9	814.961
-1.308997	0.910508	1.903534	133	24	22	814.879
-0.261799	0.419640	2.974122	13	139	20	814.636
-0.785398	2.664082	-1.071402	121	3	139	814.350
1.570796	1.836682	-0.676006	14	142	10	814.297
2.879793	0.685216	-1.712745	15	11	26	814.295
-1.047198	0.591903	2.010408	129	20	24	814.199
0.785398	1.904882	-1.478089	21	15	5	814.104
0.785398	1.194549	-0.801900	8	12	21	814.093
-0.523599	1.195355	1.200319	114	138	15	814.014
0.785398	1.413347	-1.339188	140	13	14	813.954
-2.356194	0.203748	0.590255	9	11	20	813.926
-0.523599	0.733948	3.021411	7	134	17	813.691
0.000000	0.418037	1.360082	20	13	28	813.657
-0.261799	2.984978	1.954446	6	14	1	813.635
0.261799	1.488617	1.159546	29	2	22	813.520
-1.832596	1.683268	0.374177	131	127	127	813.495
-2.356194	2.299159	2.264663	8	31	137	813.419
-2.617994	1.184361	0.625864	132	19	20	813.260
2.094395	1.195355	1.200319	2	22	26	812.978
-0.785398	1.195355	1.200319	131	13	30	812.856
0.785398	2.863997	0.549740	130	36	142	812.828
-1.308997	0.762244	-0.273349	22	133	137	812.748
1.047198	1.875281	0.107086	116	5	17	812.692
-1.047198	2.063651	-2.044600	140	119	124	812.601
0.261799	0.899350	-2.069907	116	22	0	812.460
-3.141593	0.850607	-1.335383	4	21	22	812.398
1.570796	0.290380	-0.796960	141	8	31	812.391
-1.308997	2.180315	-1.357379	125	7	133	812.383
2.356194	0.615174	-0.666022	5	25	128	812.296
1.832596	1.413430	2.550734	133	139	35	812.179
-1.047198	2.104282	-0.813972	1	36	3	811.965
-1.308997	1.310100	1.488307	134	23	24	811.821
-1.570796	1.135813	-2.658866	137	28	5	811.791
-0.785398	1.904882	-1.478089	0	112	136	811.719
1.308997	2.478122	2.609777	140	8	133	811.397
1.047198	1.683268	0.374177	117	5	14	811.357
-0.523599	1.135813	-2.658866	121	138	23	811.316
-2.356194	1.433411	-1.035986	116	138	8	811.079
0.261799	1.569311	-3.003978	13	14	126	810.845
-2.094395	1.194549	-0.801900	123	132	18	810.836
-1.570796	1.574060	2.783565	130	24	1	810.824
-1.308997	2.704512	1.488683	129	29	136	810.797
0.261799	1.732874	-0.951685	14	3	13	810.618
-1.047198	2.089241	-0.114193	133	142	121	810.612
2.617994	1.135834	-1.431087	18	15	15	810.533
2.094395	1.872854	1.543456	9	22	26	810.440
0.261799	1.195355	1.200319	31	10	20	810.330
2.617994	0.709924	0.218797	142	20	26	810.326
1.047198	1.310100	1.488307	33	130	140	810.108
1.570796	1.450119	-2.739050	10	16	34	810.075
-1.047198	1.872854	1.543456	116	141	3	810.053
2.879793	2.295480	1.008277	138	9	20	810.052
-0.523599	2.407836	1.410646	10	20	136	810.029
1.570796	2.984978	1.954446	132	11	138	809.496
2.356194	1.948085	-2.363031	142	3	132	809.456
-1.047198	2.343981	-1.040456	128	3	134	809.390
-1.832596	1.301460	-0.509251	2	10	18	809.361
-2.356194	2.396274	-1.959260	22	24	29	809.297
0.785398	1.391910	3.030322	128	130	26	809.203
-1.570796	2.719179	-1.780644	139	120	123	809.194
-2.094395	0.640596	-2.797608	16	21	24	809.146
1.047198	1.134796	2.434290	127	6	10	808.403
2.879793	1.134796	2.434290	14	6	34	808.346
0.000000	1.506530	1.988858	123	141	138	808.088
-3.141593	1.812176	0.656819	8	141	10	808.013
-1.570796	1.391910	3.030322	134	23	9	807.838
2.879793	0.866395	-2.492918	9	13	28	807.776
-1.832596	1.948085	-2.363031	124	25	2	807.554
-0.523599	1.214854	-1.966664	116	135	21	807.543
-1.570796	0.700570	1.559208	126	5	40	807.515
0.523599	2.247462	0.191623	123	30	138	807.500
1.570796	1.168678	2.108595	14	0	32	807.499
-2.879793	1.256302	0.062705	131	21	25	807.329
-1.570796	0.850607	-1.335383	131	119	14	806.840
2.356194	1.440580	2.260026	4	20	28	806.781
2.617994	2.104282	-0.813972	124	6	19	806.751
-0.261799	0.960688	-0.577532	7	124	12	806.610
1.308997	1.510910	-0.740472	0	13	138	806.440
-2.617994	1.606104	-0.451151	119	21	17	806.359
-2.879793	0.640596	-2.797608	24	14	22	806.293
-2.617994	1.448123	-2.163292	141	26	2	806.182
-2.617994	0.674054	1.013609	1	17	19	806.111
-1.047198	1.488617	1.159546	140	6	27	806.055
-1.308997	1.242974	-2.977882	134	22	12	806.011
0.261799	0.496451	0.593859	29	4	18	806.006
-0.261799	0.615174	-0.666022	7	11	21	806.003
1.047198	1.448123	-2.163292	137	13	24	805.982
2.617994	0.080730	-2.622036	15	140	27	805.931
0.523599	1.168678	2.108595	141	34	15	805.848
-0.523599	2.349581	-2.702517	24	4	140	805.711
-2.356194	1.756530	-2.105156	135	23	130	805.646
2.094395	1.135813	-2.658866	123	2	13	805.410
2.617994	1.756530	-2.105156	140	124	4	805.361
-0.785398	2.863997	0.549740	121	6	1	805.285
2.356194	1.506530	1.988858	26	19	8	805.126
-0.523599	1.242974	-2.977882	119	137	21	805.125
-2.617994	2.295480	1.008277	9	143	13	804.994
2.617994	1.050534	3.042579	30	7	20	804.990
-1.570796	2.033014	2.977192	6	19	31	804.814
0.785398	2.393226	1.857173	140	7	135	804.581
-1.570796	1.134796	2.434290	119	11	135	804.565
-2.879793	0.379747	-1.713059	7	133	126	804.472
1.832596	0.961715	0.014085	30	139	10	804.459
1.832596	1.134796	2.434290	21	6	25	804.390
2.356194	1.982574	-1.115518	124	5	21	804.382
1.308997	1.812176	0.656819	17	22	13	804.368
-2.356194	0.419640	2.974122	143	116	9	804.282
2.879793	1.599406	1.426070	6	25	14	804.199
-1.832596	2.404280	-0.174044	115	13	7	804.170
-2.617994	1.809167	1.213774	126	17	7	803.982
1.832596	0.290380	-0.796960	30	14	15	803.960
0.000000	1.325504	-1.671296	118	131	13	803.915
0.523599	1.683268	0.374177	5	115	18	803.574
-1.570796	2.704512	1.488683	138	6	19	803.561
-1.570796	1.450119	-2.739050	140	29	19	803.364
0.261799	0.640596	-2.797608	138	122	6	803.350
-0.523599	0.992645	-1.723759	128	133	124	803.275
1.570796	0.618092	2.539118	14	3	26	803.224
-1.047198	1.809167	1.213774	139	124	127	803.147
2.617994	0.960688	-0.577532	24	19	11	803.111
0.523599	1.134497	-1.109631	8	11	7	803.049
-0.523599	0.700570	1.559208	126	15	24	802.829
-2.356194	0.929350	-2.910676	17	21	23	802.823
-1.308997	1.555207	1.708892	137	15	20	802.761
-2.617994	0.929350	-2.910676	14	18	24	802.680
-1.570796	1.417623	-0.202254	134	120	127	802.619
2.356194	0.866395	-2.492918	1	11	30	802.589
-2.879793	1.195355	1.200319	137	20	15	802.447
0.523599	1.569311	-3.003978	13	15	128	802.314
2.617994	2.396274	-1.959260	1	20	4	802.098
-1.832596	0.831641	0.616218	120	130	129	802.052
-2.879793	1.128190	-2.288622	13	24	14	801.985
2.356194	1.218453	2.777284	29	6	21	801.925
-1.047198	1.367556	0.358405	134	14	28	801.883
2.617994	1.574060	2.783565	124	26	18	801.741
-1.308997	2.187132	-0.479875	122	121	2	801.656
2.879793	1.391910	3.030322	16	17	24	801.549
2.094395	1.417623	-0.202254	4	26	13	801.515
-0.261799	1.242974	-2.977882	123	135	22	801.367
-0.523599	0.203748	0.590255	133	141	33	801.357
-1.832596	1.510910	-0.740472	128	14	126	801.339
0.261799	2.704512	1.488683	128	1	137	801.324
-0.785398	1.658653	-2.409879	127	139	131	801.164
0.523599	1.417623	-0.202254	14	18	142	801.028
0.261799	2.247462	0.191623	128	31	138	800.952
-2.356194	2.251330	-2.330739	20	20	34	800.870
1.570796	2.396274	-1.959260	123	8	22	800.811
-1.570796	2.108018	1.311430	14	5	11	800.645
0.261799	1.014500	0.906702	34	3	16	800.643
-0.261799	1.014500	0.906702	2	18	132	800.631
1.047198	1.846342	-1.796954	16	21	142	800.590
0.000000	2.760637	2.781135	8	17	143	800.570
2.356194	1.367556	0.358405	2	27	10	800.531
0.523599	0.850607	-1.335383	18	122	11	800.500
-0.523599	2.115563	0.685730	142	135	116	800.412
-3.141593	1.134796	2.434290	19	9	30	800.138
0.785398	2.719179	-1.780644	137	7	23	800.114
-2.094395	1.545873	-1.877082	129	18	136	800.023
-2.094395	2.033014	2.977192	135	25	130	800.019
0.785398	0.591903	2.010408	23	129	14	800.003
2.356194	1.135813	-2.658866	7	15	28	799.933
0.261799	1.417623	-0.202254	123	134	16	799.704
-1.570796	2.153910	-1.714959	129	120	125	799.566
-1.047198	1.875281	0.107086	131	139	124	799.511
2.879793	2.089241	-0.114193	12	140	14	799.508
-0.261799	1.870545	-2.976234	126	132	9	799.484
-2.879793	2.115563	0.685730	9	0	11	799.475
-1.570796	1.413347	-1.339188	124	120	3	799.317
-2.879793	0.709924	0.218797	19	22	10	799.279
1.047198	2.719179	-1.780644	16	139	24	799.251
-3.141593	1.574060	2.783565	141	25	27	799.154
-1.308997	2.041297	-2.664597	134	128	131	799.104
1.832596	0.458961	-0.107937	27	8	16	798.959
-1.308997	1.184361	0.625864	23	139	7	798.933
1.570796	1.809167	1.213774	15	22	22	798.906
-1.832596	1.413430	2.550734	141	27	13	798.832
-0.523599	0.297065	2.160177	11	27	12	798.636
-1.308997	2.115563	0.685730	117	18	12	798.480
-3.141593	0.864993	2.278281	11	31	4	798.371
-1.832596	1.554776	0.100351	17	11	10	798.336
0.000000	1.045978	0.343692	129	134	20	798.329
-2.094395	2.396274	-1.959260	21	25	29	798.300
-0.785398	2.180315	-1.357379	129	34	6	798.062
-2.094395	1.574060	2.783565	3	24	18	797.977
-0.261799	0.831641	0.616218	128	13	23	797.850
0.261799	1.256302	0.062705	128	135	18	797.808
-1.308997	1.662363	0.915448	117	22	19	797.641
0.000000	1.736875	3.023612	136	126	10	797.529
-2.356194	1.736875	3.023612	137	28	137	797.526
-0.523599	0.866395	-2.492918	127	133	0	797.463
-2.879793	0.961715	0.014085	134	19	23	797.443
-1.832596	0.733948	3.021411	28	2	34	797.382
0.523599	1.195355	1.200319	140	7	131	797.276
2.617994	0.685216	-1.712745	23	15	17	797.256
-1.832596	0.866955	-0.931351	131	125	20	797.161
1.570796	1.256302	0.062705	120	1	14	797.125
0.785398	1.184361	0.625864	2	129	130	797.006
-2.617994	0.831641	0.616218	137	15	22	796.821
-1.308997	1.721184	-0.153948	128	0	127	796.815
0.000000	0.571433	-1.188419	12	9	18	796.750
0.523599	1.870545	-2.976234	14	14	129	796.747
-1.570796	1.904882	-1.478089	125	11	135	796.506
-1.570796	2.115563	0.685730	120	24	12	796.308
-1.308997	1.256302	0.062705	136	122	135	796.126
2.094395	0.379747	-1.713059	118	3	18	796.061
-0.261799	0.866395	-2.492918	126	138	143	796.040
0.785398	0.571433	-1.188419	7	139	26	795.537
0.785398	1.417623	-0.202254	11	20	141	795.262
-2.356194	2.349581	-2.702517	138	131	118	795.140
1.308997	1.617114	-1.572037	17	27	4	795.132
-2.094395	2.063651	-2.044600	23	23	29	795.118
2.356194	1.599406	1.426070	7	21	24	795.032
-3.141593	0.929350	-2.910676	141	142	129	794.868
-0.785398	1.982574	-1.115518	118	31	142	794.631
-1.832596	0.080730	-2.622036	9	28	8	794.587
-1.047198	0.914445	2.687814	115	11	11	794.136
1.308997	0.619654	-2.216909	8	15	6	794.121
1.832596	2.041297	-2.664597	143	22	127	794.076
1.308997	2.349581	-2.702517	142	20	127	793.946
0.785398	1.195355	1.200319	139	8	131	793.946
0.785398	1.134497	-1.109631	0	8	9	793.861
-2.094395	2.356369	3.005869	142	139	121	793.704
2.617994	2.041297	-2.664597	142	0	130	793.664
-2.094395	1.809167	1.213774	23	7	133	793.637
-2.879793	2.587733	0.232235	28	8	132	793.554
1.047198	2.664082	-1.071402	135	8	20	793.279
-1.308997	0.709924	0.218797	140	124	8	793.224
1.832596	1.766067	2.153843	24	5	27	793.181
-3.141593	0.866395	-2.492918	26	17	16	793.104
2.356194	0.370812	-2.547742	7	2	31	793.038
-2.356194	2.063651	-2.044600	17	28	32	793.006
2.879793	2.637879	2.121598	16	132	142	792.650
0.000000	2.115563	0.685730	126	136	2	792.611
1.047198	2.396274	-1.959260	7	3	31	792.594
1.047198	1.214854	-1.966664	139	10	26	792.550
-3.141593	2.295480	1.008277	139	2	21	792.460
1.308997	2.115563	0.685730	17	22	13	792.453
-1.308997	1.025536	1.576859	136	24	26	792.324
0.523599	0.419640	2.974122	3	3	29	792.033
-3.141593	2.587733	0.232235	7	143	16	791.997
0.785398	1.014500	0.906702	29	9	22	791.977
2.094395	0.929350	-2.910676	140	16	29	791.936
1.308997	1.732874	-0.951685	14	21	10	791.856
2.879793	1.256302	0.062705	137	25	17	791.765
-0.261799	1.045978	0.343692	124	134	20	791.665
2.356194	0.591903	2.010408	17	135	131	791.649
1.570796	0.906588	1.252948	126	4	7	791.514
-1.832596	2.379497	0.561089	142	120	140	791.061
1.832596	2.349581	-2.702517	137	20	126	791.047
0.785398	1.824694	1.850876	139	113	132	791.023
1.570796	1.870545	-2.976234	3	16	128	790.972
-1.308997	2.588535	-2.976617	23	3	140	790.813
1.047198	1.433411	-1.035986	21	20	22	790.692
-0.785398	2.343981	-1.040456	122	33	142	790.667
1.047198	2.456751	-1.503343	136	7	20	790.667
0.785398	1.555207	1.708892	141	111	140	790.643
1.570796	0.615174	-0.666022	2	27	32	790.273
-2.094395	2.587733	0.232235	10	19	139	790.219
-0.523599	1.448123	-2.163292	116	135	17	790.197
-1.570796	1.504028	0.636812	135	126	14	790.087
-0.523599	1.134497	-1.109631	112	140	22	790.078
2.617994	1.417623	-0.202254	140	29	14	790.011
-0.523599	1.014500	0.906702	137	10	37	789.886
-0.785398	2.455966	-0.641220	129	1	136	789.840
-1.570796	2.396274	-1.959260	112	6	5	789.776
-3.141593	2.001437	0.381215	5	0	13	789.735
0.000000	1.025536	1.576859	27	8	26	789.717
1.832596	1.135813	-2.658866	121	6	14	789.696
1.570796	0.961715	0.014085	0	139	23	789.339
-1.570796	2.393226	1.857173	143	5	22	789.085
2.356194	0.762244	-0.273349	25	17	12	788.996
-2.356194	0.906588	1.252948	4	120	14	788.701
-1.308997	2.001437	0.381215	138	124	125	788.625
-0.523599	2.108018	1.311430	9	19	6	788.265
-2.094395	2.187132	-0.479875	46	2	114	787.878
1.047198	1.555207	1.708892	15	111	9	787.869
-3.141593	2.404280	-0.174044	124	4	134	787.776
2.879793	1.417623	-0.202254	128	26	11	787.631
1.308997	2.587733	0.232235	20	14	111	787.602
0.261799	0.961715	0.014085	140	12	24	787.490
-1.570796	2.104282	-0.813972	120	123	0	787.227
-1.832596	0.864993	2.278281	129	0	1	787.062
-2.879793	0.929350	-2.910676	9	1	40	786.828
1.832596	2.404280	-0.174044	1	23	140	786.797
-2.356194	0.619654	-2.216909	143	28	6	786.750
-0.785398	2.456751	-1.503343	125	32	7	786.732
0.261799	1.135834	-1.431087	19	6	15	786.611
-0.523599	1.168678	2.108595	125	7	9	786.441
-1.308997	1.574060	2.783565	0	18	23	786.247
-2.879793	2.343981	-1.040456	118	11	131	786.210
-1.832596	1.909857	-0.381669	12	31	0	785.865
2.617994	2.138223	1.678323	16	22	21	785.816
-2.879793	2.984978	1.954446	20	10	5	785.346
1.047198	2.704512	1.488683	143	6	25	785.286
0.000000	0.496451	0.593859	130	18	28	785.286
-0.785398	1.242974	-2.977882	110	141	22	785.285
-2.879793	0.866395	-2.492918	17	19	21	785.090
2.879793	2.396274	-1.959260	140	16	0	785.089
-1.308997	1.113094	-0.272241	130	127	131	784.944
-2.879793	2.187132	-0.479875	17	20	2	784.894
-0.261799	2.108018	1.311430	7	23	6	784.891
-2.356194	0.866395	-2.492918	9	26	18	784.787
1.047198	1.325504	-1.671296	138	8	26	784.349
1.308997	1.555207	1.708892	22	114	10	784.339
-2.879793	0.615174	-0.666022	135	16	30	784.336
1.832596	0.674054	1.013609	123	32	141	784.273
0.261799	1.869911	2.701025	16	15	127	784.140
2.617994	0.850607	-1.335383	17	12	23	784.051
1.047198	2.164094	-2.991358	139	143	48	783.904
-0.785398	1.736875	3.023612	127	132	136	783.704
0.261799	0.866395	-2.492918	121	27	5	783.634
0.000000	1.569311	-3.003978	122	132	18	783.426
-0.785398	1.721184	-0.153948	24	136	1	783.379
-1.308997	0.080730	-2.622036	4	2	29	783.364
1.047198	0.203748	0.590255	15	25	8	783.318
-2.879793	0.458961	-0.107937	135	17	29	783.311
1.570796	0.379747	-1.713059	0	0	31	783.245
-1.570796	1.875281	0.107086	108	3	10	783.036
-1.047198	1.506530	1.988858	117	20	1	783.026
-0.261799	0.910508	1.903534	123	3	11	782.929
0.261799	2.588535	-2.976617	143	21	124	782.916
-3.141593	1.766067	2.153843	14	20	26	782.636
2.617994	0.496451	0.593859	139	17	29	782.483
-1.570796	1.555207	1.708892	129	33	7	782.382
1.570796	1.025536	1.576859	16	8	28	782.289
1.570796	1.417623	-0.202254	5	22	138	782.209
-3.141593	0.618092	2.539118	8	33	7	782.068
2.617994	0.458961	-0.107937	15	33	143	781.902
-0.261799	1.510910	-0.740472	137	10	18	781.853
2.094395	2.404280	-0.174044	2	143	19	781.793
-2.617994	0.762244	-0.273349	138	11	30	781.744
-2.356194	1.658653	-2.409879	137	26	143	781.743
1.047198	0.419640	2.974122	11	1	26	781.581
2.879793	0.615174	-0.666022	7	32	0	781.555
0.000000	0.850607	-1.335383	16	6	17	781.329
0.000000	1.869911	2.701025	128	129	15	781.278
0.785398	2.587733	0.232235	124	142	135	781.259
1.308997	2.104282	-0.813972	16	20	6	781.199
1.832596	0.571433	-1.188419	15	2	25	781.135
-0.785398	1.184361	0.625864	2	17	131	781.074
-2.879793	1.135813	-2.658866	14	24	13	781.008
-0.523599	0.709924	0.218797	0	16	134	780.896
1.570796	1.872854	1.543456	26	32	1	780.883
1.570796	1.433411	-1.035986	16	143	18	780.836
0.523599	0.640596	-2.797608	119	141	32	780.792
0.785398	0.831641	0.616218	129	133	17	780.686
-3.141593	2.979456	-1.009304	125	4	126	780.660
-1.570796	2.579248	-2.364801	143	22	114	780.635
-2.094395	1.824694	1.850876	12	138	30	780.583
-2.094395	1.948085	-2.363031	124	25	2	780.253
0.785398	2.404280	-0.174044	27	141	16	780.117
1.308997	2.396274	-1.959260	122	8	22	779.946
0.523599	1.450119	-2.739050	143	20	31	779.918
-2.617994	1.812176	0.656819	132	19	128	779.885
-1.832596	2.478122	2.609777	128	8	123	779.817
1.570796	2.881233	-2.582574	20	135	113	779.803
-1.570796	2.664082	-1.071402	132	5	138	779.663
-1.570796	1.440580	2.260026	128	0	6	779.355
0.261799	1.554776	0.100351	124	134	11	779.192
-1.570796	1.168678	2.108595	133	30	12	779.185
0.523599	1.506530	1.988858	134	114	133	779.164
1.308997	0.496451	0.593859	10	28	13	778.994
-2.879793	0.571433	-1.188419	7	132	125	778.991
0.000000	0.615174	-0.666022	141	18	136	778.805
0.785398	1.732874	-0.951685	16	10	13	778.786
0.785398	2.174483	2.653697	2	123	1	778.722
0.000000	1.510910	-0.740472	0	8	14	778.652
1.308997	1.440580	2.260026	128	2	39	778.305
0.000000	0.591903	2.010408	125	119	10	778.225
0.523599	1.721184	-0.153948	13	21	1	778.204
0.000000	2.104282	-0.813972	116	140	132	778.204
-1.832596	0.850607	-1.335383	125	124	14	778.133
-1.832596	2.115563	0.685730	19	6	7	777.773
-1.047198	1.335669	0.897240	137	131	27	777.736
2.879793	2.393226	1.857173	15	130	140	777.543
-1.047198	1.599406	1.426070	133	18	17	777.440
-0.523599	1.433411	-1.035986	113	139	17	777.426
2.094395	2.587733	0.232235	136	24	143	777.262
-1.047198	1.824694	1.850876	118	21	143	777.202
-0.261799	1.433411	-1.035986	117	135	15	777.160
-2.617994	1.741644	-2.695914	8	32	12	777.083
-2.356194	1.301460	-0.509251	124	140	20	777.068
2.356194	2.108018	1.311430	2	27	22	776.924
-3.141593	2.349581	-2.702517	135	138	122	776.878
1.832596	1.242974	-2.977882	141	21	34	776.855
-0.261799	1.194549	-0.801900	7	5	15	776.757
1.832596	1.014500	0.906702	10	22	24	776.746
2.617994	1.606104	-0.451151	29	18	133	776.693
-3.141593	2.664082	-1.071402	16	18	8	776.578
2.617994	2.164094	-2.991358	141	142	121	776.482
-0.785398	1.554776	0.100351	133	130	130	776.442
1.308997	0.866955	-0.931351	13	143	22	776.413
1.570796	1.391910	3.030322	132	132	31	776.360
-0.261799	2.073035	2.027405	123	126	128	776.259
1.308997	2.592629	0.909713	126	2	133	776.253
-3.141593	2.164094	-2.991358	122	4	16	776.118
-1.832596	0.379747	-1.713059	6	35	6	776.092
-0.523599	0.674054	1.013609	132	140	33	776.085
0.523599	2.724429	-0.348782	24	142	8	776.003
1.570796	1.617114	-1.572037	13	32	5	775.963
2.879793	1.756530	-2.105156	1	124	4	775.890
0.261799	1.367556	0.358405	125	133	13	775.836
-2.356194	1.982574	-1.115518	15	133	4	775.829
1.832596	2.299159	2.264663	139	140	130	775.815
-0.261799	1.699788	2.452890	133	5	10	775.808
1.047198	2.356369	3.005869	26	5	118	775.754
2.879793	2.704512	1.488683	16	130	141	775.743
-1.047198	1.391910	3.030322	119	8	0	775.599
1.570796	1.569311	-3.003978	132	21	15	775.560
0.261799	1.391910	3.030322	120	133	26	775.521
2.356194	1.413347	-1.339188	20	12	13	775.418
0.523599	2.588535	-2.976617	139	20	123	775.316
2.879793	2.187132	-0.479875	124	6	19	775.265
-2.879793	1.574060	2.783565	14	27	13	775.102
-1.047198	1.662363	0.915448	141	1	27	775.082
2.094395	1.440580	2.260026	16	5	33	775.020
0.000000	2.588535	-2.976617	142	20	125	774.957
0.785398	2.164094	-2.991358	136	139	48	774.948
-1.832596	1.218453	2.777284	140	24	13	774.821
-1.308997	1.569311	-3.003978	137	24	20	774.808
-3.141593	1.909857	-0.381669	123	6	19	774.729
1.570796	0.899350	-2.069907	25	1	19	774.500
-0.785398	1.875281	0.107086	6	25	142	774.455
0.523599	1.413347	-1.339188	9	8	8	774.422
2.356194	2.979456	-1.009304	21	7	6	774.394
1.832596	0.866395	-2.492918	6	9	28	774.331
-0.785398	0.961715	0.014085	127	19	134	774.270
0.261799	1.721184	-0.153948	121	134	10	774.242
-2.617994	0.866955	-0.931351	124	135	19	774.215
2.617994	1.948085	-2.363031	141	3	132	774.039
1.308997	1.134497	-1.109631	12	142	20	774.020
2.094395	1.606104	-0.451151	34	11	133	773.969
-0.261799	2.664082	-1.071402	116	28	0	773.952
0.785398	2.356369	3.005869	143	119	143	773.748
-0.261799	2.724429	-0.348782	131	35	141	773.629
0.523599	0.458961	-0.107937	139	0	29	773.593
2.356194	1.606104	-0.451151	31	14	133	772.942
1.832596	1.488617	1.159546	8	23	24	772.833
0.261799	0.914445	2.687814	128	0	36	772.087
0.523599	0.910508	1.903534	16	33	16	772.070
2.617994	2.089241	-0.114193	126	19	141	772.059
0.000000	2.174483	2.653697	136	123	3	772.017
1.047198	1.606104	-0.451151	11	139	14	771.923
1.832596	2.180315	-1.357379	15	37	0	771.695
0.523599	1.809167	1.213774	29	3	19	771.666
-2.617994	2.089241	-0.114193	126	5	20	771.654
-0.261799	2.041297	-2.664597	118	135	5	771.589
1.570796	0.418037	1.360082	27	143	15	771.516
-0.523599	2.343981	-1.040456	124	32	0	771.497
-1.308997	2.104282	-0.813972	125	117	0	771.367
-2.356194	0.899350	-2.069907	136	26	6	770.932
-1.308997	1.413430	2.550734	3	16	26	770.877
1.570796	2.187132	-0.479875	8	142	13	770.773
1.570796	1.662363	0.915448	13	23	19	770.704
2.094395	0.709924	0.218797	9	24	20	770.573
-1.832596	1.606104	-0.451151	129	7	125	770.392
-3.141593	1.413347	-1.339188	6	124	137	770.304
0.523599	1.948085	-2.363031	119	129	2	770.234
1.308997	1.214854	-1.966664	143	16	1	770.155
-0.785398	2.579248	-2.364801	24	142	143	770.144
-1.832596	1.135813	-2.658866	139	131	2	770.014
-0.523599	0.762244	-0.273349	1	12	24	769.969
-2.094395	1.555207	1.708892	126	7	3	769.926
-2.617994	2.174483	2.653697	2	24	26	769.745
-3.141593	1.683268	0.374177	129	22	132	769.711
-0.523599	2.478122	2.609777	127	133	1	769.678
-2.356194	2.153910	-1.714959	127	14	138	769.496
1.047198	0.571433	-1.188419	1	142	28	769.482
2.617994	1.134796	2.434290	20	7	29	769.436
0.261799	1.574060	2.783565	17	15	125	769.375
-0.785398	2.063651	-2.044600	112	139	6	769.328
-2.094395	0.591903	2.010408	127	4	2	769.260
-0.261799	0.619654	-2.216909	139	122	5	769.226
0.000000	0.910508	1.903534	23	128	18	769.135
-1.308997	1.766067	2.153843	14	7	30	769.088
-2.617994	1.756530	-2.105156	8	127	141	769.011
2.094395	1.242974	-2.977882	18	26	138	768.992
-0.523599	1.574060	2.783565	131	132	9	768.708
-3.141593	0.992645	-1.723759	10	27	11	768.566
-1.308997	2.404280	-0.174044	115	2	1	768.417
0.523599	1.545873	-1.877082	140	127	118	768.291
-1.308997	2.153910	-1.714959	110	3	7	768.230
1.047198	0.458961	-0.107937	133	22	25	768.186
-1.570796	1.134497	-1.109631	129	120	13	768.184
2.617994	2.343981	-1.040456	125	6	21	768.157
0.523599	0.496451	0.593859	29	8	18	767.888
-1.570796	1.732874	-0.951685	128	6	129	767.302
1.832596	2.664082	-1.071402	5	33	131	767.203
-1.832596	2.407836	1.410646	5	3	16	767.132
2.617994	1.766067	2.153843	10	26	13	767.096
2.879793	1.242974	-2.977882	18	12	27	766.972
-1.570796	2.295480	1.008277	16	6	12	766.879
1.308997	1.809167	1.213774	126	17	29	766.770
-0.785398	1.766067	2.153843	117	139	128	766.769
-0.523599	1.721184	-0.153948	130	134	124	766.361
-0.523599	1.128190	-2.288622	132	120	138	766.340
-2.879793	2.349581	-2.702517	132	34	15	766.162
1.832596	1.134497	-1.109631	17	2	21	766.153
-1.570796	0.419640	2.974122	19	17	25	766.118
-0.523599	1.554776	0.100351	131	131	124	766.025
-2.356194	1.488617	1.159546	25	143	134	765.818
0.523599	2.349581	-2.702517	17	137	36	765.728
-0.785398	2.407836	1.410646	119	135	135	765.682
1.570796	1.555207	1.708892	25	6	25	765.473
0.000000	2.724429	-0.348782	133	36	3	765.398
-0.261799	1.214854	-1.966664	120	134	21	765.355
0.000000	1.440580	2.260026	125	140	134	765.210
1.832596	2.979456	-1.009304	0	30	129	765.182
-0.261799	1.025536	1.576859	5	117	140	764.790
1.308997	1.606104	-0.451151	6	16	143	764.769
1.570796	2.579248	-2.364801	11	18	1	764.680
0.000000	1.194549	-0.801900	138	9	19	764.031
1.047198	0.914445	2.687814	24	133	17	763.966
-2.617994	1.214854	-1.966664	129	25	4	763.793
-1.570796	0.297065	2.160177	119	2	15	763.781
2.094395	2.979456	-1.009304	132	124	123	763.779
0.523599	1.617114	-1.572037	14	8	6	763.774
-0.261799	0.992645	-1.723759	2	115	142	763.640
0.785398	0.961715	0.014085	137	120	129	763.623
1.570796	2.592629	0.909713	35	135	7	763.542
0.785398	0.618092	2.539118	142	4	31	763.500
-1.832596	1.195355	1.200319	135	34	22	763.401
-2.879793	1.617114	-1.572037	10	125	1	763.385
0.000000	2.478122	2.609777	133	128	139	763.213
-3.141593	2.187132	-0.479875	126	6	20	763.125
0.523599	1.977582	0.969896	133	138	1	762.985
-2.356194	2.356369	3.005869	113	18	9	762.971
-0.523599	1.982574	-1.115518	126	32	1	762.916
0.523599	2.343981	-1.040456	16	10	4	762.753
-1.308997	0.379747	-1.713059	135	38	8	762.698
2.879793	1.135834	-1.431087	3	123	135	762.687
-2.356194	0.733948	3.021411	23	137	34	762.683
-0.261799	0.591903	2.010408	15	18	30	762.424
2.094395	0.762244	-0.273349	139	16	129	762.345
-1.047198	2.174483	2.653697	141	13	24	762.344
-1.047198	1.683268	0.374177	4	23	133	762.254
-2.617994	1.617114	-1.572037	9	127	138	762.069
-2.094395	0.290380	-0.796960	124	33	142	762.054
-0.523599	0.591903	2.010408	15	13	32	762.019
0.261799	1.741644	-2.695914	16	143	40	761.993
1.308997	1.699788	2.452890	1	6	127	761.931
0.000000	1.555207	1.708892	29	22	23	761.760
0.523599	0.709924	0.218797	0	15	37	761.601
2.617994	2.073035	2.027405	21	19	22	761.366
1.047198	1.721184	-0.153948	115	3	18	761.233
-1.570796	2.299159	2.264663	142	11	22	761.086
-0.261799	1.128190	-2.288622	118	135	21	761.057
-2.617994	2.984978	1.954446	2	26	141	760.951
-1.832596	1.214854	-1.966664	135	24	0	760.900
-0.523599	1.696674	-1.253233	10	140	107	760.645
1.047198	1.045978	0.343692	11	27	140	760.474
0.785398	1.977582	0.969896	119	10	16	760.384
-0.785398	0.700570	1.559208	131	18	28	760.215
-0.523599	1.617114	-1.572037	142	118	133	760.172
-2.879793	1.448123	-2.163292	143	26	13	760.056
-1.570796	1.948085	-2.363031	136	22	117	760.053
-2.879793	1.045978	0.343692	138	19	24	759.989
2.356194	1.417623	-0.202254	0	28	12	759.853
-0.261799	2.349581	-2.702517	117	14	20	759.697
2.617994	1.699788	2.452890	122	31	14	759.593
1.832596	1.875281	0.107086	32	13	124	759.171
-1.047198	2.073035	2.027405	125	137	140	759.155
-3.141593	0.640596	-2.797608	23	6	25	759.113
1.832596	1.824694	1.850876	30	7	18	759.066
1.308997	1.045978	0.343692	4	26	138	758.729
-0.261799	1.606104	-0.451151	137	9	15	758.671
1.570796	0.458961	-0.107937	26	16	19	758.606
0.000000	1.836682	-0.676006	131	131	2	758.414
1.832596	1.732874	-0.951685	18	1	15	758.260
-2.356194	2.089241	-0.114193	126	6	21	758.146
2.617994	2.187132	-0.479875	123	5	19	758.081
1.570796	1.574060	2.783565	30	14	130	757.818
1.047198	1.014500	0.906702	14	12	30	757.806
1.308997	2.356369	3.005869	27	7	117	757.755
0.000000	1.014500	0.906702	41	1	108	757.746
-1.832596	2.153910	-1.714959	14	32	26	757.716
-1.308997	2.456751	-1.503343	125	8	129	757.696
-0.523599	1.450119	-2.739050	137	129	13	757.683
-3.141593	1.699788	2.452890	19	19	25	757.609
-0.523599	1.194549	-0.801900	2	117	1	757.471
1.832596	1.450119	-2.739050	8	18	32	757.428
1.047198	0.864993	2.278281	130	6	6	757.335
0.523599	0.571433	-1.188419	135	9	16	757.332
0.000000	1.998705	2.370472	134	8	131	757.034
-0.261799	0.700570	1.559208	22	9	26	756.989
-1.570796	0.203748	0.590255	7	23	14	756.977
-2.094395	1.766067	2.153843	16	142	31	756.913
-1.832596	1.555207	1.708892	136	37	7	756.897
-1.570796	1.683268	0.374177	133	126	129	756.845
-2.356194	2.404280	-0.174044	118	6	134	756.731
-2.879793	2.153910	-1.714959	133	19	3	756.503
-1.570796	2.164094	-2.991358	128	8	122	756.437
2.879793	1.440580	2.260026	18	14	28	756.399
-2.094395	1.134796	2.434290	130	8	141	756.265
0.523599	0.914445	2.687814	10	131	24	756.135
-0.261799	1.440580	2.260026	122	121	134	756.019
0.785398	1.301460	-0.509251	38	138	124	756.010
1.047198	1.025536	1.576859	7	36	10	755.966
-2.356194	2.115563	0.685730	14	143	10	755.957
-0.785398	1.606104	-0.451151	121	26	135	755.837
-1.308997	1.374601	-2.456031	133	30	11	755.733
1.832596	2.863997	0.549740	138	29	8	755.700
1.832596	1.433411	-1.035986	18	2	17	755.650
2.356194	1.872854	1.543456	4	25	27	755.458
-3.141593	0.961715	0.014085	136	20	24	755.311
0.000000	1.367556	0.358405	1	0	36	754.846
2.094395	1.134796	2.434290	13	0	34	754.808
-2.356194	1.606104	-0.451151	119	142	13	754.772
2.617994	0.914445	2.687814	17	28	143	754.709
-3.141593	1.606104	-0.451151	131	4	19	754.502
2.356194	0.709924	0.218797	125	3	12	754.380
-2.879793	2.588535	-2.976617	125	2	14	754.360
-2.617994	1.433411	-1.035986	143	3	112	754.123
-1.832596	1.135834	-1.431087	127	21	136	753.969
-0.523599	1.812176	0.656819	0	121	126	753.875
-2.879793	0.866955	-0.931351	1	31	143	753.845
-3.141593	1.617114	-1.572037	129	25	18	753.815
-3.141593	1.440580	2.260026	16	15	28	753.764
-2.094395	1.875281	0.107086	126	24	23	753.725
2.879793	1.413430	2.550734	17	12	31	753.684
2.094395	1.214854	-1.966664	20	7	24	753.555
1.832596	1.872854	1.543456	13	20	26	753.536
1.047198	1.756530	-2.105156	16	20	140	753.507
-0.261799	2.104282	-0.813972	17	0	106	753.325
-3.141593	0.762244	-0.273349	130	141	8	753.045
2.094395	1.045978	0.343692	2	135	141	753.009
1.570796	0.203748	0.590255	20	132	14	752.982
0.000000	1.450119	-2.739050	127	132	15	752.789
2.617994	1.870545	-2.976234	143	4	122	752.728
-3.141593	1.214854	-1.966664	5	27	12	752.709
-2.356194	0.379747	-1.713059	119	134	11	752.633
0.523599	0.418037	1.360082	14	24	25	752.573
-0.523599	0.419640	2.974122	138	31	3	752.556
-2.879793	1.367556	0.358405	131	22	22	752.400
1.832596	2.478122	2.609777	140	128	119	751.944
2.879793	1.135813	-2.658866	7	17	27	751.921
2.094395	1.367556	0.358405	6	26	12	751.685
1.047198	2.863997	0.549740	2	30	26	751.644
-3.141593	2.478122	2.609777	9	20	115	751.601
-1.570796	2.455966	-0.641220	114	8	4	751.566
2.356194	1.247695	1.809890	10	18	26	751.473
-1.047198	1.025536	1.576859	15	5	28	751.472
0.523599	1.875281	0.107086	7	120	12	751.386
1.570796	1.135813	-2.658866	3	15	33	751.332
-2.356194	1.310100	1.488307	23	133	6	751.259
-2.617994	1.736875	3.023612	137	4	118	751.064
2.617994	0.591903	2.010408	24	17	18	751.039
0.785398	2.033014	2.977192	141	7	130	751.005
-1.047198	1.836682	-0.676006	8	10	15	750.975
-1.308997	2.863997	0.549740	11	126	3	750.918
-0.785398	2.393226	1.857173	126	21	135	750.912
1.308997	1.696674	-1.253233	18	26	11	750.867
2.356194	2.164094	-2.991358	3	31	18	750.771
-1.308997	1.836682	-0.676006	125	120	9	750.621
2.094395	2.724429	-0.348782	5	0	23	750.591
-2.879793	1.194549	-0.801900	39	10	107	750.483
1.570796	1.440580	2.260026	19	142	30	750.447
-1.308997	2.174483	2.653697	142	15	24	750.377
-2.094395	1.135834	-1.431087	137	30	141	750.148
-0.261799	1.721184	-0.153948	125	15	19	750.117
2.617994	1.904882	-1.478089	12	17	11	750.080
-1.570796	0.910508	1.903534	139	29	22	750.068
-1.832596	1.014500	0.906702	131	15	141	750.036
0.000000	1.870545	-2.976234	130	129	11	749.955
1.047198	2.349581	-2.702517	29	135	122	749.950
-1.570796	2.138223	1.678323	114	3	4	749.900
-0.261799	2.089241	-0.114193	132	138	137	749.875
0.000000	2.033014	2.977192	132	126	1	749.871
1.047198	1.696674	-1.253233	17	19	6	749.827
-0.785398	1.045978	0.343692	1	18	133	749.752
-0.523599	1.440580	2.260026	125	6	4	749.719
0.261799	1.555207	1.708892	24	25	24	749.580
-1.832596	2.138223	1.678323	114	5	4	749.539
2.356194	1.391910	3.030322	32	6	18	749.494
1.570796	1.242974	-2.977882	29	118	10	749.464
1.047198	1.699788	2.452890	2	120	125	749.420
-2.617994	2.164094	-2.991358	13	19	36	749.355
0.000000	1.488617	1.159546	28	141	22	749.210
2.879793	1.736875	3.023612	8	29	128	749.083
-2.094395	1.413430	2.550734	7	22	19	748.891
0.261799	2.393226	1.857173	124	126	121	748.890
-0.261799	0.571433	-1.188419	15	8	19	748.724
-1.047198	0.571433	-1.188419	9	3	22	748.656
-1.308997	1.982574	-1.115518	126	5	132	748.586
2.879793	2.180315	-1.357379	9	17	8	748.492
-0.261799	0.864993	2.278281	121	119	1	748.393
-2.094395	1.982574	-1.115518	125	12	23	748.328
-0.785398	0.619654	-2.216909	120	3	30	748.268
0.261799	0.370812	-2.547742	21	0	19	748.179
1.047198	2.041297	-2.664597	32	9	129	748.168
0.523599	1.836682	-0.676006	121	125	128	748.168
0.000000	1.168678	2.108595	22	28	22	748.083
2.356194	1.134497	-1.109631	26	12	13	748.047
-0.261799	1.904882	-1.478089	141	132	112	748.011
1.308997	1.741644	-2.695914	33	122	138	747.950
-1.570796	0.733948	3.021411	115	0	140	747.773
-0.523599	0.619654	-2.216909	120	2	30	747.700
1.047198	2.587733	0.232235	123	138	133	747.388
1.570796	1.413347	-1.339188	34	138	3	747.363
2.879793	0.899350	-2.069907	21	19	15	747.332
-2.617994	1.014500	0.906702	136	18	18	747.189
-2.356194	2.033014	2.977192	139	27	133	746.999
-3.141593	1.025536	1.576859	118	129	128	746.864
0.523599	0.618092	2.539118	5	1	29	746.844
0.000000	0.640596	-2.797608	127	138	3	746.812
0.261799	1.846342	-1.796954	126	120	16	746.811
-2.617994	1.510910	-0.740472	119	1	11	746.795
-1.570796	1.310100	1.488307	16	141	24	746.762
0.261799	1.025536	1.576859	20	28	17	746.762
1.570796	0.571433	-1.188419	13	1	24	746.743
-2.356194	0.866955	-0.931351	3	36	135	746.712
0.261799	1.872854	1.543456	128	140	1	746.710
2.617994	1.242974	-2.977882	137	20	31	746.664
0.785398	1.413430	2.550734	17	30	27	746.550
-1.047198	2.579248	-2.364801	25	142	140	746.539
-0.261799	0.906588	1.252948	120	132	16	746.529
1.047198	2.247462	0.191623	119	5	18	746.526
-1.308997	1.875281	0.107086	140	124	121	746.511
-2.094395	1.909857	-0.381669	119	139	12	746.300
-1.047198	1.555207	1.708892	138	121	135	746.196
-0.261799	2.174483	2.653697	131	130	142	746.154
0.000000	2.396274	-1.959260	121	19	10	746.060
2.879793	0.618092	2.539118	13	143	32	745.994
-1.570796	1.433411	-1.035986	25	38	138	745.773
1.570796	1.766067	2.153843	4	132	129	745.739
0.000000	1.391910	3.030322	138	132	19	745.545
-2.617994	2.637879	2.121598	7	28	0	745.348
1.570796	0.674054	1.013609	10	17	28	745.300
2.879793	2.587733	0.232235	140	2	17	745.173
0.523599	0.733948	3.021411	19	131	19	745.166
-2.094395	2.164094	-2.991358	140	136	126	744.987
0.261799	2.115563	0.685730	131	134	2	744.907
-0.523599	1.134796	2.434290	126	6	12	744.821
-2.617994	1.554776	0.100351	113	20	16	744.741
-1.047198	0.418037	1.360082	135	143	35	744.695
1.308997	1.977582	0.969896	127	18	26	744.686
0.261799	1.683268	0.374177	40	126	136	744.557
2.617994	2.001437	0.381215	139	24	4	744.529
2.879793	0.914445	2.687814	17	0	32	744.417
-3.141593	2.138223	1.678323	28	26	9	744.402
-2.356194	1.413430	2.550734	5	34	7	744.376
-2.879793	1.413430	2.550734	19	15	27	744.323
0.000000	2.404280	-0.174044	130	140	141	744.193
-1.570796	2.073035	2.027405	128	139	123	744.001
1.832596	2.138223	1.678323	123	3	5	743.872
1.047198	2.579248	-2.364801	21	134	32	743.809
1.047198	2.404280	-0.174044	28	4	15	743.671
-1.570796	2.089241	-0.114193	21	19	6	743.633
2.356194	1.374601	-2.456031	5	16	26	743.568
-2.879793	1.433411	-1.035986	45	5	113	743.512
2.617994	0.992645	-1.723759	5	17	23	743.473
-1.832596	1.766067	2.153843	17	0	31	743.427
-3.141593	0.370812	-2.547742	39	12	2	743.421
-0.523599	1.413347	-1.339188	112	139	20	743.308
-2.356194	1.569311	-3.003978	135	27	137	743.173
-0.523599	2.587733	0.232235	123	138	143	743.093
-1.832596	1.325504	-1.671296	118	126	142	742.952
1.047198	1.128190	-2.288622	130	18	17	742.792
2.094395	2.153910	-1.714959	142	36	137	742.781
0.261799	1.335669	0.897240	20	23	14	742.727
-2.879793	1.699788	2.452890	17	18	26	742.687
-1.832596	2.073035	2.027405	11	143	32	742.418
0.523599	2.704512	1.488683	130	141	137	742.363
-2.879793	1.732874	-0.951685	130	26	22	742.315
2.879793	1.870545	-2.976234	130	2	12	742.248
1.832596	0.203748	0.590255	16	3	23	742.236
-1.047198	2.592629	0.909713	8	18	139	742.200
2.094395	1.869911	2.701025	143	136	132	741.954
-2.356194	2.579248	-2.364801	121	3	19	741.945
-0.785398	0.850607	-1.335383	115	5	30	741.908
1.047198	2.153910	-1.714959	13	22	140	741.798
2.356194	2.587733	0.232235	24	9	116	741.734
0.261799	2.881233	-2.582574	137	7	25	741.628
2.879793	0.850607	-1.335383	8	123	138	741.339
0.261799	2.379497	0.561089	133	132	0	741.320
-1.570796	0.831641	0.616218	122	125	130	741.235
-3.141593	1.869911	2.701025	23	18	21	741.203
0.261799	0.591903	2.010408	20	131	14	741.102
-2.356194	2.001437	0.381215	20	4	7	741.076
-1.570796	1.599406	1.426070	123	32	9	741.020
-0.523599	2.164094	-2.991358	125	133	3	740.969
1.832596	2.455966	-0.641220	2	0	21	740.802
1.047198	0.418037	1.360082	141	32	140	740.643
1.832596	0.619654	-2.216909	8	5	27	740.530
-2.617994	2.881233	-2.582574	115	8	19	740.415
1.308997	0.379747	-1.713059	141	0	32	740.257
-0.523599	1.662363	0.915448	120	7	14	740.192
-1.308997	1.135834	-1.431087	124	7	136	740.090
1.308997	2.379497	0.561089	36	135	15	740.086
0.785398	1.766067	2.153843	28	127	122	740.076
-1.570796	2.379497	0.561089	7	18	140	740.055
1.570796	2.104282	-0.813972	27	29	10	740.046
0.523599	0.906588	1.252948	28	17	21	739.997
-0.523599	1.948085	-2.363031	128	139	126	739.912
-0.523599	1.606104	-0.451151	0	9	13	739.849
-3.141593	1.391910	3.030322	5	18	33	739.484
-2.356194	1.870545	-2.976234	138	140	128	739.427
2.617994	2.984978	1.954446	119	28	143	739.379
0.000000	0.961715	0.014085	126	134	21	739.270
1.308997	2.637879	2.121598	140	7	132	739.255
-2.094395	0.618092	2.539118	132	3	3	739.185
-3.141593	0.700570	1.559208	2	19	18	739.051
-0.523599	0.929350	-2.910676	0	134	17	739.029
-3.141593	1.736875	3.023612	124	25	21	738.818
-1.308997	1.325504	-1.671296	104	10	17	738.769
1.047198	2.343981	-1.040456	7	0	17	738.682
-2.094395	1.617114	-1.572037	132	19	136	738.669
-3.141593	2.343981	-1.040456	34	137	109	738.648
-2.094395	2.379497	0.561089	16	2	12	738.630
1.047198	2.001437	0.381215	19	20	8	738.585
0.785398	1.367556	0.358405	141	128	128	738.430
1.308997	1.488617	1.159546	31	28	142	738.274
2.094395	2.343981	-1.040456	132	2	127	738.220
1.308997	2.343981	-1.040456	140	7	20	738.073
0.523599	1.869911	2.701025	15	15	127	737.916
0.000000	0.290380	-0.796960	38	4	1	737.866
1.308997	1.998705	2.370472	1	125	121	737.812
-2.617994	1.569311	-3.003978	5	27	18	737.801
1.570796	2.393226	1.857173	20	7	113	737.788
1.570796	2.407836	1.410646	31	127	6	737.498
0.261799	0.290380	-0.796960	132	10	13	737.404
-1.570796	1.325504	-1.671296	123	120	142	737.386
2.356194	0.379747	-1.713059	25	6	20	737.338
1.570796	2.108018	1.311430	127	15	29	737.265
1.308997	1.194549	-0.801900	14	141	20	737.165
-1.570796	1.014500	0.906702	8	120	14	737.069
1.832596	1.545873	-1.877082	7	35	0	737.064
0.785398	1.846342	-1.796954	4	5	25	737.058
-2.617994	2.478122	2.609777	7	15	35	736.811
-0.261799	0.674054	1.013609	134	142	33	736.749
0.261799	1.134796	2.434290	134	113	134	736.700
-1.570796	0.571433	-1.188419	126	134	134	736.449
-1.047198	1.050534	3.042579	129	16	9	736.346
-0.785398	1.194549	-0.801900	110	141	19	736.197
2.356194	2.073035	2.027405	14	30	8	736.180
0.261799	2.180315	-1.357379	5	10	105	736.141
0.523599	1.325504	-1.671296	19	9	11	735.951
2.356194	2.180315	-1.357379	124	6	23	735.887
1.570796	1.374601	-2.456031	26	10	11	735.806
-0.785398	1.574060	2.783565	117	138	12	735.509
-0.785398	0.709924	0.218797	5	17	134	735.508
-2.879793	1.741644	-2.695914	137	28	13	735.392
1.570796	2.587733	0.232235	137	28	4	735.305
-0.261799	1.413430	2.550734	23	14	36	735.289
-1.308997	1.599406	1.426070	132	22	21	735.231
1.570796	2.588535	-2.976617	133	16	125	735.144
1.308997	1.504028	0.636812	8	30	5	735.128
1.832596	1.367556	0.358405	133	27	134	735.010
1.832596	1.128190	-2.288622	25	12	14	734.944
-0.785398	1.696674	-1.253233	110	142	16	734.931
-1.832596	2.299159	2.264663	143	14	22	734.923
-1.832596	1.599406	1.426070	21	10	132	734.891
0.523599	1.448123	-2.163292	12	15	129	734.856
2.879793	1.836682	-0.676006	124	6	19	734.778
1.047198	0.591903	2.010408	9	5	29	734.718
-3.141593	1.448123	-2.163292	3	29	4	734.703
-1.570796	0.618092	2.539118	28	15	10	734.689
-1.570796	1.448123	-2.163292	15	0	121	734.680
-1.832596	2.579248	-2.364801	141	124	119	734.567
-1.308997	1.506530	1.988858	137	16	17	734.531
-1.832596	0.914445	2.687814	11	3	123	734.460
1.570796	1.732874	-0.951685	29	7	111	734.393
2.879793	0.619654	-2.216909	25	11	21	734.328
0.523599	0.992645	-1.723759	19	10	12	734.269
1.047198	0.685216	-1.712745	128	11	15	734.219
-1.832596	0.674054	1.013609	12	118	15	734.137
0.523599	0.929350	-2.910676	0	2	122	734.021
-1.570796	2.478122	2.609777	137	15	22	733.843
-0.785398	2.404280	-0.174044	34	33	139	733.832
0.785398	1.869911	2.701025	142	124	117	733.708
1.308997	0.419640	2.974122	25	5	18	733.632
-3.141593	2.592629	0.909713	115	12	0	733.608
-1.047198	0.080730	-2.622036	11	35	9	733.553
-1.570796	1.869911	2.701025	129	24	142	733.548
-2.617994	1.134497	-1.109631	118	141	11	733.438
2.094395	1.982574	-1.115518	121	5	20	733.333
-2.094395	2.251330	-2.330739	15	24	34	733.313
-2.617994	1.870545	-2.976234	134	1	119	733.279
1.832596	1.506530	1.988858	27	4	23	733.266
-2.879793	1.545873	-1.877082	125	27	143	733.247
1.832596	1.574060	2.783565	29	17	131	733.188
-0.785398	1.998705	2.370472	128	133	142	733.180
-0.785398	2.174483	2.653697	137	11	20	733.133
1.570796	0.866395	-2.492918	141	11	33	733.129
-0.785398	1.824694	1.850876	118	138	135	733.060
2.617994	0.866955	-0.931351	8	121	136	733.058
-0.785398	0.640596	-2.797608	118	2	31	732.855
0.785398	1.214854	-1.966664	13	15	128	732.853
-1.308997	2.063651	-2.044600	135	121	124	732.715
-1.308997	0.961715	0.014085	137	127	2	732.612
-0.523599	2.588535	-2.976617	1	21	137	732.586
0.261799	2.760637	2.781135	135	127	134	732.529
2.617994	1.732874	-0.951685	124	6	19	732.517
0.785398	2.349581	-2.702517	20	139	37	732.372
-2.879793	1.869911	2.701025	8	22	30	732.347
0.785398	2.299159	2.264663	139	6	134	732.304
1.047198	0.619654	-2.216909	136	19	19	732.198
0.785398	1.134796	2.434290	12	138	28	732.178
-1.570796	2.343981	-1.040456	123	120	135	732.125
-2.879793	1.440580	2.260026	14	15	28	732.113
0.000000	2.579248	-2.364801	137	136	114	732.042
2.356194	0.960688	-0.577532	28	14	11	731.947
0.785398	1.168678	2.108595	143	112	137	731.942
-1.047198	0.685216	-1.712745	117	5	30	731.910
-1.308997	1.699788	2.452890	132	18	12	731.777
0.523599	1.134796	2.434290	10	139	28	731.619
0.785398	1.310100	1.488307	140	113	4	731.607
-1.047198	1.256302	0.062705	141	11	30	731.601
-0.261799	2.138223	1.678323	122	123	133	731.474
1.570796	1.510910	-0.740472	34	136	5	731.408
-0.785398	1.617114	-1.572037	129	138	133	731.153
0.000000	2.164094	-2.991358	124	131	6	731.106
-0.261799	1.809167	1.213774	5	22	143	731.043
1.832596	1.391910	3.030322	143	26	31	731.010
-1.832596	1.658653	-2.409879	20	142	126	730.924
0.523599	2.138223	1.678323	130	143	1	730.871
-2.879793	1.417623	-0.202254	131	25	26	730.787
0.000000	2.592629	0.909713	130	0	140	730.611
2.617994	2.719179	-1.780644	8	20	4	730.471
-2.094395	1.506530	1.988858	19	137	28	730.408
