108	1.2	0
-1.832596	0.458961	-0.107937
2.380392	2.500101	-0.120466
rec.job180002.bl.pdb	-1.163	2.720	49.189
lig.job180002.bl.pdb	-3.776	18.440	45.758
-2.617994	1.824694	1.850876	6	94	5	1643.944
-0.523599	0.906588	1.252948	16	104	105	1557.092
-1.832596	1.696674	-1.253233	14	11	2	1184.348
-0.785398	0.906588	1.252948	15	100	104	1168.456
-2.356194	1.766067	2.153843	7	95	3	1168.317
0.000000	1.128190	-2.288622	14	12	14	1158.123
-0.261799	0.899350	-2.069907	15	12	12	1156.259
-1.570796	1.870545	-2.976234	6	92	107	1155.909
-0.261799	0.906588	1.252948	19	107	105	1137.409
-1.570796	1.732874	-0.951685	13	9	107	1134.516
0.523599	0.899350	-2.069907	98	14	107	1133.949
0.000000	0.899350	-2.069907	13	14	11	1129.569
-1.832596	2.180315	-1.357379	11	16	3	1125.312
-2.356194	1.134497	-1.109631	15	100	9	1121.200
-2.094395	1.413347	-1.339188	17	8	2	1106.115
-2.617994	0.762244	-0.273349	15	103	1	1097.445
-2.356194	0.866955	-0.931351	15	100	7	1094.064
-1.047198	1.736875	3.023612	16	101	6	1085.782
-2.617994	2.073035	2.027405	6	93	6	1080.969
-2.879793	1.335669	0.897240	14	105	98	1074.137
-1.308997	1.732874	-0.951685	12	10	107	1071.221
-2.617994	0.960688	-0.577532	14	100	4	1057.023
-1.832596	1.732874	-0.951685	14	8	107	1046.935
-2.879793	1.195355	1.200319	7	105	92	1041.386
-3.141593	0.762244	-0.273349	13	97	9	1036.391
1.308997	0.640596	-2.797608	20	1	5	1033.538
-0.785398	1.766067	2.153843	15	7	2	1033.449
-1.570796	0.709924	0.218797	6	19	2	1031.279
-2.356194	1.998705	2.370472	7	94	4	1028.960
-2.094395	2.180315	-1.357379	14	16	4	1024.275
-0.261799	1.128190	-2.288622	16	11	14	1023.717
-1.832596	2.033014	2.977192	6	93	2	1021.959
-1.570796	1.433411	-1.035986	13	9	0	1019.119
-2.094395	0.866955	-0.931351	15	104	4	1018.527
0.000000	1.450119	-2.739050	17	14	96	1015.118
-1.832596	1.413347	-1.339188	15	6	0	1010.754
-2.356194	0.960688	-0.577532	15	103	4	1010.708
0.261799	0.899350	-2.069907	99	15	107	1009.984
0.261799	1.374601	-2.456031	16	13	14	1008.560
-3.141593	0.960688	-0.577532	11	96	12	1002.238
0.261799	1.128190	-2.288622	13	13	14	996.063
-2.356194	1.128190	-2.288622	14	101	1	992.873
-0.785398	1.135813	-2.658866	19	4	13	991.189
-1.570796	1.998705	2.370472	16	104	6	984.447
0.261799	1.135813	-2.658866	18	12	11	983.532
-1.047198	2.174483	2.653697	16	105	0	979.804
0.261799	1.998705	2.370472	1	16	105	978.680
0.000000	1.374601	-2.456031	17	11	14	977.927
0.523599	1.374601	-2.456031	14	14	13	975.283
2.356194	0.418037	1.360082	2	105	90	974.724
-2.094395	1.134497	-1.109631	15	102	5	970.028
-0.523599	1.014500	0.906702	16	101	100	969.014
-1.832596	1.766067	2.153843	11	98	102	967.878
-2.356194	2.180315	-1.357379	17	14	4	967.422
-2.617994	2.180315	-1.357379	19	11	4	963.806
0.261799	2.299159	2.264663	107	17	107	962.953
-0.785398	1.450119	-2.739050	19	107	14	962.273
0.785398	0.899350	-2.069907	98	15	1	961.789
-0.523599	1.699788	2.452890	15	8	3	960.610
-3.141593	1.433411	-1.035986	9	97	17	959.881
0.523599	1.135813	-2.658866	16	14	11	958.941
-1.308997	1.998705	2.370472	15	103	105	957.375
-2.094395	1.135834	-1.431087	15	102	4	956.554
0.000000	2.881233	-2.582574	16	7	104	953.563
-0.523599	1.195355	1.200319	16	103	103	953.461
-0.785398	1.413347	-1.339188	96	13	100	950.016
-0.523599	0.864993	2.278281	5	103	90	948.291
-1.570796	2.984978	1.954446	16	7	104	942.922
-1.570796	0.379747	-1.713059	13	101	99	942.816
-2.094395	1.696674	-1.253233	16	9	2	942.394
-0.523599	1.256302	0.062705	17	8	3	942.213
-1.308997	1.433411	-1.035986	12	10	107	939.625
-1.832596	1.875281	0.107086	17	10	16	938.958
-2.356194	1.982574	-1.115518	16	0	102	938.812
-1.308997	2.299159	2.264663	16	106	105	935.238
1.047198	0.640596	-2.797608	19	105	5	933.309
-1.570796	1.696674	-1.253233	13	12	1	933.273
1.832596	2.295480	1.008277	10	94	3	931.833
-2.094395	1.766067	2.153843	10	96	106	931.056
-1.308997	0.866955	-0.931351	16	11	15	930.888
-0.523599	0.899350	-2.069907	17	11	13	928.191
-0.261799	1.510910	-0.740472	105	7	89	927.925
-0.785398	1.256302	0.062705	17	6	3	927.540
-1.832596	1.135834	-1.431087	16	5	0	924.688
-0.523599	1.135813	-2.658866	20	6	13	924.501
-2.356194	2.001437	0.381215	19	7	15	924.230
-2.094395	1.134796	2.434290	8	98	97	924.086
2.094395	0.419640	2.974122	21	107	4	923.092
-2.356194	1.194549	-0.801900	14	101	6	922.884
0.785398	0.866395	-2.492918	19	105	2	922.458
1.047198	2.073035	2.027405	91	2	92	920.061
-1.832596	0.571433	-1.188419	15	105	105	918.364
2.094395	1.014500	0.906702	106	95	19	918.118
-3.141593	0.674054	1.013609	7	105	91	917.498
-1.047198	1.128190	-2.288622	19	2	14	916.863
-0.523599	1.736875	3.023612	20	2	7	916.594
-0.261799	1.335669	0.897240	99	8	90	916.479
-0.523599	1.555207	1.708892	104	4	90	916.331
-0.523599	1.417623	-0.202254	17	8	3	914.568
-1.570796	1.545873	-1.877082	16	4	103	912.646
-1.832596	1.555207	1.708892	14	102	105	909.406
0.000000	0.866395	-2.492918	17	12	11	909.117
-2.094395	1.325504	-1.671296	18	3	2	907.921
-1.832596	1.433411	-1.035986	14	8	106	907.461
-0.785398	1.301460	-0.509251	19	0	106	906.344
-1.832596	1.450119	-2.739050	6	92	3	905.976
-0.523599	1.218453	2.777284	7	101	91	905.319
0.785398	1.450119	-2.739050	16	15	10	904.375
0.000000	0.379747	-1.713059	19	101	4	904.254
0.523599	2.881233	-2.582574	15	12	103	904.044
-1.570796	0.762244	-0.273349	14	14	10	903.411
0.523599	1.450119	-2.739050	18	13	10	902.981
-1.832596	1.325504	-1.671296	16	5	1	901.654
-2.617994	1.766067	2.153843	5	92	3	901.537
-0.523599	1.450119	-2.739050	20	2	14	901.276
0.261799	1.450119	-2.739050	19	11	11	900.962
-0.261799	0.571433	-1.188419	20	104	1	899.781
-1.047198	2.478122	2.609777	17	107	107	898.113
-2.879793	1.824694	1.850876	5	91	5	897.783
-2.094395	2.299159	2.264663	13	16	3	896.721
-0.523599	1.247695	1.809890	105	1	89	896.102
-3.141593	1.310100	1.488307	6	104	90	896.006
2.617994	0.992645	-1.723759	15	100	102	895.392
-1.047198	1.506530	1.988858	16	103	103	895.106
-2.356194	1.904882	-1.478089	18	14	7	894.447
-1.308997	0.762244	-0.273349	9	17	5	894.301
1.570796	0.080730	-2.622036	99	8	94	893.384
-0.523599	1.433411	-1.035986	19	107	101	893.002
-0.785398	1.128190	-2.288622	19	5	14	892.747
-1.570796	1.450119	-2.739050	9	93	2	892.711
-1.308997	1.545873	-1.877082	16	6	103	892.538
-1.047198	0.685216	-1.712745	2	89	6	892.274
2.356194	2.592629	0.909713	20	10	106	892.250
-2.094395	1.194549	-0.801900	18	8	101	887.633
-2.094395	1.214854	-1.966664	18	105	8	887.032
1.047198	0.866395	-2.492918	21	107	3	885.314
-0.261799	1.599406	1.426070	4	16	6	882.684
-3.141593	0.700570	1.559208	107	2	88	882.583
-2.879793	0.685216	-1.712745	19	6	5	882.487
-3.141593	1.696674	-1.253233	8	99	19	882.284
-0.785398	1.599406	1.426070	13	12	8	881.607
0.261799	2.863997	0.549740	107	88	8	881.461
2.879793	0.906588	1.252948	7	105	92	881.332
1.570796	1.846342	-1.796954	99	17	98	879.516
-1.570796	0.458961	-0.107937	10	16	5	879.102
-2.879793	1.184361	0.625864	11	105	95	877.160
2.094395	1.374601	-2.456031	5	97	20	874.619
-1.570796	0.733948	3.021411	16	5	3	874.487
2.617994	1.555207	1.708892	19	104	2	874.474
-2.879793	1.606104	-0.451151	13	98	3	874.133
2.879793	1.168678	2.108595	21	8	9	874.086
-1.308997	0.571433	-1.188419	16	18	8	874.003
-2.356194	1.658653	-2.409879	1	94	14	873.646
2.879793	1.741644	-2.695914	3	91	4	873.231
-2.356194	0.591903	2.010408	104	92	17	872.727
-0.523599	1.310100	1.488307	101	3	88	869.242
0.261799	0.379747	-1.713059	21	104	4	868.809
-2.879793	2.356369	3.005869	17	97	7	868.601
-1.308997	1.325504	-1.671296	15	4	106	868.059
-3.141593	1.014500	0.906702	9	105	93	867.984
1.047198	2.881233	-2.582574	97	12	95	866.938
2.879793	1.696674	-1.253233	106	94	13	866.616
-2.094395	1.128190	-2.288622	15	103	0	866.140
-0.785398	1.214854	-1.966664	7	91	2	865.200
-0.785398	0.762244	-0.273349	19	0	2	864.887
-2.617994	2.299159	2.264663	5	91	8	864.461
2.356194	2.719179	-1.780644	16	96	2	864.186
-0.523599	2.174483	2.653697	95	10	93	864.117
-1.570796	1.506530	1.988858	14	105	107	863.706
-0.785398	1.050534	3.042579	11	99	97	863.209
0.261799	2.881233	-2.582574	16	10	103	862.458
1.308997	2.579248	-2.364801	96	11	93	861.743
-1.308997	0.685216	-1.712745	20	106	16	861.591
-1.308997	1.025536	1.576859	13	98	107	861.550
-1.047198	2.033014	2.977192	16	101	5	861.538
-1.570796	2.343981	-1.040456	8	20	1	860.346
0.261799	0.615174	-0.666022	84	3	97	860.243
-3.141593	1.168678	2.108595	19	12	9	860.217
-2.356194	2.073035	2.027405	15	14	5	859.891
2.356194	1.025536	1.576859	5	88	6	859.233
0.523599	2.863997	0.549740	6	90	9	859.133
0.523599	0.379747	-1.713059	98	11	98	858.864
-1.047198	0.571433	-1.188419	12	20	7	858.655
-1.047198	1.699788	2.452890	18	101	107	857.814
-1.570796	0.992645	-1.723759	18	103	18	857.812
-1.832596	0.864993	2.278281	18	1	106	857.578
-0.261799	0.866395	-2.492918	99	13	102	857.316
2.094395	0.866395	-2.492918	6	3	85	857.207
-0.523599	1.510910	-0.740472	21	107	104	856.675
-0.523599	0.685216	-1.712745	17	11	14	856.531
2.617994	2.407836	1.410646	21	9	106	855.707
-2.617994	0.458961	-0.107937	15	104	107	854.592
0.523599	2.719179	-1.780644	18	3	105	854.554
-0.523599	1.335669	0.897240	15	101	99	854.399
-3.141593	1.812176	0.656819	9	93	103	854.369
2.094395	2.592629	0.909713	22	10	0	854.121
2.617994	0.591903	2.010408	107	5	90	854.055
-0.785398	1.242974	-2.977882	20	1	12	854.042
-2.356194	0.899350	-2.069907	19	6	9	854.017
0.000000	1.134796	2.434290	8	16	2	853.926
-0.785398	1.998705	2.370472	17	6	5	852.797
-0.785398	2.637879	2.121598	13	13	107	852.606
-0.785398	1.736875	3.023612	18	106	7	851.894
-1.832596	1.569311	-3.003978	8	94	3	851.833
-1.047198	0.850607	-1.335383	17	10	15	851.812
-1.308997	2.174483	2.653697	15	101	0	851.305
-3.141593	0.906588	1.252948	6	106	91	850.925
1.047198	0.370812	-2.547742	19	103	3	850.101
1.570796	2.251330	-2.330739	101	10	92	849.749
-0.785398	0.733948	3.021411	10	15	3	849.603
-0.523599	0.619654	-2.216909	101	14	100	848.035
-0.785398	1.413430	2.550734	16	3	4	847.590
-0.261799	1.195355	1.200319	103	5	89	847.014
-0.785398	1.574060	2.783565	97	14	93	846.950
-1.308997	1.310100	1.488307	16	104	0	846.542
0.523599	0.619654	-2.216909	19	104	4	846.210
-2.617994	1.741644	-2.695914	104	94	13	845.468
0.785398	0.379747	-1.713059	95	9	98	845.345
-1.570796	0.685216	-1.712745	14	105	103	845.274
-2.617994	1.194549	-0.801900	14	99	7	845.080
0.000000	1.606104	-0.451151	107	4	86	844.708
2.356194	0.929350	-2.910676	8	0	87	844.570
-2.094395	1.904882	-1.478089	15	15	7	843.738
-2.356194	0.685216	-1.712745	13	0	96	843.586
-2.094395	1.872854	1.543456	12	104	92	842.973
-2.617994	2.115563	0.685730	19	6	98	842.941
-1.570796	1.569311	-3.003978	7	92	104	842.924
0.785398	1.374601	-2.456031	13	16	13	842.828
-1.832596	0.685216	-1.712745	12	101	102	842.817
-1.308997	1.413347	-1.339188	15	6	107	842.385
-2.617994	0.685216	-1.712745	18	11	6	841.776
0.785398	0.685216	-1.712745	92	10	104	841.665
-0.523599	1.128190	-2.288622	18	8	14	841.630
-1.047198	1.391910	3.030322	19	100	9	841.554
-3.141593	1.977582	0.969896	16	1	95	841.546
1.308997	2.704512	1.488683	19	18	102	841.508
0.523599	1.128190	-2.288622	103	18	10	841.406
1.047198	2.379497	0.561089	104	16	98	841.258
0.785398	1.135813	-2.658866	21	1	7	840.820
-1.570796	1.135834	-1.431087	15	18	12	840.542
2.617994	2.704512	1.488683	21	7	103	840.399
-2.356194	1.135834	-1.431087	10	96	105	840.344
-2.617994	1.756530	-2.105156	1	98	18	840.098
-2.356194	2.138223	1.678323	11	99	94	839.579
-1.570796	0.866955	-0.931351	15	18	8	839.432
1.832596	2.719179	-1.780644	3	92	13	839.378
-2.617994	1.367556	0.358405	11	102	98	839.021
-0.785398	2.356369	3.005869	18	106	2	838.447
-2.356194	1.554776	0.100351	20	14	101	838.333
-3.141593	0.685216	-1.712745	20	4	4	837.914
-1.308997	1.836682	-0.676006	11	12	106	837.479
-2.879793	0.961715	0.014085	15	102	4	837.358
-1.047198	1.766067	2.153843	16	4	3	836.697
0.000000	2.187132	-0.479875	101	6	87	836.086
-2.617994	1.617114	-1.572037	20	4	5	836.077
-1.047198	1.721184	-0.153948	18	4	5	835.607
-2.094395	0.571433	-1.188419	19	101	5	835.511
-0.785398	1.417623	-0.202254	19	5	4	835.072
-2.094395	1.617114	-1.572037	18	11	6	834.943
-1.570796	1.325504	-1.671296	15	0	105	833.675
-0.785398	1.135834	-1.431087	98	14	100	833.645
-0.523599	2.379497	0.561089	19	3	0	833.572
0.261799	0.619654	-2.216909	103	16	102	833.484
-1.832596	0.615174	-0.666022	17	18	4	833.375
-1.832596	1.699788	2.452890	9	97	103	833.147
-2.356194	0.992645	-1.723759	13	0	98	832.779
-2.094395	2.104282	-0.813972	17	2	0	832.664
-1.047198	1.218453	2.777284	5	99	92	832.326
-1.832596	0.850607	-1.335383	15	104	2	832.101
0.523599	0.203748	0.590255	16	100	103	831.981
-1.308997	1.450119	-2.739050	15	98	10	831.080
0.000000	0.496451	0.593859	1	19	103	829.930
-3.141593	2.138223	1.678323	17	1	107	829.908
-0.785398	2.760637	2.781135	18	1	105	829.776
-2.356194	1.617114	-1.572037	19	9	6	829.739
0.523599	0.685216	-1.712745	95	13	105	829.422
-1.308997	1.869911	2.701025	14	100	2	829.317
-2.879793	0.379747	-1.713059	20	5	7	829.078
-2.879793	1.194549	-0.801900	13	97	15	829.004
0.000000	2.174483	2.653697	10	15	2	828.254
-3.141593	1.195355	1.200319	7	104	92	828.201
-0.785398	0.496451	0.593859	94	1	88	828.014
-3.141593	1.766067	2.153843	9	1	90	827.794
-1.570796	1.128190	-2.288622	15	107	99	826.210
2.094395	0.906588	1.252948	0	89	12	824.777
0.523599	0.615174	-0.666022	85	107	97	824.302
-1.047198	2.041297	-2.664597	11	94	2	824.034
-1.308997	1.134497	-1.109631	16	10	17	823.997
-2.617994	1.325504	-1.671296	20	0	5	823.657
-1.832596	2.343981	-1.040456	13	16	0	823.334
-2.879793	1.014500	0.906702	7	103	92	822.605
-0.261799	1.374601	-2.456031	18	9	14	821.997
-0.523599	1.998705	2.370472	15	9	2	821.923
-0.261799	1.417623	-0.202254	16	12	3	821.817
-3.141593	2.115563	0.685730	17	2	98	821.614
-3.141593	1.732874	-0.951685	9	98	16	821.503
1.047198	1.870545	-2.976234	3	16	100	821.414
-1.832596	2.299159	2.264663	9	18	3	821.412
-0.785398	1.869911	2.701025	96	13	94	821.195
1.832596	1.554776	0.100351	99	88	12	821.095
-0.785398	1.809167	1.213774	12	14	10	820.927
1.570796	2.704512	1.488683	17	20	102	820.808
-0.261799	2.588535	-2.976617	18	4	0	818.827
2.094395	1.367556	0.358405	106	14	92	818.676
-0.523599	1.374601	-2.456031	18	6	16	817.918
-3.141593	1.417623	-0.202254	13	97	5	817.357
-0.261799	1.909857	-0.381669	101	8	89	816.716
-0.785398	0.992645	-1.723759	8	90	1	816.400
-2.879793	1.875281	0.107086	24	6	101	816.379
-1.308997	1.699788	2.452890	15	99	107	816.244
0.261799	1.448123	-2.163292	12	13	16	816.067
-1.570796	2.455966	-0.641220	16	8	0	815.995
-2.094395	0.899350	-2.069907	12	107	98	815.648
0.523599	1.488617	1.159546	92	5	95	815.544
-1.570796	2.180315	-1.357379	9	17	3	815.373
-0.523599	0.571433	-1.188419	100	12	96	815.355
-1.308997	0.733948	3.021411	16	5	4	815.311
1.832596	2.063651	-2.044600	102	12	94	814.911
-1.308997	2.724429	-0.348782	18	7	2	814.412
-0.523599	0.992645	-1.723759	16	10	15	814.217
1.308997	0.080730	-2.622036	21	105	6	814.147
-0.785398	1.025536	1.576859	15	100	99	814.137
-2.617994	0.709924	0.218797	17	2	4	814.023
0.000000	1.869911	2.701025	12	14	0	813.676
0.261799	1.256302	0.062705	101	11	97	813.331
-2.879793	1.433411	-1.035986	12	98	16	813.289
0.261799	1.184361	0.625864	95	7	94	813.112
-2.356194	2.108018	1.311430	15	105	94	812.521
2.879793	2.407836	1.410646	20	12	107	812.478
1.570796	1.367556	0.358405	97	87	8	812.426
-1.047198	1.113094	-0.272241	5	16	0	811.750
-2.094395	2.001437	0.381215	18	9	16	811.698
1.308997	0.496451	0.593859	7	2	90	811.481
-1.832596	2.393226	1.857173	5	20	4	811.340
-0.785398	0.960688	-0.577532	107	2	89	810.818
-1.570796	0.615174	-0.666022	13	20	4	810.394
-2.356194	1.325504	-1.671296	19	2	3	810.202
-2.094395	1.875281	0.107086	19	16	100	809.856
2.879793	1.606104	-0.451151	5	92	7	809.796
0.523599	0.866395	-2.492918	103	17	105	809.391
-0.785398	1.247695	1.809890	18	102	101	809.336
-0.261799	1.450119	-2.739050	19	12	95	809.305
-1.308997	1.242974	-2.977882	20	99	16	809.227
1.832596	2.979456	-1.009304	16	10	105	808.948
-2.617994	1.134497	-1.109631	13	96	10	808.899
-1.047198	0.379747	-1.713059	2	89	9	808.887
2.617994	0.674054	1.013609	7	92	12	807.694
2.879793	2.138223	1.678323	18	0	106	807.631
-3.141593	0.379747	-1.713059	20	3	7	806.771
-0.523599	1.301460	-0.509251	20	2	106	806.649
0.000000	0.619654	-2.216909	14	17	9	806.572
-2.879793	1.256302	0.062705	18	104	14	806.355
-1.047198	1.574060	2.783565	18	100	4	806.099
-1.047198	1.870545	-2.976234	8	18	107	805.986
-0.261799	2.033014	2.977192	92	5	87	805.775
-3.141593	1.606104	-0.451151	7	95	9	805.733
-1.047198	1.569311	-3.003978	18	101	12	805.727
2.879793	1.721184	-0.153948	10	93	4	805.613
-1.832596	0.290380	-0.796960	19	17	3	805.521
-2.094395	2.393226	1.857173	14	102	98	805.283
0.000000	1.335669	0.897240	103	11	98	805.271
-0.523599	1.134796	2.434290	6	102	89	805.165
-1.570796	1.766067	2.153843	15	106	5	805.084
-1.570796	0.850607	-1.335383	99	18	103	804.969
-2.879793	1.134497	-1.109631	12	95	16	804.315
-1.832596	0.709924	0.218797	12	15	3	804.170
0.000000	0.906588	1.252948	21	1	105	803.809
-1.570796	1.824694	1.850876	15	103	100	803.665
0.261799	0.685216	-1.712745	20	107	2	803.539
-1.047198	1.050534	3.042579	16	5	7	803.240
-3.141593	1.413430	2.550734	105	4	87	802.933
-1.308997	1.574060	2.783565	15	98	4	802.874
-0.785398	0.685216	-1.712745	7	89	0	802.849
-0.523599	2.033014	2.977192	97	10	90	802.235
0.785398	2.379497	0.561089	106	16	98	802.023
2.879793	2.393226	1.857173	20	1	104	801.757
-1.308997	1.683268	0.374177	18	7	6	801.600
-2.094395	1.301460	-0.509251	18	11	103	801.559
-0.785398	2.115563	0.685730	6	16	12	801.387
-0.261799	0.080730	-2.622036	3	90	10	801.274
-2.617994	0.418037	1.360082	105	5	90	800.446
-1.047198	2.587733	0.232235	18	2	0	799.773
-1.308997	0.929350	-2.910676	22	105	15	798.697
-1.570796	1.310100	1.488307	15	105	104	798.446
-1.047198	1.554776	0.100351	16	6	1	796.883
-1.047198	1.440580	2.260026	16	105	106	796.799
1.570796	2.063651	-2.044600	99	13	94	796.760
-3.141593	1.504028	0.636812	10	97	100	796.439
0.523599	1.699788	2.452890	107	16	103	795.887
0.785398	0.619654	-2.216909	21	2	6	795.697
-0.523599	1.869911	2.701025	24	0	3	795.688
-3.141593	2.295480	1.008277	15	107	97	795.403
1.570796	2.881233	-2.582574	15	95	6	795.337
2.879793	0.591903	2.010408	22	103	11	795.105
-0.785398	0.290380	-0.796960	20	100	7	795.055
0.000000	2.637879	2.121598	99	13	97	795.012
1.570796	0.866395	-2.492918	6	107	86	794.661
2.356194	2.984978	1.954446	11	92	3	794.542
1.047198	1.812176	0.656819	106	16	100	794.488
-1.308997	0.992645	-1.723759	14	18	13	794.021
0.523599	1.335669	0.897240	94	6	94	794.019
2.879793	1.875281	0.107086	9	92	3	793.927
-1.832596	1.721184	-0.153948	17	10	17	793.914
2.617994	1.256302	0.062705	7	93	4	793.898
-0.785398	1.699788	2.452890	16	4	4	793.717
-0.785398	2.247462	0.191623	18	0	1	793.452
1.832596	1.214854	-1.966664	5	92	17	793.384
-0.785398	2.174483	2.653697	98	10	91	793.370
1.308997	1.812176	0.656819	104	16	99	793.207
-1.047198	1.732874	-0.951685	12	11	107	792.563
-1.570796	1.875281	0.107086	16	12	16	792.509
-1.047198	1.025536	1.576859	15	99	106	792.229
-1.308997	0.709924	0.218797	0	20	107	792.160
1.570796	1.310100	1.488307	4	89	13	791.633
1.047198	2.979456	-1.009304	15	19	3	791.341
-0.785398	1.721184	-0.153948	4	103	86	790.405
2.879793	2.704512	1.488683	20	9	107	790.074
0.523599	2.478122	2.609777	106	18	2	789.977
-0.523599	1.545873	-1.877082	10	92	105	789.467
0.000000	1.135813	-2.658866	20	9	11	789.202
-0.261799	0.619654	-2.216909	17	15	9	789.010
-2.356194	2.153910	-1.714959	15	17	7	788.781
-0.261799	0.458961	-0.107937	92	4	92	788.749
-1.047198	0.992645	-1.723759	98	15	102	788.445
2.094395	0.700570	1.559208	19	107	106	788.316
-2.094395	2.343981	-1.040456	16	16	0	788.031
0.000000	1.184361	0.625864	104	11	98	787.900
-1.832596	2.407836	1.410646	20	107	97	787.626
-0.261799	1.998705	2.370472	11	14	2	786.918
-3.141593	1.510910	-0.740472	5	95	9	786.540
-2.356194	0.929350	-2.910676	11	97	104	786.500
1.832596	1.367556	0.358405	1	10	90	785.929
-2.356194	1.506530	1.988858	7	94	3	785.864
-0.785398	1.870545	-2.976234	18	102	8	785.789
-1.832596	1.824694	1.850876	16	103	5	785.446
-2.356194	1.977582	0.969896	106	92	11	785.297
-0.523599	2.104282	-0.813972	100	11	91	785.140
-0.261799	1.135813	-2.658866	20	7	12	784.874
-2.094395	1.433411	-1.035986	17	7	103	784.718
-2.094395	1.756530	-2.105156	14	98	105	784.566
-2.879793	0.674054	1.013609	2	2	89	784.435
0.785398	2.041297	-2.664597	11	15	2	784.295
1.570796	1.662363	0.915448	6	93	11	784.121
-0.785398	0.571433	-1.188419	8	21	7	784.076
-0.261799	2.356369	3.005869	19	7	14	784.075
1.832596	1.662363	0.915448	8	94	10	783.759
-1.832596	1.194549	-0.801900	19	107	9	783.650
0.261799	2.478122	2.609777	1	19	0	783.594
0.261799	2.719179	-1.780644	18	1	105	783.566
-2.879793	2.115563	0.685730	19	4	98	783.463
-1.570796	1.574060	2.783565	14	100	0	783.344
0.523599	1.448123	-2.163292	11	14	16	783.313
-0.523599	2.881233	-2.582574	13	16	106	783.241
-2.879793	2.478122	2.609777	95	97	15	782.939
-0.785398	1.977582	0.969896	13	95	106	782.741
0.785398	0.674054	1.013609	7	3	88	782.578
-2.094395	1.555207	1.708892	10	97	104	782.505
-1.832596	1.134497	-1.109631	17	104	5	782.467
-0.785398	0.619654	-2.216909	104	17	104	782.434
-1.047198	1.413430	2.550734	16	0	4	782.401
-1.832596	1.545873	-1.877082	16	3	102	782.353
-0.261799	0.290380	-0.796960	21	1	3	782.174
0.261799	1.014500	0.906702	105	107	83	782.039
-2.879793	0.910508	1.903534	23	3	12	781.724
-0.785398	0.866955	-0.931351	4	19	6	781.574
1.570796	0.899350	-2.069907	95	15	8	781.355
0.261799	0.709924	0.218797	1	19	106	780.840
-2.094395	1.545873	-1.877082	12	97	105	780.690
-2.356194	2.115563	0.685730	19	9	98	780.647
-1.308997	1.506530	1.988858	97	19	0	780.527
-0.523599	1.214854	-1.966664	9	92	105	780.438
-1.047198	1.998705	2.370472	19	104	106	780.048
0.261799	2.396274	-1.959260	18	7	106	779.663
-2.094395	1.736875	3.023612	2	0	86	779.624
2.356194	0.906588	1.252948	1	89	12	779.578
-0.785398	0.618092	2.539118	2	84	6	779.318
0.261799	1.555207	1.708892	23	103	3	778.847
-0.261799	2.349581	-2.702517	20	2	3	778.728
-1.308997	2.033014	2.977192	10	18	2	778.416
0.261799	2.579248	-2.364801	18	5	106	778.360
-1.047198	0.418037	1.360082	21	13	8	778.342
0.000000	1.448123	-2.163292	10	15	13	778.062
-1.308997	2.089241	-0.114193	9	21	101	777.494
-0.261799	1.569311	-3.003978	18	10	11	777.242
-0.523599	1.045978	0.343692	17	11	4	777.080
-1.570796	2.033014	2.977192	11	96	0	776.869
1.570796	2.979456	-1.009304	17	9	105	776.623
-1.570796	1.413347	-1.339188	15	3	107	776.508
-1.570796	0.203748	0.590255	22	1	6	776.351
2.879793	0.674054	1.013609	3	102	90	775.944
-3.141593	2.393226	1.857173	19	1	4	775.816
0.000000	0.458961	-0.107937	90	3	95	775.718
-0.523599	1.413347	-1.339188	94	12	100	775.078
-0.523599	1.606104	-0.451151	102	9	89	774.639
-2.879793	2.138223	1.678323	19	10	7	774.543
-1.308997	1.128190	-2.288622	17	0	99	774.354
-3.141593	1.904882	-1.478089	15	97	5	774.228
-2.617994	1.554776	0.100351	22	12	101	773.486
0.261799	0.850607	-1.335383	104	18	9	773.469
0.785398	2.180315	-1.357379	6	3	23	773.205
-0.261799	0.685216	-1.712745	14	14	11	772.943
2.879793	2.455966	-0.641220	101	92	6	772.886
1.047198	1.982574	-1.115518	2	2	23	772.834
-2.879793	0.700570	1.559208	107	3	88	772.741
-2.356194	0.615174	-0.666022	15	101	1	772.458
0.261799	0.906588	1.252948	2	0	85	772.310
-2.356194	0.709924	0.218797	16	7	4	772.215
-2.356194	1.741644	-2.695914	106	92	11	772.173
2.879793	1.846342	-1.796954	4	99	21	772.050
-1.832596	1.870545	-2.976234	7	93	11	771.874
2.356194	1.195355	1.200319	5	94	17	771.797
-3.141593	1.113094	-0.272241	13	99	13	771.451
-1.047198	1.869911	2.701025	18	100	2	771.277
-0.785398	0.379747	-1.713059	17	18	6	771.275
-1.832596	0.899350	-2.069907	21	9	16	771.231
-2.879793	1.448123	-2.163292	10	95	8	770.941
-2.617994	0.914445	2.687814	100	15	98	770.871
-1.832596	2.760637	2.781135	96	83	8	770.836
-1.308997	1.440580	2.260026	15	106	2	770.730
-1.047198	0.762244	-0.273349	3	20	6	770.641
-1.308997	0.850607	-1.335383	19	8	16	770.559
-0.523599	0.762244	-0.273349	21	4	4	770.507
0.261799	1.506530	1.988858	104	6	89	770.233
-1.570796	1.242974	-2.977882	12	15	1	770.192
-2.617994	1.335669	0.897240	12	106	95	770.184
-0.523599	1.367556	0.358405	17	8	6	770.061
-0.785398	0.899350	-2.069907	19	9	13	770.001
-0.523599	1.135834	-1.431087	94	12	100	769.990
-2.356194	1.433411	-1.035986	18	107	5	769.957
2.879793	2.104282	-0.813972	105	94	11	769.373
0.785398	2.579248	-2.364801	10	16	2	769.355
-2.617994	1.872854	1.543456	1	94	12	768.878
0.523599	0.929350	-2.910676	105	17	105	768.625
2.094395	0.674054	1.013609	106	90	12	768.469
-0.523599	0.914445	2.687814	11	14	5	768.465
-0.523599	0.831641	0.616218	90	7	95	768.189
-2.094395	1.417623	-0.202254	17	20	106	768.065
-0.261799	2.393226	1.857173	2	18	2	767.898
2.356194	0.700570	1.559208	7	89	4	767.803
-0.261799	0.850607	-1.335383	19	105	105	767.729
-1.832596	1.214854	-1.966664	19	0	7	767.619
-1.832596	0.866955	-0.931351	17	107	4	767.517
2.356194	0.733948	3.021411	8	100	26	767.419
-2.879793	1.872854	1.543456	5	92	8	767.120
1.308997	1.699788	2.452890	16	19	107	767.108
0.785398	2.343981	-1.040456	3	105	23	766.986
2.094395	1.184361	0.625864	104	101	24	766.836
-1.308997	0.961715	0.014085	4	19	106	766.787
1.832596	0.866395	-2.492918	6	0	85	766.743
-2.617994	0.379747	-1.713059	11	107	94	766.531
-3.141593	1.335669	0.897240	4	97	92	766.497
2.879793	0.864993	2.278281	23	0	8	766.481
-1.570796	1.413430	2.550734	11	94	106	766.431
1.570796	2.592629	0.909713	7	91	1	766.285
-2.879793	1.504028	0.636812	8	97	94	766.222
-2.094395	1.448123	-2.163292	12	99	102	765.820
-0.261799	1.870545	-2.976234	23	106	7	765.698
-1.308997	2.041297	-2.664597	7	92	2	765.552
2.094395	1.721184	-0.153948	103	90	16	765.278
-1.308997	1.391910	3.030322	18	98	12	765.148
-1.047198	1.168678	2.108595	15	104	104	765.143
-0.785398	1.218453	2.777284	18	3	6	765.017
-3.141593	1.301460	-0.509251	11	97	14	764.742
-2.356194	1.756530	-2.105156	2	97	17	764.586
-1.570796	2.637879	2.121598	17	104	103	764.382
-1.832596	1.869911	2.701025	9	96	106	763.905
-2.094395	1.998705	2.370472	14	99	10	763.683
-1.047198	1.135813	-2.658866	22	0	18	763.668
0.000000	1.998705	2.370472	3	18	103	763.285
-1.570796	0.571433	-1.188419	20	3	13	762.983
2.879793	1.872854	1.543456	19	3	1	762.752
-2.094395	0.850607	-1.335383	16	100	3	762.668
-2.617994	2.393226	1.857173	17	11	5	762.500
-0.261799	0.379747	-1.713059	14	18	15	762.488
-0.785398	0.700570	1.559208	18	100	4	762.374
-1.047198	0.914445	2.687814	3	98	91	761.984
-0.261799	1.869911	2.701025	16	10	3	761.696
2.356194	2.664082	-1.071402	4	90	8	761.606
1.047198	1.168678	2.108595	3	88	16	761.553
-1.047198	0.297065	2.160177	21	0	10	761.367
2.356194	0.864993	2.278281	103	17	89	761.318
-2.879793	1.812176	0.656819	11	95	103	761.273
1.308997	2.115563	0.685730	7	92	7	760.913
-1.308997	1.569311	-3.003978	17	99	16	760.469
-0.785398	1.606104	-0.451151	20	5	5	760.423
-2.094395	0.290380	-0.796960	5	93	12	760.418
-1.570796	0.899350	-2.069907	14	103	100	759.541
0.000000	0.290380	-0.796960	94	7	95	759.502
-2.617994	0.992645	-1.723759	20	8	7	759.474
-2.356194	1.875281	0.107086	14	100	2	759.247
-1.832596	1.391910	3.030322	17	11	2	759.149
-0.523599	1.870545	-2.976234	21	102	7	759.114
2.356194	2.407836	1.410646	23	6	107	758.931
-0.785398	2.033014	2.977192	101	9	88	758.027
0.261799	1.335669	0.897240	22	1	5	757.849
-1.832596	2.001437	0.381215	16	13	16	757.741
0.523599	1.998705	2.370472	5	19	99	757.379
2.094395	1.998705	2.370472	101	15	88	757.304
-1.308997	1.736875	3.023612	10	17	0	757.255
-1.570796	2.089241	-0.114193	13	20	101	757.055
-0.785398	1.440580	2.260026	17	2	1	756.919
-2.356194	0.674054	1.013609	107	3	89	756.535
-3.141593	2.153910	-1.714959	20	5	104	756.510
-2.617994	0.203748	0.590255	9	91	105	756.279
-0.261799	1.836682	-0.676006	102	6	87	755.789
0.523599	2.108018	1.311430	90	8	102	754.954
-1.047198	1.134497	-1.109631	14	10	17	754.825
2.879793	1.045978	0.343692	14	99	2	753.847
1.047198	2.456751	-1.503343	14	1	24	753.731
-0.523599	0.733948	3.021411	8	16	4	753.527
0.785398	0.080730	-2.622036	104	8	92	753.486
2.617994	1.658653	-2.409879	6	95	14	753.335
2.879793	1.809167	1.213774	20	12	1	753.286
-2.617994	2.295480	1.008277	17	3	99	753.250
1.570796	2.041297	-2.664597	1	7	86	753.196
-1.570796	1.869911	2.701025	12	99	2	753.121
-1.047198	0.929350	-2.910676	103	8	87	753.060
-1.308997	2.247462	0.191623	13	19	99	753.050
-2.879793	0.418037	1.360082	107	3	89	752.931
-1.308997	0.615174	-0.666022	12	19	8	752.735
-2.356194	1.417623	-0.202254	21	17	106	752.209
0.000000	0.674054	1.013609	105	19	107	752.059
-0.785398	1.569311	-3.003978	19	105	9	751.834
1.832596	1.809167	1.213774	9	92	8	751.769
-1.308997	2.407836	1.410646	18	10	14	751.723
-1.308997	1.301460	-0.509251	8	16	1	751.617
-1.308997	1.741644	-2.695914	8	92	0	751.533
-1.832596	1.510910	-0.740472	18	11	7	751.490
-2.617994	0.866955	-0.931351	13	95	7	751.461
-0.523599	1.732874	-0.951685	21	2	103	751.231
-0.523599	0.290380	-0.796960	97	10	93	750.868
0.000000	2.356369	3.005869	88	5	88	750.730
1.308997	1.310100	1.488307	1	89	14	750.202
1.570796	2.104282	-0.813972	10	22	102	750.096
2.879793	2.724429	-0.348782	23	7	106	750.077
0.261799	1.214854	-1.966664	10	16	13	750.070
-2.879793	0.960688	-0.577532	12	96	9	749.972
0.000000	1.870545	-2.976234	24	2	8	749.898
-1.570796	2.251330	-2.330739	12	100	95	749.820
-0.785398	2.587733	0.232235	18	5	1	749.337
-2.617994	2.379497	0.561089	20	7	100	749.243
-1.047198	2.187132	-0.479875	10	13	107	749.201
-1.047198	2.108018	1.311430	15	13	12	749.135
0.261799	0.674054	1.013609	0	103	85	748.756
0.261799	0.866395	-2.492918	15	15	11	748.322
-0.261799	0.961715	0.014085	6	7	24	748.171
1.832596	1.135813	-2.658866	4	0	85	748.132
-0.261799	2.115563	0.685730	19	6	2	747.943
-0.785398	1.732874	-0.951685	20	0	104	747.894
-0.785398	2.180315	-1.357379	15	94	105	747.698
-2.617994	1.128190	-2.288622	13	99	0	747.599
-2.094395	0.615174	-0.666022	20	15	4	747.494
-1.047198	2.724429	-0.348782	19	4	107	747.464
-1.047198	1.450119	-2.739050	18	104	14	747.434
-0.785398	0.850607	-1.335383	16	11	15	747.380
-1.047198	0.591903	2.010408	18	101	6	747.139
0.000000	0.831641	0.616218	1	19	107	747.133
-0.523599	2.587733	0.232235	18	6	1	747.080
0.000000	1.214854	-1.966664	18	102	0	747.029
-1.570796	2.579248	-2.364801	15	100	98	746.980
1.570796	0.906588	1.252948	104	92	16	746.957
-0.261799	0.992645	-1.723759	15	12	15	746.796
-2.356194	2.356369	3.005869	102	90	7	746.784
-1.832596	0.762244	-0.273349	18	11	13	746.712
-1.047198	0.618092	2.539118	102	17	96	746.455
-0.261799	1.809167	1.213774	3	16	8	746.418
-2.356194	1.824694	1.850876	8	94	4	746.076
-3.141593	0.418037	1.360082	107	2	89	745.896
-2.094395	2.138223	1.678323	13	102	94	745.705
-0.261799	2.187132	-0.479875	99	9	90	745.256
2.094395	0.619654	-2.216909	1	7	87	745.137
1.047198	2.251330	-2.330739	105	10	18	744.964
2.094395	2.587733	0.232235	17	15	106	744.766
-2.879793	2.863997	0.549740	18	8	102	744.445
-2.879793	1.554776	0.100351	18	105	17	744.186
2.879793	0.297065	2.160177	22	104	5	744.165
-3.141593	1.025536	1.576859	98	19	94	744.161
-0.523599	1.504028	0.636812	22	2	11	743.668
-1.832596	2.455966	-0.641220	17	6	104	743.539
0.523599	2.760637	2.781135	107	19	5	743.277
-1.570796	1.050534	3.042579	14	13	1	743.119
-0.523599	1.872854	1.543456	8	15	6	742.703
-1.308997	1.721184	-0.153948	11	16	104	742.698
-1.570796	2.174483	2.653697	15	100	4	742.517
1.832596	0.906588	1.252948	103	91	15	742.256
0.523599	2.033014	2.977192	5	16	103	742.164
-1.570796	1.555207	1.708892	16	107	4	741.949
-0.785398	2.881233	-2.582574	10	92	102	741.599
1.570796	1.128190	-2.288622	106	3	85	741.583
0.000000	1.909857	-0.381669	102	5	86	741.449
0.261799	2.349581	-2.702517	20	8	4	741.387
2.879793	2.979456	-1.009304	103	11	85	741.362
2.879793	1.555207	1.708892	20	0	3	741.275
-0.261799	2.455966	-0.641220	99	11	90	741.232
-1.832596	2.104282	-0.813972	19	4	5	741.213
2.879793	1.433411	-1.035986	24	2	7	740.878
-2.617994	1.658653	-2.409879	0	93	12	740.813
-0.523599	1.824694	1.850876	11	13	6	740.714
-1.047198	0.910508	1.903534	16	103	1	740.242
0.785398	2.247462	0.191623	103	15	97	739.898
-2.879793	0.591903	2.010408	23	4	10	739.765
2.617994	2.138223	1.678323	19	101	8	739.523
-1.832596	1.014500	0.906702	9	18	104	739.499
-2.879793	0.831641	0.616218	17	3	1	739.497
-1.570796	2.108018	1.311430	1	90	7	739.354
-1.308997	1.135813	-2.658866	21	106	18	739.345
0.785398	1.824694	1.850876	93	2	90	739.236
1.570796	0.685216	-1.712745	6	19	107	739.223
-0.523599	2.001437	0.381215	19	4	2	739.016
2.617994	2.719179	-1.780644	0	15	22	738.971
2.617994	0.297065	2.160177	22	101	11	738.845
-1.570796	2.393226	1.857173	20	2	8	738.833
0.000000	2.588535	-2.976617	20	5	0	738.767
-0.261799	1.014500	0.906702	19	103	101	738.582
2.617994	0.203748	0.590255	99	18	104	738.578
0.261799	0.080730	-2.622036	6	89	104	738.404
-1.047198	1.433411	-1.035986	16	101	98	738.375
2.617994	1.569311	-3.003978	21	13	1	738.240
1.570796	0.418037	1.360082	102	11	94	738.189
0.000000	0.370812	-2.547742	18	18	5	738.107
-1.832596	2.174483	2.653697	14	99	11	737.577
2.617994	2.592629	0.909713	19	13	105	737.498
1.832596	2.587733	0.232235	19	15	106	737.301
-2.879793	1.998705	2.370472	6	0	89	737.177
-1.832596	1.599406	1.426070	16	104	0	737.000
-2.094395	1.699788	2.452890	3	91	98	736.976
0.785398	2.881233	-2.582574	24	7	2	736.895
0.000000	0.615174	-0.666022	19	9	2	736.802
-1.047198	2.299159	2.264663	17	2	105	736.508
-1.832596	0.419640	2.974122	6	104	91	736.315
2.879793	1.014500	0.906702	10	102	92	736.245
-2.879793	2.295480	1.008277	16	1	98	736.109
-0.523599	1.554776	0.100351	21	2	4	736.084
0.000000	0.640596	-2.797608	99	14	103	736.055
-1.047198	1.417623	-0.202254	18	0	1	735.947
-3.141593	0.864993	2.278281	23	7	9	735.904
-2.879793	2.979456	-1.009304	17	98	2	735.862
-1.047198	0.866955	-0.931351	14	12	15	735.675
-1.047198	0.960688	-0.577532	2	22	4	735.594
1.308997	0.370812	-2.547742	21	3	4	735.267
-2.617994	1.869911	2.701025	7	95	10	734.923
2.094395	1.128190	-2.288622	0	6	83	734.854
-0.523599	0.910508	1.903534	17	3	1	734.661
-1.832596	0.992645	-1.723759	19	14	13	734.623
-2.617994	2.456751	-1.503343	20	9	3	734.506
-1.832596	1.134796	2.434290	13	101	106	734.305
-0.261799	1.301460	-0.509251	18	10	0	734.225
-0.261799	1.113094	-0.272241	16	12	0	733.974
2.617994	1.050534	3.042579	10	107	88	733.885
0.261799	1.545873	-1.877082	101	14	97	733.617
2.094395	2.863997	0.549740	19	15	106	733.184
1.570796	0.458961	-0.107937	24	2	9	733.140
1.047198	1.824694	1.850876	92	0	90	732.803
2.879793	1.812176	0.656819	4	90	101	732.713
0.000000	2.455966	-0.641220	99	9	89	732.624
2.879793	0.961715	0.014085	13	97	13	732.526
0.523599	1.242974	-2.977882	8	97	92	732.416
-2.617994	1.721184	-0.153948	13	99	3	732.305
2.879793	0.831641	0.616218	15	102	0	732.061
2.879793	1.374601	-2.456031	5	93	8	731.906
-0.785398	2.138223	1.678323	13	14	9	731.834
-0.523599	2.478122	2.609777	1	89	12	731.679
-1.047198	0.733948	3.021411	9	97	96	731.614
-1.047198	0.290380	-0.796960	10	22	9	731.587
-1.047198	2.104282	-0.813972	19	11	6	731.497
1.047198	2.164094	-2.991358	22	4	106	731.354
-0.523599	0.850607	-1.335383	6	19	12	731.262
-1.832596	1.606104	-0.451151	18	10	5	731.262
1.047198	0.080730	-2.622036	20	101	6	731.241
-1.570796	0.864993	2.278281	18	12	7	731.173
-1.047198	0.615174	-0.666022	11	19	13	731.144
1.047198	2.063651	-2.044600	9	16	107	731.027
-1.832596	1.736875	3.023612	7	93	105	730.825
2.879793	1.417623	-0.202254	11	97	15	730.524
-2.356194	1.113094	-0.272241	21	5	4	730.198
-2.879793	2.001437	0.381215	21	7	100	729.996
-3.141593	2.863997	0.549740	18	7	103	729.937
-0.261799	1.214854	-1.966664	15	11	15	729.726
1.047198	1.135813	-2.658866	96	15	1	729.578
-1.570796	1.662363	0.915448	3	18	100	729.248
-1.570796	1.736875	3.023612	11	95	4	729.213
-1.308997	1.555207	1.708892	15	102	101	729.079
2.879793	0.700570	1.559208	1	3	88	728.956
2.879793	1.506530	1.988858	22	7	10	728.829
2.879793	1.413430	2.550734	13	103	93	728.724
0.261799	1.417623	-0.202254	100	11	97	728.721
0.000000	2.299159	2.264663	2	18	107	728.648
-1.047198	1.214854	-1.966664	4	90	2	728.359
-2.356194	1.599406	1.426070	3	92	10	728.248
-0.523599	2.356369	3.005869	18	3	1	728.148
1.832596	0.619654	-2.216909	5	5	87	728.058
0.261799	1.809167	1.213774	92	10	98	728.038
-1.308997	1.696674	-1.253233	11	13	1	727.899
-2.356194	1.736875	3.023612	2	106	86	727.805
-1.308997	1.247695	1.809890	16	1	2	727.801
-0.785398	1.134796	2.434290	4	100	89	727.630
-1.047198	2.115563	0.685730	9	16	12	727.604
-2.356194	1.569311	-3.003978	17	107	100	727.590
-2.356194	1.214854	-1.966664	17	103	8	727.565
-2.094395	1.391910	3.030322	106	1	83	727.554
2.617994	1.683268	0.374177	21	2	104	727.403
-2.879793	2.393226	1.857173	18	5	0	727.205
-2.617994	1.413347	-1.339188	13	98	11	726.487
-0.261799	0.297065	2.160177	14	12	6	726.421
0.523599	1.184361	0.625864	97	11	98	726.281
-0.785398	1.045978	0.343692	2	9	23	725.852
-1.570796	1.699788	2.452890	14	101	0	725.757
1.047198	2.704512	1.488683	21	15	101	725.756
-3.141593	1.554776	0.100351	16	97	0	725.726
0.261799	2.637879	2.121598	3	17	12	725.637
-0.261799	1.433411	-1.035986	20	2	102	725.387
-1.570796	1.417623	-0.202254	13	15	107	725.365
0.523599	0.080730	-2.622036	107	7	91	725.305
-0.785398	1.904882	-1.478089	3	89	4	725.135
0.523599	1.736875	3.023612	12	18	1	725.025
-3.141593	1.194549	-0.801900	3	90	1	725.021
-0.523599	2.588535	-2.976617	19	106	0	725.018
-3.141593	0.571433	-1.188419	21	6	6	724.794
0.785398	1.488617	1.159546	90	3	96	724.793
-1.832596	1.128190	-2.288622	12	102	100	724.760
-0.785398	1.506530	1.988858	18	107	103	724.493
-2.617994	2.478122	2.609777	22	1	7	724.412
-1.047198	1.909857	-0.381669	5	20	104	724.266
-1.832596	1.741644	-2.695914	107	19	18	724.208
-2.879793	0.458961	-0.107937	14	100	106	724.088
-0.261799	2.881233	-2.582574	17	1	105	724.058
0.000000	0.080730	-2.622036	6	90	10	724.019
-1.047198	1.824694	1.850876	16	7	1	723.994
2.879793	2.863997	0.549740	18	5	103	723.895
-0.261799	0.615174	-0.666022	91	8	94	723.607
-1.308997	2.073035	2.027405	19	3	6	723.366
-1.832596	2.251330	-2.330739	12	97	95	723.250
-1.047198	2.073035	2.027405	16	8	3	723.242
-0.785398	1.367556	0.358405	16	9	4	723.050
-2.617994	1.310100	1.488307	6	1	89	723.024
2.617994	0.831641	0.616218	16	98	8	722.885
1.308997	1.504028	0.636812	105	16	99	722.500
-2.356194	2.295480	1.008277	18	5	98	722.407
-1.308997	1.662363	0.915448	0	19	101	722.283
-1.047198	1.374601	-2.456031	18	106	15	722.238
-0.523599	0.961715	0.014085	22	5	6	722.174
1.570796	1.977582	0.969896	8	92	7	722.162
-1.570796	0.640596	-2.797608	19	4	9	722.056
-0.523599	1.325504	-1.671296	16	10	17	722.019
1.570796	2.637879	2.121598	101	16	89	721.786
1.308997	2.456751	-1.503343	18	10	105	721.742
2.356194	2.863997	0.549740	12	22	1	721.643
-2.094395	0.496451	0.593859	10	19	4	721.551
-2.094395	1.569311	-3.003978	3	90	5	721.471
2.879793	2.073035	2.027405	19	106	101	721.196
-2.617994	1.696674	-1.253233	22	12	9	721.115
-3.141593	0.496451	0.593859	2	102	90	721.055
2.879793	1.569311	-3.003978	2	91	6	721.014
-0.785398	1.134497	-1.109631	99	11	94	720.988
0.785398	1.545873	-1.877082	13	15	106	720.951
-0.261799	2.379497	0.561089	18	8	0	720.768
0.785398	0.370812	-2.547742	20	101	8	720.727
2.617994	2.664082	-1.071402	5	92	10	720.690
1.308997	0.379747	-1.713059	90	91	11	720.688
-0.785398	0.709924	0.218797	20	7	6	720.674
-1.832596	0.961715	0.014085	15	12	10	720.665
1.308997	2.063651	-2.044600	102	9	19	720.555
-2.617994	1.904882	-1.478089	19	11	6	720.104
-0.785398	0.910508	1.903534	15	12	8	719.959
0.261799	1.870545	-2.976234	24	6	8	719.886
1.308997	0.203748	0.590255	9	1	91	719.594
1.047198	2.299159	2.264663	91	4	93	719.489
1.047198	1.440580	2.260026	22	15	0	719.470
-2.094395	1.732874	-0.951685	17	3	3	719.291
-0.785398	1.696674	-1.253233	99	14	99	719.027
-2.094395	1.948085	-2.363031	1	96	18	718.570
-0.523599	1.391910	3.030322	19	6	9	718.182
2.356194	0.419640	2.974122	22	3	4	717.977
-0.785398	1.391910	3.030322	19	1	8	717.917
1.047198	1.545873	-1.877082	9	16	107	717.910
1.308997	1.440580	2.260026	18	18	107	717.895
0.000000	1.545873	-1.877082	103	13	96	717.777
-3.141593	2.108018	1.311430	18	10	0	717.757
-2.879793	1.658653	-2.409879	92	98	24	717.724
2.879793	1.732874	-0.951685	24	3	7	717.660
1.570796	2.587733	0.232235	21	9	106	717.480
-2.094395	0.709924	0.218797	14	20	1	717.298
-2.879793	1.025536	1.576859	3	2	88	717.194
-0.523599	2.073035	2.027405	12	14	6	716.875
-1.570796	2.164094	-2.991358	17	11	106	716.694
0.523599	2.247462	0.191623	105	15	97	716.688
-2.617994	2.174483	2.653697	6	105	89	716.628
-1.832596	2.089241	-0.114193	13	101	100	716.585
-1.570796	2.664082	-1.071402	6	89	10	716.520
-0.261799	1.256302	0.062705	19	10	5	716.305
-1.047198	1.696674	-1.253233	98	15	99	716.250
1.570796	0.290380	-0.796960	15	98	103	716.110
-1.047198	2.393226	1.857173	95	18	8	716.066
-1.832596	2.108018	1.311430	107	91	8	715.981
2.617994	1.113094	-0.272241	5	3	87	715.963
0.785398	1.128190	-2.288622	101	17	7	715.824
-2.879793	2.164094	-2.991358	95	98	16	715.749
1.308997	1.569311	-3.003978	2	15	98	715.537
0.000000	2.393226	1.857173	22	12	103	715.467
-0.261799	1.545873	-1.877082	16	99	104	715.437
2.617994	1.194549	-0.801900	9	0	89	715.290
-2.094395	2.164094	-2.991358	106	90	5	715.283
2.879793	1.545873	-1.877082	14	95	9	715.099
2.617994	1.872854	1.543456	19	0	1	715.005
-2.879793	1.846342	-1.796954	20	5	104	714.994
-1.308997	2.984978	1.954446	16	11	102	714.965
-1.047198	1.301460	-0.509251	6	15	0	714.939
1.832596	0.419640	2.974122	20	105	4	714.849
-2.094395	0.866395	-2.492918	17	11	2	714.645
0.523599	1.909857	-0.381669	101	11	92	714.562
1.570796	0.640596	-2.797608	21	4	5	714.476
-2.879793	0.619654	-2.216909	20	12	23	714.452
-2.617994	0.615174	-0.666022	12	95	105	714.402
2.879793	2.587733	0.232235	9	20	105	714.154
-2.617994	2.033014	2.977192	6	96	12	714.136
-1.047198	0.203748	0.590255	92	4	91	713.974
-2.356194	1.948085	-2.363031	107	97	18	713.930
0.000000	0.685216	-1.712745	11	17	18	713.912
1.047198	1.504028	0.636812	102	14	99	713.895
-0.785398	2.063651	-2.044600	5	89	107	713.888
-2.617994	2.588535	-2.976617	95	98	17	713.792
-0.261799	0.618092	2.539118	6	106	90	713.776
0.523599	0.762244	-0.273349	2	13	94	713.693
-1.047198	1.325504	-1.671296	13	104	90	713.451
-2.094395	1.721184	-0.153948	18	2	18	713.374
2.879793	0.496451	0.593859	21	7	92	713.350
-2.356194	0.496451	0.593859	15	13	6	713.240
-0.785398	0.961715	0.014085	19	2	5	713.230
-1.570796	2.407836	1.410646	22	0	97	713.223
-2.879793	1.374601	-2.456031	7	93	2	713.140
-1.832596	0.700570	1.559208	105	92	17	712.952
2.879793	1.554776	0.100351	10	94	2	712.894
-2.879793	1.732874	-0.951685	12	104	22	712.820
0.261799	0.496451	0.593859	20	99	8	712.727
-1.308997	1.214854	-1.966664	17	4	101	712.576
-2.617994	0.080730	-2.622036	16	101	107	712.483
-1.570796	1.301460	-0.509251	14	13	5	712.401
0.000000	1.812176	0.656819	89	13	105	712.227
-2.094395	2.295480	1.008277	100	11	86	712.210
-2.879793	0.906588	1.252948	4	1	90	712.088
1.832596	0.080730	-2.622036	95	6	93	712.017
-1.832596	0.458961	-0.107937	14	15	4	711.972
1.308997	1.413347	-1.339188	17	18	100	711.971
-3.141593	0.831641	0.616218	104	87	7	711.935
2.879793	1.683268	0.374177	4	91	103	711.898
-2.617994	1.812176	0.656819	12	96	103	711.598
-1.047198	2.138223	1.678323	94	17	9	711.559
-1.570796	0.419640	2.974122	105	18	94	711.349
-2.879793	1.599406	1.426070	6	91	8	711.309
0.785398	0.864993	2.278281	94	9	97	711.284
-3.141593	0.297065	2.160177	15	14	17	711.222
0.523599	1.872854	1.543456	91	7	96	710.828
1.570796	1.756530	-2.105156	101	13	93	710.773
-2.356194	1.135813	-2.658866	16	102	0	710.773
-2.094395	1.658653	-2.409879	4	94	14	710.772
-0.785398	1.554776	0.100351	15	9	2	710.630
-0.785398	2.407836	1.410646	11	15	13	710.556
0.523599	2.396274	-1.959260	16	10	105	710.543
-1.047198	1.247695	1.809890	15	103	102	710.496
-1.832596	1.756530	-2.105156	16	99	106	710.204
-1.832596	1.247695	1.809890	11	96	1	710.180
-0.523599	1.599406	1.426070	11	15	9	710.055
-2.617994	2.153910	-1.714959	18	14	7	709.920
0.523599	1.977582	0.969896	86	4	101	709.871
-1.047198	2.349581	-2.702517	15	15	106	709.820
-1.308997	1.872854	1.543456	17	7	3	709.670
0.000000	1.025536	1.576859	21	0	22	709.487
-1.570796	0.960688	-0.577532	11	23	4	709.406
0.261799	1.699788	2.452890	26	10	0	709.202
1.832596	2.396274	-1.959260	97	12	94	709.199
2.879793	1.113094	-0.272241	12	97	16	708.935
1.308997	1.128190	-2.288622	106	1	84	708.887
2.879793	0.290380	-0.796960	105	6	88	708.873
-2.094395	0.203748	0.590255	9	18	7	708.861
1.047198	1.699788	2.452890	19	16	107	708.789
0.261799	0.297065	2.160177	12	17	6	708.463
-1.570796	1.214854	-1.966664	19	2	8	708.438
-2.617994	1.135834	-1.431087	14	95	11	708.330
-0.785398	1.433411	-1.035986	18	104	100	708.297
-2.879793	0.203748	0.590255	11	93	8	708.268
-2.094395	2.760637	2.781135	92	85	8	708.254
-2.879793	2.299159	2.264663	24	3	10	708.198
1.308997	0.709924	0.218797	8	104	87	708.111
0.261799	2.356369	3.005869	87	3	90	708.101
0.000000	0.709924	0.218797	8	20	6	707.906
-1.308997	2.404280	-0.174044	17	4	0	707.894
-0.785398	1.662363	0.915448	106	18	100	707.672
0.000000	2.073035	2.027405	0	18	106	707.641
-3.141593	1.846342	-1.796954	4	100	22	707.511
-2.879793	1.247695	1.809890	18	14	10	707.487
0.000000	1.045978	0.343692	0	13	97	707.475
-1.308997	2.115563	0.685730	12	16	12	707.238
-2.094395	0.929350	-2.910676	2	21	88	707.152
0.000000	2.164094	-2.991358	24	0	6	707.143
-1.047198	1.135834	-1.431087	96	8	90	707.111
-2.617994	1.045978	0.343692	18	3	2	707.110
-2.094395	1.554776	0.100351	19	8	15	707.015
-2.879793	2.456751	-1.503343	17	0	104	706.970
0.523599	1.014500	0.906702	0	0	83	706.966
1.308997	2.455966	-0.641220	13	21	103	706.917
-1.308997	2.719179	-1.780644	14	95	105	706.874
-0.261799	1.977582	0.969896	98	17	105	706.852
2.356194	0.914445	2.687814	26	106	10	706.803
-1.308997	1.050534	3.042579	104	84	11	706.793
-2.356194	1.869911	2.701025	10	97	10	706.586
-1.832596	0.203748	0.590255	2	21	5	706.520
2.356194	1.128190	-2.288622	6	94	18	706.449
0.000000	0.866955	-0.931351	101	17	7	706.289
-1.570796	1.135813	-2.658866	15	107	97	705.893
-1.308997	1.135834	-1.431087	13	18	12	705.881
-1.308997	1.909857	-0.381669	8	21	104	705.788
-1.047198	2.404280	-0.174044	17	6	0	705.736
-1.570796	1.134796	2.434290	14	103	107	705.424
-0.261799	1.488617	1.159546	16	98	101	704.902
0.523599	1.599406	1.426070	92	6	94	704.879
-2.094395	0.992645	-1.723759	14	97	2	704.783
-1.570796	1.510910	-0.740472	13	13	106	704.758
2.356194	2.587733	0.232235	15	17	105	704.504
-2.356194	2.041297	-2.664597	0	96	16	704.431
-3.141593	2.180315	-1.357379	11	106	23	704.308
2.356194	0.640596	-2.797608	7	3	88	704.255
-1.047198	1.741644	-2.695914	12	15	107	704.137
1.832596	1.756530	-2.105156	97	11	92	704.129
-0.261799	0.709924	0.218797	89	6	96	704.052
2.617994	1.904882	-1.478089	100	93	7	704.039
-1.570796	2.724429	-0.348782	19	5	2	703.724
-2.879793	1.721184	-0.153948	12	97	3	703.604
1.570796	1.545873	-1.877082	100	14	93	703.381
1.308997	0.906588	1.252948	105	17	103	703.289
-2.094395	1.242974	-2.977882	101	105	81	703.235
-3.141593	1.824694	1.850876	19	0	0	703.065
-0.261799	1.367556	0.358405	105	14	101	703.027
-0.261799	2.396274	-1.959260	15	107	22	702.889
1.047198	1.846342	-1.796954	9	17	1	702.627
-3.141593	0.203748	0.590255	2	105	89	702.305
0.261799	2.174483	2.653697	3	17	103	702.070
-0.523599	1.025536	1.576859	18	107	106	702.005
-1.047198	2.295480	1.008277	8	18	11	701.992
-1.047198	0.458961	-0.107937	0	19	5	701.918
1.047198	1.569311	-3.003978	3	16	99	701.910
-2.356194	0.619654	-2.216909	19	6	8	701.336
1.570796	2.247462	0.191623	20	14	0	701.241
0.785398	1.870545	-2.976234	7	17	107	701.148
-1.308997	1.870545	-2.976234	12	95	7	700.739
-0.785398	1.195355	1.200319	16	101	104	700.720
2.617994	0.418037	1.360082	2	107	89	700.490
-2.356194	2.760637	2.781135	23	1	10	700.426
-2.617994	0.496451	0.593859	10	91	3	700.235
-1.832596	1.242974	-2.977882	103	106	81	700.214
2.617994	0.906588	1.252948	8	91	12	700.172
-1.047198	2.579248	-2.364801	8	99	92	700.099
-1.308997	0.591903	2.010408	16	100	7	700.046
-1.570796	1.606104	-0.451151	16	12	5	700.003
2.356194	2.979456	-1.009304	22	10	2	699.848
0.523599	1.766067	2.153843	6	18	96	699.797
1.047198	0.914445	2.687814	17	19	1	699.216
2.094395	2.247462	0.191623	18	15	0	699.091
-2.094395	2.704512	1.488683	19	107	15	698.883
-2.879793	1.977582	0.969896	17	3	95	698.815
0.261799	2.588535	-2.976617	23	8	4	698.792
-3.141593	1.448123	-2.163292	9	95	11	698.747
-1.308997	2.138223	1.678323	100	9	88	698.408
-2.617994	1.875281	0.107086	6	93	2	698.376
-2.879793	2.180315	-1.357379	21	8	3	698.134
-2.617994	0.910508	1.903534	23	5	12	698.089
-0.523599	0.379747	-1.713059	13	20	6	697.969
-2.356194	2.719179	-1.780644	5	89	8	697.878
1.047198	0.571433	-1.188419	85	106	99	697.788
2.617994	2.164094	-2.991358	20	12	106	697.578
2.356194	1.448123	-2.163292	10	92	3	697.511
-1.570796	2.299159	2.264663	7	102	86	697.321
-1.308997	1.113094	-0.272241	7	18	0	697.320
-0.523599	2.664082	-1.071402	7	90	1	697.315
-0.785398	0.615174	-0.666022	7	19	14	697.225
-2.879793	1.510910	-0.740472	15	103	20	697.123
-0.261799	2.579248	-2.364801	16	106	22	697.052
0.523599	1.413430	2.550734	1	15	98	696.980
-1.570796	0.910508	1.903534	14	97	6	696.959
0.523599	1.741644	-2.695914	18	15	10	696.775
-3.141593	1.875281	0.107086	24	2	101	696.546
0.261799	0.290380	-0.796960	91	4	94	696.353
-1.570796	0.418037	1.360082	94	107	87	696.320
-2.617994	2.108018	1.311430	13	104	94	696.226
-0.261799	1.606104	-0.451151	102	6	88	696.031
-0.523599	0.866955	-0.931351	1	19	6	696.008
-1.570796	1.977582	0.969896	18	11	5	695.841
-1.308997	0.866395	-2.492918	18	10	9	695.822
0.261799	0.914445	2.687814	25	7	0	695.747
-2.879793	2.637879	2.121598	23	3	10	695.719
-2.356194	1.413347	-1.339188	15	107	102	695.680
-0.523599	2.704512	1.488683	13	92	5	695.623
2.356194	0.685216	-1.712745	87	102	2	695.482
-2.094395	0.619654	-2.216909	12	107	96	695.448
-0.523599	2.247462	0.191623	20	2	1	695.432
-2.879793	2.108018	1.311430	18	8	2	695.377
-0.523599	1.113094	-0.272241	18	6	1	695.353
2.617994	2.108018	1.311430	21	107	11	695.292
-3.141593	1.440580	2.260026	107	3	87	695.016
-1.832596	2.579248	-2.364801	19	99	5	695.008
-1.308997	2.579248	-2.364801	23	1	9	694.953
-1.570796	1.909857	-0.381669	12	20	103	694.902
-1.308997	0.899350	-2.069907	17	105	100	694.810
-0.523599	2.115563	0.685730	92	14	1	694.758
2.356194	1.325504	-1.671296	15	94	5	694.676
2.879793	1.247695	1.809890	21	8	11	694.665
1.570796	1.606104	-0.451151	100	83	10	694.561
0.000000	1.310100	1.488307	102	9	92	694.560
-0.261799	2.089241	-0.114193	106	16	13	694.455
0.785398	2.456751	-1.503343	12	0	24	694.414
-2.617994	0.674054	1.013609	1	1	89	694.367
-1.570796	2.138223	1.678323	20	3	5	694.353
-1.308997	2.393226	1.857173	19	4	13	694.308
1.308997	1.658653	-2.409879	102	3	84	694.288
-1.308997	1.194549	-0.801900	15	11	16	694.278
-1.570796	2.073035	2.027405	17	105	104	694.259
-0.261799	1.448123	-2.163292	10	94	100	693.944
1.570796	0.831641	0.616218	1	9	90	693.842
0.261799	0.618092	2.539118	104	19	4	693.750
0.000000	2.349581	-2.702517	19	5	3	693.740
0.261799	2.033014	2.977192	13	16	3	693.703
2.879793	2.001437	0.381215	7	91	1	693.659
-3.141593	0.850607	-1.335383	21	5	6	693.571
-0.785398	1.658653	-2.409879	9	17	106	693.489
0.261799	1.741644	-2.695914	16	15	97	693.425
1.047198	1.555207	1.708892	94	107	89	693.357
0.261799	0.961715	0.014085	2	14	96	693.351
-1.047198	0.831641	0.616218	3	13	23	693.198
2.879793	0.709924	0.218797	15	97	8	693.146
-1.832596	2.115563	0.685730	20	2	93	693.109
-2.356194	1.335669	0.897240	9	104	91	693.042
-0.785398	0.866395	-2.492918	21	6	11	692.968
2.879793	0.080730	-2.622036	7	21	103	692.898
-1.308997	2.478122	2.609777	17	102	2	692.861
-3.141593	2.033014	2.977192	94	98	15	692.673
2.617994	1.875281	0.107086	2	89	107	692.659
1.832596	1.374601	-2.456031	106	4	85	692.526
1.047198	1.433411	-1.035986	96	87	17	692.451
-1.047198	2.407836	1.410646	5	90	7	692.406
-0.523599	1.809167	1.213774	17	96	3	692.390
-1.047198	1.606104	-0.451151	21	1	6	692.381
-1.308997	1.374601	-2.456031	11	93	4	692.306
-3.141593	2.089241	-0.114193	25	3	105	692.143
-3.141593	2.001437	0.381215	8	93	1	691.721
-0.523599	2.164094	-2.991358	20	101	6	691.650
0.000000	1.766067	2.153843	3	16	107	691.617
1.047198	2.041297	-2.664597	23	4	0	691.492
-2.879793	1.948085	-2.363031	18	15	14	691.459
-1.570796	2.704512	1.488683	23	1	101	691.397
-0.261799	0.496451	0.593859	20	14	8	691.391
-2.879793	1.555207	1.708892	5	107	87	691.319
0.785398	1.413430	2.550734	106	14	96	691.309
-0.785398	0.914445	2.687814	5	99	91	691.291
0.261799	2.760637	2.781135	103	15	97	691.270
-1.308997	1.417623	-0.202254	7	18	104	691.151
-2.356194	0.370812	-2.547742	21	8	10	691.117
1.308997	0.992645	-1.723759	9	17	3	691.105
1.308997	1.374601	-2.456031	106	0	84	691.084
-1.308997	1.617114	-1.572037	15	8	103	690.908
-1.832596	1.872854	1.543456	107	88	4	690.891
-2.094395	0.914445	2.687814	17	105	104	690.842
2.094395	1.756530	-2.105156	94	8	91	690.713
2.617994	1.413430	2.550734	12	100	93	690.561
2.617994	2.104282	-0.813972	103	21	96	690.535
0.523599	0.458961	-0.107937	0	20	104	690.453
-0.523599	0.700570	1.559208	19	1	1	690.408
0.000000	2.404280	-0.174044	99	7	85	690.335
0.261799	1.195355	1.200319	18	15	16	690.152
1.570796	2.295480	1.008277	9	91	4	689.806
1.308997	1.025536	1.576859	5	20	6	689.754
0.000000	0.571433	-1.188419	93	11	98	689.383
-1.570796	1.554776	0.100351	13	17	104	689.287
0.523599	0.700570	1.559208	103	11	95	689.016
-2.879793	1.045978	0.343692	18	105	4	688.803
-2.617994	2.637879	2.121598	93	84	4	688.672
1.047198	1.184361	0.625864	19	14	9	688.482
-1.570796	1.721184	-0.153948	17	11	17	688.152
1.832596	2.180315	-1.357379	25	6	3	688.056
0.261799	0.640596	-2.797608	19	15	6	688.046
1.308997	2.664082	-1.071402	19	9	105	687.913
-1.308997	2.295480	1.008277	13	95	1	687.885
-2.094395	2.407836	1.410646	18	106	97	687.872
-1.570796	1.391910	3.030322	15	96	12	687.747
1.570796	1.256302	0.062705	95	90	10	687.747
2.879793	2.456751	-1.503343	22	103	10	687.746
0.000000	0.929350	-2.910676	20	104	106	687.537
1.570796	0.619654	-2.216909	94	16	6	687.521
0.785398	2.719179	-1.780644	17	0	22	687.466
-1.308997	0.619654	-2.216909	13	103	97	687.391
-2.879793	0.419640	2.974122	105	20	1	687.359
1.570796	1.135813	-2.658866	3	107	86	687.337
-1.308997	1.766067	2.153843	15	0	107	687.182
-1.308997	2.881233	-2.582574	17	105	101	687.112
-2.879793	1.904882	-1.478089	21	6	4	686.914
0.261799	0.370812	-2.547742	15	20	4	686.902
-1.308997	2.588535	-2.976617	98	84	13	686.851
-1.047198	0.866395	-2.492918	105	3	84	686.820
1.047198	2.588535	-2.976617	23	13	5	686.755
1.047198	0.850607	-1.335383	10	18	5	686.754
-0.785398	1.374601	-2.456031	19	0	15	686.740
-2.617994	1.599406	1.426070	8	106	89	686.642
-0.261799	0.910508	1.903534	5	105	87	686.560
-1.047198	1.662363	0.915448	8	92	100	686.493
2.617994	1.766067	2.153843	14	99	97	686.473
2.356194	1.335669	0.897240	21	2	102	686.365
0.523599	1.869911	2.701025	0	17	101	686.340
-2.094395	0.685216	-1.712745	10	98	100	686.335
0.785398	2.863997	0.549740	25	8	0	686.312
-0.523599	1.134497	-1.109631	106	5	89	686.253
-0.261799	0.370812	-2.547742	3	88	8	686.216
2.094395	2.407836	1.410646	20	100	7	686.207
0.523599	2.299159	2.264663	102	19	106	686.160
-1.832596	2.719179	-1.780644	9	90	1	686.140
0.261799	1.440580	2.260026	26	9	105	686.084
0.261799	1.812176	0.656819	88	10	105	685.996
-0.785398	2.393226	1.857173	15	13	12	685.964
0.261799	2.187132	-0.479875	99	13	97	685.877
-0.523599	0.866395	-2.492918	21	9	11	685.715
1.570796	1.374601	-2.456031	107	3	85	685.709
-2.617994	0.831641	0.616218	17	7	5	685.587
-1.047198	1.242974	-2.977882	22	102	15	685.437
0.000000	0.418037	1.360082	103	19	102	685.371
-0.523599	0.458961	-0.107937	20	8	5	685.370
-2.617994	1.545873	-1.877082	13	97	12	685.295
-1.832596	1.335669	0.897240	9	18	0	685.229
0.523599	0.674054	1.013609	5	103	84	685.227
-2.356194	1.504028	0.636812	16	0	97	685.212
-1.308997	2.104282	-0.813972	19	9	5	685.099
1.308997	0.899350	-2.069907	97	16	10	685.059
0.785398	1.504028	0.636812	103	14	98	685.016
1.832596	0.733948	3.021411	21	106	4	684.976
0.523599	2.393226	1.857173	98	20	105	684.939
2.094395	0.618092	2.539118	104	19	93	684.899
1.047198	2.115563	0.685730	106	17	101	684.844
-2.617994	1.732874	-0.951685	20	105	6	684.781
-0.523599	2.153910	-1.714959	7	89	0	684.712
1.832596	1.184361	0.625864	106	12	92	684.704
-1.047198	2.760637	2.781135	12	101	90	684.635
1.308997	2.251330	-2.330739	101	10	92	684.595
0.000000	0.297065	2.160177	13	15	5	684.404
1.047198	0.685216	-1.712745	95	16	8	684.348
0.523599	2.349581	-2.702517	94	5	84	684.272
1.570796	0.992645	-1.723759	3	20	2	684.266
-0.785398	2.001437	0.381215	18	2	1	684.257
-1.047198	0.899350	-2.069907	19	9	12	684.098
0.785398	2.588535	-2.976617	12	91	9	684.057
-1.832596	1.413430	2.550734	11	98	104	684.026
-2.879793	2.153910	-1.714959	20	7	104	683.896
-2.094395	0.762244	-0.273349	17	6	2	683.835
-1.308997	0.960688	-0.577532	7	23	4	683.747
0.523599	1.367556	0.358405	103	6	89	683.695
-0.785398	2.478122	2.609777	106	2	84	683.668
2.879793	1.766067	2.153843	8	1	90	683.565
-0.523599	0.418037	1.360082	14	98	103	683.549
-0.261799	1.875281	0.107086	99	17	10	683.547
-0.261799	0.762244	-0.273349	21	8	3	683.412
-2.356194	0.831641	0.616218	16	10	5	683.410
-0.523599	1.242974	-2.977882	22	3	11	683.372
1.308997	2.187132	-0.479875	16	20	105	683.288
-2.617994	1.736875	3.023612	6	95	9	683.183
-3.141593	1.247695	1.809890	19	11	9	683.010
-2.094395	2.664082	-1.071402	18	6	105	682.969
1.308997	1.948085	-2.363031	99	4	85	682.906
1.570796	1.948085	-2.363031	103	9	91	682.826
-3.141593	2.299159	2.264663	22	103	9	682.723
-3.141593	2.396274	-1.959260	20	6	104	682.629
0.000000	1.809167	1.213774	96	14	100	682.574
-0.261799	1.699788	2.452890	15	11	2	682.563
0.523599	0.906588	1.252948	6	0	83	682.524
-0.523599	2.295480	1.008277	92	13	103	682.444
-0.523599	0.618092	2.539118	14	13	2	682.379
-2.356194	1.450119	-2.739050	16	107	98	682.333
-2.617994	1.025536	1.576859	95	17	94	682.154
-2.879793	0.496451	0.593859	16	4	2	682.090
1.570796	2.001437	0.381215	0	13	89	681.942
0.261799	1.658653	-2.409879	15	12	15	681.851
1.047198	1.977582	0.969896	104	92	16	681.737
1.308997	2.478122	2.609777	94	14	6	681.674
-0.785398	1.325504	-1.671296	8	89	0	681.660
0.785398	1.135834	-1.431087	16	16	8	681.548
-2.356194	1.872854	1.543456	104	95	15	681.534
-0.261799	2.478122	2.609777	5	90	12	681.408
-0.785398	1.335669	0.897240	14	13	8	681.310
-1.047198	0.864993	2.278281	16	7	1	681.166
2.094395	2.187132	-0.479875	18	14	104	681.158
2.617994	0.914445	2.687814	16	16	9	681.120
-1.047198	1.545873	-1.877082	15	8	103	681.083
-2.356194	0.297065	2.160177	87	10	104	681.079
-3.141593	2.592629	0.909713	18	12	11	680.753
-1.308997	0.618092	2.539118	20	102	10	680.628
-1.308997	1.218453	2.777284	6	95	95	680.451
0.785398	0.831641	0.616218	2	106	85	680.435
-1.832596	1.574060	2.783565	3	91	98	680.415
1.308997	0.290380	-0.796960	7	89	103	680.404
-1.308997	1.599406	1.426070	17	5	5	680.230
0.000000	2.115563	0.685730	19	9	2	680.090
-1.832596	2.138223	1.678323	16	102	95	680.088
2.617994	2.343981	-1.040456	1	93	10	680.048
1.047198	1.869911	2.701025	1	19	93	679.640
1.047198	0.203748	0.590255	12	104	91	679.581
0.261799	0.929350	-2.910676	106	16	106	679.535
2.879793	1.599406	1.426070	6	99	91	679.395
0.000000	1.683268	0.374177	92	14	106	679.384
-2.617994	2.187132	-0.479875	12	96	107	679.339
-3.141593	1.374601	-2.456031	13	96	0	679.228
-1.570796	2.001437	0.381215	15	14	16	679.189
1.570796	1.184361	0.625864	104	14	96	679.160
0.261799	1.766067	2.153843	2	16	105	679.074
-1.832596	1.310100	1.488307	14	103	103	679.059
-2.879793	2.984978	1.954446	93	85	6	678.913
-3.141593	1.050534	3.042579	101	10	90	678.908
-2.356194	1.242974	-2.977882	100	105	81	678.886
0.785398	1.699788	2.452890	22	17	1	678.784
-1.047198	1.683268	0.374177	17	8	5	678.757
0.523599	0.961715	0.014085	0	14	96	678.672
2.094395	2.089241	-0.114193	17	16	107	678.651
-2.879793	2.592629	0.909713	107	100	19	678.625
2.617994	1.909857	-0.381669	26	0	5	678.615
2.617994	2.724429	-0.348782	23	3	106	678.471
0.785398	0.929350	-2.910676	101	16	103	678.391
2.094395	1.242974	-2.977882	107	17	98	678.367
-1.308997	1.367556	0.358405	18	107	6	678.364
-1.832596	1.448123	-2.163292	6	92	12	678.352
-1.308997	1.510910	-0.740472	9	18	4	678.127
-1.047198	2.001437	0.381215	17	1	2	678.103
-2.356194	0.458961	-0.107937	3	103	90	678.095
-2.879793	0.899350	-2.069907	21	2	7	678.066
0.523599	0.571433	-1.188419	85	7	101	677.918
2.879793	0.203748	0.590255	5	92	13	677.847
0.785398	2.404280	-0.174044	96	11	93	677.561
0.523599	2.356369	3.005869	9	16	103	677.543
-0.523599	1.168678	2.108595	21	106	106	677.488
-2.356194	2.588535	-2.976617	18	99	4	677.327
-3.141593	1.658653	-2.409879	5	92	3	677.235
2.356194	0.866395	-2.492918	1	5	84	677.198
0.785398	2.349581	-2.702517	105	15	93	677.182
0.785398	1.433411	-1.035986	93	89	17	677.060
-3.141593	1.683268	0.374177	7	93	103	677.059
-1.832596	1.113094	-0.272241	18	15	5	676.899
1.047198	1.836682	-0.676006	95	84	12	676.897
1.570796	0.496451	0.593859	101	8	90	676.693
1.047198	0.496451	0.593859	7	0	89	676.663
-2.094395	1.504028	0.636812	11	105	92	676.588
-1.308997	0.458961	-0.107937	5	19	3	676.561
-2.617994	1.948085	-2.363031	15	17	14	676.501
-2.356194	2.393226	1.857173	11	96	96	676.497
2.879793	2.592629	0.909713	20	104	2	676.445
2.617994	0.864993	2.278281	25	107	14	676.400
-2.879793	0.762244	-0.273349	14	99	1	676.383
1.570796	2.187132	-0.479875	12	22	105	676.238
0.000000	1.824694	1.850876	97	3	88	676.202
2.617994	1.025536	1.576859	105	100	86	676.129
-1.832596	0.080730	-2.622036	9	0	92	676.116
2.879793	1.134796	2.434290	22	9	7	676.007
-1.047198	2.379497	0.561089	6	16	14	675.969
-2.617994	0.619654	-2.216909	20	4	8	675.870
-0.523599	1.766067	2.153843	15	9	3	675.733
-3.141593	0.899350	-2.069907	16	102	104	675.651
0.785398	1.948085	-2.363031	13	14	3	675.598
-2.617994	1.977582	0.969896	17	4	95	675.167
-0.261799	1.184361	0.625864	94	7	90	675.144
-2.094395	2.115563	0.685730	19	14	95	675.075
2.356194	1.683268	0.374177	21	107	104	674.918
-1.832596	1.417623	-0.202254	14	21	106	674.858
-1.308997	0.864993	2.278281	102	21	103	674.848
2.879793	1.488617	1.159546	19	14	3	674.819
-1.308997	1.606104	-0.451151	11	14	106	674.812
-2.879793	1.488617	1.159546	11	103	94	674.799
1.047198	2.719179	-1.780644	17	9	104	674.689
0.523599	1.440580	2.260026	24	13	105	674.688
-0.523599	1.977582	0.969896	4	17	8	674.660
-2.617994	1.433411	-1.035986	9	95	3	674.620
-3.141593	2.724429	-0.348782	23	11	106	674.510
-2.617994	1.417623	-0.202254	24	13	105	674.467
1.570796	2.115563	0.685730	10	93	6	674.467
0.000000	0.419640	2.974122	103	19	2	674.449
-2.356194	1.413430	2.550734	1	90	5	674.327
-1.308997	2.001437	0.381215	106	23	96	674.305
0.261799	0.571433	-1.188419	90	8	97	674.057
-0.785398	1.555207	1.708892	104	5	88	673.980
0.000000	2.153910	-1.714959	107	85	12	673.950
0.261799	2.455966	-0.641220	0	89	10	673.932
-2.617994	1.184361	0.625864	11	105	95	673.894
0.785398	1.391910	3.030322	3	16	98	673.814
-0.785398	0.831641	0.616218	17	14	5	673.780
0.523599	1.809167	1.213774	91	8	98	673.733
2.617994	1.606104	-0.451151	23	106	1	673.721
-2.356194	2.247462	0.191623	10	94	105	673.698
-3.141593	1.218453	2.777284	103	6	88	673.616
-2.094395	2.108018	1.311430	17	106	94	673.546
-1.308997	2.164094	-2.991358	15	15	1	673.452
-2.094395	2.073035	2.027405	15	99	9	673.405
0.261799	1.218453	2.777284	8	17	1	673.338
-0.785398	1.510910	-0.740472	101	12	93	673.291
-0.261799	1.574060	2.783565	16	11	10	673.272
-1.308997	0.379747	-1.713059	101	17	104	673.270
-1.570796	1.617114	-1.572037	16	7	103	673.225
0.785398	0.571433	-1.188419	84	2	99	673.194
1.308997	2.407836	1.410646	100	10	84	673.152
-1.832596	0.733948	3.021411	18	9	0	672.977
2.617994	2.041297	-2.664597	22	8	104	672.971
1.570796	1.448123	-2.163292	104	7	86	672.875
-1.308997	1.168678	2.108595	17	4	3	672.851
1.047198	2.153910	-1.714959	1	8	21	672.795
-1.047198	1.510910	-0.740472	10	13	107	672.682
-2.617994	1.214854	-1.966664	15	21	16	672.661
-0.785398	1.982574	-1.115518	107	89	10	672.544
0.785398	0.618092	2.539118	107	16	96	672.482
2.094395	1.450119	-2.739050	4	99	22	672.407
-3.141593	2.637879	2.121598	24	107	15	672.378
-1.308997	2.187132	-0.479875	8	21	105	672.219
-2.094395	2.379497	0.561089	18	8	14	672.213
2.617994	0.615174	-0.666022	23	3	4	672.210
0.523599	2.041297	-2.664597	14	14	17	672.156
0.523599	2.187132	-0.479875	96	9	91	672.136
0.000000	1.699788	2.452890	27	7	1	671.970
-0.261799	1.194549	-0.801900	101	18	4	671.711
-3.141593	2.174483	2.653697	95	97	13	671.511
-3.141593	1.506530	1.988858	22	10	10	671.374
-2.094395	1.982574	-1.115518	15	20	6	671.344
-1.308997	0.290380	-0.796960	17	11	10	671.271
0.000000	1.599406	1.426070	0	10	88	671.203
-1.047198	1.982574	-1.115518	104	90	11	671.175
-1.047198	1.195355	1.200319	13	98	103	671.018
-3.141593	1.872854	1.543456	19	5	4	670.986
0.261799	0.418037	1.360082	19	8	7	670.966
-1.832596	1.488617	1.159546	13	99	107	670.932
1.047198	1.413347	-1.339188	19	15	101	670.839
-0.785398	2.073035	2.027405	22	2	103	670.757
0.000000	1.741644	-2.695914	17	11	14	670.666
-0.523599	0.709924	0.218797	20	10	6	670.456
-2.879793	1.683268	0.374177	13	17	107	670.443
2.617994	1.977582	0.969896	20	10	107	670.316
0.785398	1.574060	2.783565	106	15	98	670.271
-2.879793	2.089241	-0.114193	25	7	105	670.207
-1.047198	1.836682	-0.676006	9	13	107	670.186
2.356194	1.510910	-0.740472	101	92	8	670.170
-3.141593	1.699788	2.452890	106	2	86	669.982
-2.356194	0.203748	0.590255	0	3	90	669.830
0.261799	2.456751	-1.503343	20	3	105	669.787
1.832596	1.195355	1.200319	107	93	17	669.778
0.523599	2.588535	-2.976617	106	17	96	669.562
-1.308997	2.343981	-1.040456	4	20	1	669.316
2.879793	1.510910	-0.740472	3	92	9	669.153
-0.523599	1.569311	-3.003978	20	3	12	668.970
0.785398	1.812176	0.656819	0	16	101	668.938
0.261799	1.113094	-0.272241	101	11	94	668.884
-2.879793	1.218453	2.777284	107	93	12	668.851
-1.047198	1.948085	-2.363031	8	93	5	668.606
-2.617994	2.104282	-0.813972	13	98	107	668.497
-1.832596	1.982574	-1.115518	14	14	0	668.432
-1.832596	2.164094	-2.991358	1	89	4	668.251
-1.047198	1.617114	-1.572037	14	9	104	668.244
-2.879793	1.113094	-0.272241	18	103	16	668.187
-1.832596	2.588535	-2.976617	22	1	7	668.167
0.785398	2.001437	0.381215	106	14	95	667.924
1.832596	1.875281	0.107086	2	14	88	667.865
-0.523599	0.615174	-0.666022	21	107	4	667.841
2.617994	0.700570	1.559208	1	105	87	667.337
2.094395	2.379497	0.561089	19	15	1	667.311
0.000000	1.662363	0.915448	97	13	101	667.230
1.047198	2.356369	3.005869	101	19	2	667.227
-1.832596	1.617114	-1.572037	17	12	5	667.159
2.617994	1.554776	0.100351	5	90	107	667.090
-1.308997	2.379497	0.561089	9	17	14	667.036
0.523599	2.073035	2.027405	101	18	103	666.812
0.785398	1.872854	1.543456	89	3	96	666.647
1.308997	1.301460	-0.509251	5	18	19	666.597
2.617994	2.587733	0.232235	12	19	105	666.454
2.879793	2.089241	-0.114193	23	2	105	666.276
-3.141593	2.343981	-1.040456	11	94	2	666.240
1.832596	1.128190	-2.288622	0	5	85	666.158
-0.785398	0.591903	2.010408	18	5	3	666.092
0.785398	1.168678	2.108595	107	14	93	666.042
2.356194	0.080730	-2.622036	88	11	0	666.018
1.047198	2.664082	-1.071402	12	20	105	665.973
-1.570796	1.982574	-1.115518	10	16	1	665.973
-2.617994	2.704512	1.488683	99	12	85	665.963
-2.094395	0.618092	2.539118	104	20	102	665.961
-0.523599	1.836682	-0.676006	102	11	91	665.928
0.523599	2.063651	-2.044600	20	7	9	665.876
0.785398	2.063651	-2.044600	12	15	0	665.847
0.785398	1.113094	-0.272241	106	15	96	665.758
0.000000	2.343981	-1.040456	0	90	12	665.709
-2.879793	0.709924	0.218797	16	105	2	665.624
-2.617994	1.488617	1.159546	17	11	6	665.377
-3.141593	1.214854	-1.966664	17	100	4	665.270
1.570796	1.869911	2.701025	91	10	101	665.233
0.261799	0.866955	-0.931351	18	11	107	665.121
2.094395	2.456751	-1.503343	3	91	12	664.960
-1.308997	2.349581	-2.702517	19	10	106	664.756
-1.832596	1.662363	0.915448	5	91	105	664.726
1.308997	2.863997	0.549740	16	97	6	664.491
1.832596	2.984978	1.954446	5	89	7	664.430
1.308997	2.396274	-1.959260	96	18	100	664.406
-0.261799	2.724429	-0.348782	8	90	8	664.349
1.832596	1.741644	-2.695914	2	6	86	664.291
0.785398	1.506530	1.988858	3	85	10	664.285
-2.617994	1.301460	-0.509251	24	0	6	664.009
2.094395	2.295480	1.008277	13	95	2	663.988
-2.094395	2.478122	2.609777	95	83	8	663.727
-0.785398	0.864993	2.278281	16	6	4	663.558
1.308997	1.721184	-0.153948	6	95	18	663.555
2.094395	0.899350	-2.069907	105	8	84	663.482
-2.094395	2.396274	-1.959260	10	90	103	663.457
-2.879793	1.766067	2.153843	9	1	90	663.403
-0.523599	2.180315	-1.357379	16	96	105	663.400
0.000000	2.379497	0.561089	21	5	2	663.371
0.785398	0.961715	0.014085	24	13	4	663.219
-0.785398	2.295480	1.008277	7	16	11	663.186
1.570796	2.724429	-0.348782	15	18	105	663.182
2.094395	1.574060	2.783565	0	15	92	663.181
-3.141593	0.591903	2.010408	15	15	15	663.176
2.356194	0.370812	-2.547742	6	90	8	663.167
-3.141593	0.961715	0.014085	18	102	13	663.060
-0.523599	1.948085	-2.363031	14	95	5	662.996
2.879793	1.325504	-1.671296	19	103	107	662.967
-3.141593	1.617114	-1.572037	14	96	3	662.649
-0.261799	0.864993	2.278281	4	105	88	662.559
-2.356194	2.033014	2.977192	9	96	12	662.419
-1.308997	2.664082	-1.071402	4	87	2	662.366
1.832596	1.948085	-2.363031	97	5	87	662.291
2.356194	1.301460	-0.509251	101	90	4	662.213
-2.879793	1.214854	-1.966664	16	105	102	662.195
-1.047198	1.310100	1.488307	16	103	102	662.097
-2.094395	1.450119	-2.739050	2	89	2	662.090
1.570796	1.025536	1.576859	0	89	14	662.063
-2.356194	0.850607	-1.335383	10	97	103	662.003
-1.047198	1.014500	0.906702	107	14	21	661.994
-1.832596	2.979456	-1.009304	20	9	4	661.980
2.094395	1.135813	-2.658866	4	4	86	661.893
-2.617994	0.961715	0.014085	19	1	6	661.860
0.523599	1.555207	1.708892	0	88	17	661.820
-2.094395	1.440580	2.260026	100	8	89	661.730
2.094395	2.979456	-1.009304	16	12	104	661.491
-0.785398	2.379497	0.561089	19	1	0	661.467
-3.141593	1.869911	2.701025	95	96	12	661.442
-0.785398	1.683268	0.374177	6	98	89	661.368
1.047198	0.618092	2.539118	24	13	4	661.288
-2.617994	2.760637	2.781135	20	102	7	661.258
-2.356194	0.418037	1.360082	14	14	18	661.243
1.308997	2.724429	-0.348782	16	19	107	661.183
0.523599	2.153910	-1.714959	21	5	12	661.095
-1.308997	1.413430	2.550734	18	0	9	661.057
2.879793	2.984978	1.954446	15	97	105	660.989
-0.523599	1.721184	-0.153948	21	7	8	660.887
-0.785398	0.458961	-0.107937	104	19	5	660.848
-2.617994	2.407836	1.410646	98	15	88	660.833
2.094395	2.664082	-1.071402	18	13	103	660.474
2.617994	0.370812	-2.547742	5	22	3	660.445
-2.094395	0.910508	1.903534	15	103	98	660.355
2.617994	0.910508	1.903534	104	15	85	660.213
-1.047198	1.045978	0.343692	18	4	5	660.089
-1.832596	2.073035	2.027405	17	100	106	660.032
-2.617994	2.164094	-2.991358	17	98	4	660.031
-1.570796	1.741644	-2.695914	4	105	87	659.936
-2.879793	1.325504	-1.671296	99	96	18	659.798
2.617994	1.014500	0.906702	17	99	7	659.783
2.879793	1.440580	2.260026	7	4	89	659.756
-0.785398	1.310100	1.488307	16	101	97	659.750
-1.047198	2.089241	-0.114193	9	17	103	659.640
0.261799	1.824694	1.850876	23	106	1	659.583
0.000000	1.569311	-3.003978	24	5	7	659.566
0.261799	2.295480	1.008277	95	14	6	659.521
-0.785398	2.979456	-1.009304	12	93	7	659.443
-2.617994	1.014500	0.906702	6	107	91	659.366
-0.785398	2.984978	1.954446	101	17	101	659.359
-1.047198	1.184361	0.625864	97	10	19	659.048
1.047198	1.658653	-2.409879	101	0	81	659.004
1.570796	0.203748	0.590255	104	8	90	658.992
0.261799	2.587733	0.232235	2	90	11	658.952
-1.832596	2.478122	2.609777	15	14	2	658.948
-2.617994	2.001437	0.381215	20	5	15	658.931
-1.570796	0.929350	-2.910676	16	9	3	658.876
-0.523599	0.960688	-0.577532	20	1	2	658.871
-2.356194	0.762244	-0.273349	20	4	10	658.733
1.570796	1.506530	1.988858	91	104	88	658.648
0.785398	2.455966	-0.641220	20	104	15	658.641
-0.785398	1.168678	2.108595	18	106	104	658.617
-2.879793	0.866395	-2.492918	15	101	105	658.517
-2.879793	2.343981	-1.040456	103	91	13	658.465
1.308997	2.979456	-1.009304	18	7	105	658.385
-0.261799	2.664082	-1.071402	9	91	1	658.211
-0.523599	1.448123	-2.163292	19	107	20	658.197
-2.356194	1.545873	-1.877082	10	96	105	658.015
-1.570796	1.218453	2.777284	4	94	94	657.998
-1.832596	0.619654	-2.216909	19	9	7	657.971
0.000000	1.510910	-0.740472	100	16	0	657.949
0.000000	1.195355	1.200319	105	8	94	657.858
-2.879793	1.417623	-0.202254	25	9	105	657.831
-1.832596	0.640596	-2.797608	22	0	15	657.723
2.617994	2.247462	0.191623	16	16	105	657.715
-1.570796	1.836682	-0.676006	11	21	1	657.678
2.617994	0.419640	2.974122	94	11	96	657.660
0.785398	1.555207	1.708892	95	0	89	657.467
-1.570796	1.025536	1.576859	11	93	5	657.369
0.261799	1.875281	0.107086	90	12	2	657.308
-0.785398	2.108018	1.311430	11	15	11	657.188
1.832596	1.448123	-2.163292	102	9	88	657.047
-1.570796	1.809167	1.213774	20	10	104	656.901
-1.832596	1.135813	-2.658866	12	106	96	656.842
2.617994	0.618092	2.539118	17	14	13	656.674
-0.785398	2.349581	-2.702517	12	16	106	656.655
1.308997	1.869911	2.701025	18	16	1	656.362
1.570796	1.504028	0.636812	5	94	13	656.350
0.261799	1.025536	1.576859	22	3	22	656.239
-1.308997	1.134796	2.434290	17	0	7	656.235
-2.617994	1.998705	2.370472	4	90	3	656.059
1.832596	0.618092	2.539118	19	9	4	655.969
-1.832596	1.195355	1.200319	8	20	103	655.888
1.308997	2.379497	0.561089	8	92	5	655.765
1.047198	0.619654	-2.216909	96	13	104	655.699
-1.308997	0.914445	2.687814	5	94	94	655.492
0.261799	2.724429	-0.348782	6	91	2	655.384
-3.141593	1.045978	0.343692	22	106	105	655.344
-1.570796	2.356369	3.005869	15	99	13	655.235
-2.879793	2.664082	-1.071402	18	105	98	655.078
-0.261799	1.135834	-1.431087	92	10	100	655.060
1.308997	2.592629	0.909713	9	91	6	654.961
1.832596	1.658653	-2.409879	101	5	86	654.946
-0.785398	1.875281	0.107086	20	0	4	654.943
-3.141593	2.704512	1.488683	100	92	11	654.927
1.832596	1.335669	0.897240	105	98	22	654.871
-0.261799	2.407836	1.410646	95	15	103	654.809
1.047198	0.899350	-2.069907	91	11	107	654.673
1.308997	2.356369	3.005869	101	18	13	654.646
2.879793	1.050534	3.042579	106	11	92	654.617
0.000000	0.618092	2.539118	107	19	4	654.555
0.785398	0.203748	0.590255	18	101	105	654.420
0.785398	1.440580	2.260026	21	16	105	654.382
0.785398	1.741644	-2.695914	8	17	99	654.316
-0.261799	1.555207	1.708892	23	3	102	654.250
1.047198	0.906588	1.252948	104	12	94	654.213
2.617994	1.335669	0.897240	21	6	102	654.109
2.879793	2.153910	-1.714959	18	106	98	654.060
2.617994	1.506530	1.988858	14	100	99	653.998
0.523599	0.290380	-0.796960	88	4	98	653.935
1.047198	1.766067	2.153843	19	16	106	653.926
-1.832596	1.904882	-1.478089	13	17	7	653.916
-2.094395	1.374601	-2.456031	13	101	101	653.907
-1.570796	1.134497	-1.109631	16	17	11	653.808
-1.308997	1.824694	1.850876	18	4	5	653.805
-2.356194	1.510910	-0.740472	18	107	4	653.716
-2.356194	1.683268	0.374177	20	13	96	653.686
-1.832596	1.998705	2.370472	16	101	7	653.595
-2.094395	1.025536	1.576859	92	12	94	653.561
2.356194	1.948085	-2.363031	3	95	15	653.527
1.308997	1.214854	-1.966664	24	8	3	653.404
-1.047198	0.419640	2.974122	0	85	11	653.391
2.879793	1.982574	-1.115518	99	91	10	653.309
2.617994	1.367556	0.358405	12	94	2	653.189
-1.308997	0.640596	-2.797608	19	7	8	653.172
-1.308997	1.014500	0.906702	1	15	20	653.139
-1.570796	1.113094	-0.272241	14	17	5	653.114
2.356194	0.618092	2.539118	19	12	13	653.098
1.047198	2.455966	-0.641220	16	19	104	653.083
-1.308997	1.554776	0.100351	10	18	104	653.054
1.570796	0.864993	2.278281	10	88	14	652.964
-2.356194	0.379747	-1.713059	12	107	94	652.878
2.879793	1.310100	1.488307	17	106	0	652.751
-0.785398	0.297065	2.160177	104	19	98	652.750
1.570796	1.134796	2.434290	13	88	10	652.664
-2.617994	1.662363	0.915448	14	102	96	652.636
-0.261799	1.732874	-0.951685	23	1	99	652.589
-2.617994	0.591903	2.010408	24	6	11	652.424
-2.879793	2.455966	-0.641220	12	95	2	652.372
-1.832596	0.960688	-0.577532	14	24	4	652.346
2.617994	2.881233	-2.582574	3	7	21	652.314
2.879793	1.025536	1.576859	7	106	90	652.228
2.617994	1.809167	1.213774	21	9	1	652.017
2.879793	0.418037	1.360082	106	105	87	651.815
2.879793	2.295480	1.008277	19	14	107	651.793
-1.047198	0.700570	1.559208	16	98	4	651.676
-1.832596	1.301460	-0.509251	20	2	11	651.665
-1.832596	1.836682	-0.676006	15	20	1	651.612
1.570796	0.618092	2.539118	19	13	7	651.566
-0.523599	2.299159	2.264663	25	3	103	651.412
1.570796	0.419640	2.974122	20	101	8	651.191
-0.785398	1.113094	-0.272241	20	1	0	651.065
0.000000	2.456751	-1.503343	23	3	1	651.005
1.308997	1.696674	-1.253233	18	15	100	650.773
2.356194	1.135813	-2.658866	5	3	83	650.594
-2.356194	1.218453	2.777284	10	95	0	650.530
-2.094395	2.174483	2.653697	20	11	6	650.482
1.570796	1.683268	0.374177	3	5	27	650.456
1.832596	0.960688	-0.577532	10	97	91	650.410
-1.047198	2.164094	-2.991358	10	19	0	650.405
2.356194	1.014500	0.906702	3	94	18	650.313
1.832596	1.555207	1.708892	4	22	102	650.277
-2.356194	1.721184	-0.153948	14	101	2	650.226
2.879793	1.194549	-0.801900	23	3	4	650.126
-2.617994	2.251330	-2.330739	16	18	12	650.086
0.000000	1.872854	1.543456	1	14	90	650.036
-0.261799	2.001437	0.381215	96	16	6	650.006
0.000000	1.367556	0.358405	106	14	101	649.664
-0.261799	2.174483	2.653697	25	3	0	649.596
-1.047198	2.719179	-1.780644	16	97	105	649.513
-2.617994	2.455966	-0.641220	13	96	2	649.229
-0.523599	0.929350	-2.910676	13	98	98	649.191
2.617994	1.982574	-1.115518	104	19	93	649.131
-1.570796	2.115563	0.685730	15	15	13	649.121
2.094395	1.617114	-1.572037	15	93	4	649.091
2.617994	1.247695	1.809890	19	14	5	649.009
-1.047198	1.134796	2.434290	1	97	89	649.005
2.617994	1.310100	1.488307	9	92	15	648.872
-2.356194	1.662363	0.915448	0	90	9	648.676
-2.617994	1.683268	0.374177	21	8	97	648.612
-2.356194	2.984978	1.954446	104	12	85	648.581
1.308997	1.846342	-1.796954	101	18	98	648.531
0.523599	2.164094	-2.991358	88	1	86	648.503
-1.047198	0.674054	1.013609	93	8	92	648.383
1.308997	2.033014	2.977192	4	17	95	648.150
-2.879793	1.440580	2.260026	99	98	87	648.102
0.261799	1.869911	2.701025	7	17	106	648.035
-2.879793	1.982574	-1.115518	23	10	7	648.031
2.356194	1.310100	1.488307	17	106	101	648.016
0.523599	2.456751	-1.503343	19	5	105	647.990
-2.356194	1.696674	-1.253233	20	15	9	647.910
0.261799	2.108018	1.311430	91	11	101	647.790
0.523599	2.407836	1.410646	89	9	105	647.723
-1.047198	1.367556	0.358405	17	7	4	647.580
-1.570796	0.700570	1.559208	87	8	98	647.539
-2.356194	2.174483	2.653697	106	88	3	647.531
-2.094395	1.247695	1.809890	4	90	3	647.504
2.617994	0.929350	-2.910676	8	3	86	647.480
0.785398	2.979456	-1.009304	18	17	3	647.358
-0.523599	1.184361	0.625864	14	101	96	647.356
-2.879793	2.719179	-1.780644	4	5	22	647.310
1.308997	2.760637	2.781135	18	19	4	647.283
-2.879793	2.104282	-0.813972	12	96	107	647.277
-0.785398	0.674054	1.013609	13	20	2	647.248
2.879793	2.115563	0.685730	1	87	101	647.111
-2.617994	1.504028	0.636812	17	107	97	647.020
-1.047198	1.599406	1.426070	15	11	8	646.935
2.617994	2.979456	-1.009304	106	90	6	646.911
-2.879793	1.367556	0.358405	22	8	96	646.908
1.832596	2.704512	1.488683	14	22	102	646.839
0.523599	2.587733	0.232235	3	90	6	646.813
1.570796	2.456751	-1.503343	18	13	104	646.780
1.832596	2.153910	-1.714959	23	15	4	646.755
-2.094395	1.510910	-0.740472	17	8	102	646.747
-2.094395	0.379747	-1.713059	106	5	87	646.710
-2.617994	0.929350	-2.910676	15	101	107	646.650
1.832596	2.187132	-0.479875	19	13	104	646.542
-3.141593	2.455966	-0.641220	25	8	3	646.427
-2.617994	1.870545	-2.976234	103	14	88	646.388
-2.094395	0.458961	-0.107937	15	9	3	646.364
-2.094395	1.977582	0.969896	21	6	102	646.303
-2.356194	2.592629	0.909713	19	7	100	646.285
-2.617994	2.089241	-0.114193	5	93	7	646.215
-0.261799	1.325504	-1.671296	14	11	17	646.145
-2.879793	1.699788	2.452890	6	1	89	646.136
0.785398	1.982574	-1.115518	4	3	24	646.055
0.261799	2.073035	2.027405	99	6	89	646.035
0.523599	0.618092	2.539118	98	9	95	646.016
2.356194	1.450119	-2.739050	23	7	0	645.895
0.523599	1.812176	0.656819	86	5	104	645.765
-2.356194	1.699788	2.452890	1	89	2	645.582
-2.879793	2.033014	2.977192	4	95	12	645.577
2.617994	1.824694	1.850876	17	103	100	645.534
-3.141593	1.545873	-1.877082	15	97	9	645.451
-0.523599	0.297065	2.160177	16	11	6	645.412
-0.785398	1.488617	1.159546	13	14	9	645.200
-2.879793	1.741644	-2.695914	107	94	10	645.180
-2.094395	2.456751	-1.503343	6	89	5	645.172
-0.785398	1.812176	0.656819	9	16	10	645.043
-1.570796	1.872854	1.543456	16	104	97	645.019
0.785398	2.704512	1.488683	22	13	101	644.933
1.308997	1.242974	-2.977882	4	16	96	644.871
-0.261799	1.721184	-0.153948	103	18	9	644.844
0.523599	0.831641	0.616218	107	104	84	644.742
-2.356194	1.555207	1.708892	8	94	4	644.704
1.308997	2.041297	-2.664597	24	6	1	644.636
2.094395	1.335669	0.897240	107	99	24	644.601
0.000000	2.478122	2.609777	88	6	96	644.485
0.261799	0.910508	1.903534	4	2	87	644.444
1.570796	0.370812	-2.547742	95	6	93	644.432
0.523599	1.824694	1.850876	96	7	92	644.078
1.832596	2.174483	2.653697	94	18	92	643.953
1.308997	1.335669	0.897240	104	17	102	643.863
2.356194	2.174483	2.653697	95	17	94	643.776
-1.832596	1.025536	1.576859	90	10	94	643.765
-2.879793	0.864993	2.278281	11	19	10	643.637
2.879793	1.824694	1.850876	21	1	1	643.497
-0.523599	2.579248	-2.364801	15	105	21	643.406
0.785398	1.809167	1.213774	90	5	99	643.399
0.523599	1.569311	-3.003978	4	19	8	643.391
0.261799	1.683268	0.374177	96	10	91	643.383
0.785398	2.478122	2.609777	101	19	4	643.305
-2.617994	1.247695	1.809890	16	16	10	643.299
1.047198	1.696674	-1.253233	20	13	100	643.219
1.047198	1.756530	-2.105156	8	17	105	643.215
-0.785398	1.756530	-2.105156	11	94	8	642.881
0.000000	1.247695	1.809890	20	107	23	642.841
-1.047198	0.640596	-2.797608	15	101	99	642.777
2.617994	1.440580	2.260026	13	99	96	642.735
1.308997	2.089241	-0.114193	5	95	17	642.672
-1.570796	2.719179	-1.780644	15	93	1	642.671
-1.308997	2.456751	-1.503343	10	90	102	642.632
-1.308997	2.356369	3.005869	13	19	4	642.536
1.308997	2.153910	-1.714959	5	19	5	642.480
1.308997	2.588535	-2.976617	19	19	4	642.431
2.879793	0.910508	1.903534	21	8	13	642.380
-2.879793	2.724429	-0.348782	9	93	9	642.372
-1.308997	1.948085	-2.363031	4	90	16	642.312
2.094395	1.448123	-2.163292	95	7	88	642.168
-0.261799	0.418037	1.360082	17	100	102	642.049
-0.523599	1.909857	-0.381669	103	10	89	641.995
2.356194	1.413430	2.550734	25	1	8	641.947
-1.832596	1.440580	2.260026	99	9	91	641.770
-2.879793	1.301460	-0.509251	18	99	1	641.736
-1.570796	2.104282	-0.813972	15	10	3	641.635
2.094395	1.658653	-2.409879	3	7	85	641.520
-1.047198	1.335669	0.897240	8	92	100	641.475
-2.094395	0.297065	2.160177	86	7	104	641.442
1.570796	1.214854	-1.966664	99	6	86	641.431
-0.261799	1.872854	1.543456	5	17	7	641.348
0.000000	2.033014	2.977192	15	13	2	641.280
0.523599	2.104282	-0.813972	22	13	101	641.273
-2.879793	2.174483	2.653697	98	93	8	641.190
-3.141593	2.979456	-1.009304	16	96	2	641.111
-0.261799	1.766067	2.153843	11	13	5	640.955
0.785398	1.050534	3.042579	9	96	94	640.941
0.261799	2.180315	-1.357379	86	0	99	640.905
0.523599	1.875281	0.107086	106	13	95	640.855
0.000000	0.850607	-1.335383	90	8	98	640.804
0.523599	1.756530	-2.105156	20	14	6	640.726
-1.570796	1.440580	2.260026	13	104	106	640.577
-0.261799	0.914445	2.687814	9	15	4	640.568
0.785398	1.184361	0.625864	22	11	8	640.537
2.617994	1.545873	-1.877082	12	94	0	640.521
0.523599	1.662363	0.915448	89	6	99	640.487
0.785398	2.104282	-0.813972	4	105	24	640.465
0.261799	1.134796	2.434290	25	10	107	640.401
-0.261799	2.247462	0.191623	14	13	0	640.396
-2.879793	1.310100	1.488307	6	105	89	640.293
0.523599	1.606104	-0.451151	87	89	10	640.245
-2.617994	2.719179	-1.780644	4	5	22	640.235
0.261799	2.063651	-2.044600	21	4	4	640.181
-1.832596	2.379497	0.561089	21	11	100	639.859
-0.785398	1.872854	1.543456	14	13	10	639.842
-2.356194	1.310100	1.488307	96	14	92	639.772
1.047198	0.866955	-0.931351	2	15	91	639.696
-1.832596	1.977582	0.969896	8	92	1	639.606
0.000000	1.904882	-1.478089	18	100	99	639.590
0.523599	0.850607	-1.335383	20	13	9	639.460
0.261799	1.310100	1.488307	98	7	92	639.389
-1.047198	1.555207	1.708892	18	4	0	639.173
2.879793	1.756530	-2.105156	22	9	105	639.083
-1.570796	1.812176	0.656819	18	107	104	638.952
2.356194	1.555207	1.708892	14	101	100	638.948
0.785398	0.290380	-0.796960	87	3	101	638.918
2.879793	0.618092	2.539118	23	7	9	638.633
-1.047198	2.979456	-1.009304	7	89	4	638.585
1.570796	0.297065	2.160177	9	91	10	638.505
2.617994	2.637879	2.121598	10	23	105	638.453
0.785398	0.418037	1.360082	103	10	93	638.429
-2.094395	1.809167	1.213774	1	92	12	638.354
-1.832596	2.295480	1.008277	8	92	4	638.329
-0.261799	1.247695	1.809890	0	2	88	638.320
-1.570796	1.488617	1.159546	14	99	104	638.292
0.523599	2.579248	-2.364801	15	12	103	638.278
-2.356194	2.063651	-2.044600	0	101	19	638.141
0.261799	1.599406	1.426070	1	88	18	638.067
1.047198	2.760637	2.781135	0	17	91	638.029
2.356194	1.374601	-2.456031	105	94	19	638.017
0.523599	1.574060	2.783565	1	17	97	637.918
-2.094395	1.662363	0.915448	3	90	105	637.808
2.094395	1.325504	-1.671296	100	19	5	637.721
2.356194	1.247695	1.809890	18	101	1	637.685
-0.785398	1.846342	-1.796954	4	89	2	637.684
2.617994	2.187132	-0.479875	2	89	4	637.673
0.523599	1.195355	1.200319	24	4	18	637.470
1.308997	0.866395	-2.492918	2	106	86	637.332
0.000000	1.555207	1.708892	21	99	2	637.206
1.570796	1.741644	-2.695914	0	7	89	637.174
2.356194	2.704512	1.488683	93	89	106	637.093
2.356194	1.870545	-2.976234	98	90	4	636.847
2.617994	2.073035	2.027405	91	93	96	636.641
-3.141593	1.367556	0.358405	18	103	14	636.501
-2.356194	2.251330	-2.330739	12	19	12	636.472
-1.832596	1.168678	2.108595	7	92	103	636.461
1.570796	2.393226	1.857173	101	14	86	636.378
0.523599	0.733948	3.021411	106	17	101	636.338
2.356194	1.875281	0.107086	4	89	11	636.293
2.094395	0.709924	0.218797	107	6	89	636.146
-2.356194	2.881233	-2.582574	6	22	103	636.144
0.261799	2.404280	-0.174044	100	6	85	636.133
1.832596	2.881233	-2.582574	18	97	5	636.108
-0.523599	0.496451	0.593859	89	6	97	636.051
-2.617994	1.846342	-1.796954	20	8	103	636.018
-0.523599	1.846342	-1.796954	12	98	94	636.014
1.570796	1.554776	0.100351	0	3	85	635.969
2.356194	2.180315	-1.357379	23	14	4	635.945
0.000000	1.134497	-1.109631	107	5	87	635.778
-1.832596	2.356369	3.005869	20	9	4	635.642
0.261799	0.831641	0.616218	101	11	94	635.567
-2.094395	0.960688	-0.577532	18	21	4	635.559
-1.570796	0.618092	2.539118	17	97	10	635.503
-2.094395	1.606104	-0.451151	20	6	6	635.462
-0.261799	1.168678	2.108595	17	107	25	635.461
1.570796	2.863997	0.549740	19	99	5	635.312
1.832596	0.203748	0.590255	101	9	91	635.177
1.047198	1.948085	-2.363031	13	17	14	635.102
-3.141593	2.664082	-1.071402	84	6	107	635.003
-0.261799	1.662363	0.915448	101	16	101	634.961
2.356194	0.709924	0.218797	104	12	93	634.869
1.308997	1.998705	2.370472	92	8	97	634.710
2.356194	0.290380	-0.796960	12	103	93	634.644
0.261799	1.504028	0.636812	101	9	89	634.630
0.523599	1.025536	1.576859	103	12	98	634.601
0.523599	0.419640	2.974122	104	3	87	634.590
2.617994	1.301460	-0.509251	24	106	1	634.552
-1.308997	0.674054	1.013609	4	16	20	634.549
1.308997	2.299159	2.264663	90	3	94	634.532
2.356194	1.194549	-0.801900	98	91	3	634.445
1.832596	1.413430	2.550734	13	8	27	634.440
0.785398	1.766067	2.153843	99	15	97	634.354
1.832596	2.247462	0.191623	5	91	12	634.292
-2.356194	2.379497	0.561089	20	12	99	634.148
-1.832596	2.863997	0.549740	101	16	95	634.039
2.879793	0.640596	-2.797608	106	19	105	633.910
0.000000	1.440580	2.260026	26	5	105	633.851
1.570796	2.396274	-1.959260	92	16	100	633.637
2.094395	0.591903	2.010408	107	0	87	633.580
-2.617994	1.218453	2.777284	103	22	103	633.500
0.000000	2.407836	1.410646	93	13	103	633.456
1.832596	0.864993	2.278281	8	89	101	633.428
1.308997	1.134796	2.434290	9	87	10	633.424
-3.141593	1.982574	-1.115518	104	17	88	633.412
1.308997	1.168678	2.108595	6	88	15	633.331
2.879793	0.914445	2.687814	14	18	9	633.248
0.000000	2.579248	-2.364801	18	3	106	633.207
2.356194	0.831641	0.616218	104	96	19	633.090
-0.261799	2.637879	2.121598	12	15	13	633.042
-3.141593	1.809167	1.213774	19	14	2	633.042
2.617994	1.195355	1.200319	19	1	103	633.025
1.047198	1.374601	-2.456031	105	105	82	632.942
-2.617994	1.440580	2.260026	8	93	2	632.896
-2.879793	1.050534	3.042579	1	93	13	632.875
-3.141593	2.407836	1.410646	102	87	2	632.875
1.570796	0.733948	3.021411	106	21	98	632.859
-3.141593	2.760637	2.781135	7	22	105	632.789
0.523599	1.510910	-0.740472	90	89	13	632.787
1.047198	2.108018	1.311430	100	91	14	632.574
-0.523599	1.662363	0.915448	5	17	6	632.555
-1.832596	1.374601	-2.456031	10	95	12	632.534
-1.832596	2.592629	0.909713	18	15	98	632.480
-1.308997	1.195355	1.200319	7	91	103	632.417
-0.785398	1.194549	-0.801900	99	11	93	632.388
-0.261799	1.310100	1.488307	101	4	89	632.344
2.094395	0.370812	-2.547742	90	14	2	632.259
1.308997	1.450119	-2.739050	4	17	98	632.230
-2.879793	0.992645	-1.723759	21	6	7	632.148
-1.047198	1.658653	-2.409879	10	93	4	632.146
1.047198	1.741644	-2.695914	5	17	100	632.043
-1.308997	0.910508	1.903534	105	22	4	632.000
-2.617994	1.113094	-0.272241	23	1	4	631.880
-2.356194	1.812176	0.656819	106	90	10	631.875
-2.617994	2.724429	-0.348782	7	91	104	631.786
1.570796	1.658653	-2.409879	101	4	85	631.725
1.832596	1.545873	-1.877082	8	89	9	631.694
1.047198	1.301460	-0.509251	8	17	19	631.659
-2.879793	2.073035	2.027405	7	0	88	631.651
1.308997	2.138223	1.678323	7	22	106	631.605
1.047198	1.809167	1.213774	88	2	101	631.589
-0.523599	2.187132	-0.479875	100	9	88	631.374
2.617994	1.756530	-2.105156	91	6	92	631.366
-0.261799	2.164094	-2.991358	23	104	6	631.281
1.047198	2.349581	-2.702517	103	11	92	631.214
-2.356194	2.587733	0.232235	97	18	4	631.156
-3.141593	1.909857	-0.381669	26	5	0	630.993
-0.261799	2.138223	1.678323	23	9	99	630.989
-3.141593	0.709924	0.218797	14	100	0	630.833
-2.879793	1.617114	-1.572037	21	1	6	630.753
0.261799	2.164094	-2.991358	90	4	86	630.637
2.617994	0.960688	-0.577532	1	4	87	630.427
2.617994	1.134796	2.434290	22	7	8	630.246
-2.356194	0.080730	-2.622036	22	1	11	630.183
1.570796	2.299159	2.264663	25	11	14	630.168
-2.879793	1.662363	0.915448	106	93	15	630.071
-2.617994	2.592629	0.909713	18	5	100	629.974
0.000000	1.168678	2.108595	18	1	25	629.902
-2.356194	2.704512	1.488683	17	105	99	629.871
-2.879793	1.391910	3.030322	5	93	6	629.775
-3.141593	2.073035	2.027405	20	1	102	629.555
-0.261799	2.343981	-1.040456	106	90	11	629.554
2.094395	0.733948	3.021411	19	13	11	629.499
1.308997	0.674054	1.013609	105	10	93	629.346
-3.141593	1.662363	0.915448	6	93	95	629.299
-3.141593	1.721184	-0.153948	11	96	4	629.294
1.047198	1.325504	-1.671296	9	17	0	629.156
1.832596	1.025536	1.576859	4	89	14	629.137
1.570796	1.168678	2.108595	4	90	97	629.134
-2.617994	2.396274	-1.959260	1	0	22	629.088
1.308997	1.014500	0.906702	0	11	92	629.076
2.356194	0.379747	-1.713059	15	98	104	628.957
0.000000	2.063651	-2.044600	21	0	5	628.948
1.832596	2.379497	0.561089	21	12	1	628.938
-0.261799	1.824694	1.850876	9	14	5	628.823
1.832596	1.506530	1.988858	14	15	23	628.814
